  {
    "TimeCreated": "2026-07-19T00:48:07.828Z",
    "EventID": 7040,
    "Source": "Service Control Manager",
    "Computer": "WS-PC02",
    "EventData": {
      "NewProcessName": "C:\\Windows\\System32\\psexesvc.exe",
      "CommandLine": "psexec \\\\SRV-APP01 cmd.exe",
      "SubjectUserName": "mchen"
    },
    "agent": {
      "id": "003",
      "name": "hydro",
      "ip": "172.168.0.104"
    },
    "rule": {
      "id": 7040,
      "level": 12,
      "description": "PsExec remote service execution detected."
    }
  },
  {
    "TimeCreated": "2026-07-12T00:48:33.043Z",
    "EventID": 5156,
    "Source": "Microsoft-Windows-Security-Auditing",
    "Computer": "DB-SVR01",
    "EventData": {
      "Application": "\\device\\harddiskvolume2\\inetpub\\wwwroot\\app.exe",
      "Direction": "Inbound",
      "SourceAddress": "10.0.1.20",
      "DestPort": "443"
    },
    "agent": {
      "id": "004",
      "name": "atlas",
      "ip": "172.168.0.105"
    },
    "rule": {
      "id": 5156,
      "level": 2,
      "description": "Windows Filtering Platform permitted a connection."
    }
  },
  {
    "TimeCreated": "2026-07-12T00:50:36.281Z",
    "EventID": 5001,
    "Source": "Microsoft-Windows-Windows Defender/Operational",
    "Computer": "WS-PC04",
    "EventData": {
      "SubjectUserName": "svc_deploy",
      "CommandLine": "Set-MpPreference -DisableRealtimeMonitoring $true"
    },
    "agent": {
      "id": "005",
      "name": "mercury",
      "ip": "172.168.0.106"
    },
    "rule": {
      "id": 5001,
      "level": 10,
      "description": "Windows Defender tamper attempt detected."
    }
  },
  {
    "TimeCreated": "2026-07-16T00:51:59.742Z",
    "EventID": 4624,
    "Source": "Microsoft-Windows-Security-Auditing",
    "Computer": "WS-PC02",
    "EventData": {
      "TargetUserName": "svc_backup",
      "TargetDomainName": "CORP",
      "IpAddress": "198.51.100.77",
      "LogonType": 3
    },
    "agent": {
      "id": "005",
      "name": "mercury",
      "ip": "172.168.0.106"
    },
    "rule": {
      "id": 4624,
      "level": 3,
      "description": "Successful logon."
    }
  },
  {
    "TimeCreated": "2026-07-04T00:53:04.735Z",
    "EventID": 1003,
    "Source": "Microsoft-Windows-Sysmon",
    "Computer": "WS-PC02",
    "EventData": {
      "SubjectUserName": "jdoe",
      "ObjectName": "\\REGISTRY\\MACHINE\\SAM"
    },
    "agent": {
      "id": "004",
      "name": "atlas",
      "ip": "172.168.0.105"
    },
    "rule": {
      "id": 1003,
      "level": 13,
      "description": "SAM hive access consistent with credential dumping."
    }
  },
  {
    "TimeCreated": "2026-07-13T00:55:26.441Z",
    "EventID": 4634,
    "Source": "Microsoft-Windows-Security-Auditing",
    "Computer": "DC-01",
    "EventData": {
      "TargetUserName": "helpdesk",
      "LogonType": 2
    },
    "agent": {
      "id": "003",
      "name": "hydro",
      "ip": "172.168.0.104"
    },
    "rule": {
      "id": 4634,
      "level": 3,
      "description": "Logoff."
    }
  },
  {
    "TimeCreated": "2026-07-11T00:55:33.188Z",
    "EventID": 61020,
    "Source": "Microsoft-Windows-DotNETRuntime",
    "Computer": "WS-PC04",
    "EventData": {
      "SubjectUserName": "SYSTEM",
      "Image": "C:\\Windows\\System32\\svchost.exe",
      "CommandLine": "svchost.exe -k netsvcs -p"
    },
    "agent": {
      "id": "003",
      "name": "hydro",
      "ip": "172.168.0.104"
    },
    "rule": {
      "id": 61020,
      "level": 5,
      "description": ".NET Runtime - CLR 2.0 does not support profilers written for CLR 1.x."
    }
  },
  {
    "TimeCreated": "2026-07-02T00:58:01.642Z",
    "EventID": 61020,
    "Source": "Microsoft-Windows-DotNETRuntime",
    "Computer": "FILE-SVR01",
    "EventData": {
      "SubjectUserName": "SYSTEM",
      "Image": "C:\\Windows\\System32\\svchost.exe",
      "CommandLine": "svchost.exe -k netsvcs -p"
    },
    "agent": {
      "id": "005",
      "name": "mercury",
      "ip": "172.168.0.106"
    },
    "rule": {
      "id": 61020,
      "level": 5,
      "description": ".NET Runtime - CLR 2.0 does not support profilers written for CLR 1.x."
    }
  },
  {
    "TimeCreated": "2026-07-12T00:58:53.139Z",
    "EventID": 4672,
    "Source": "Microsoft-Windows-Security-Auditing",
    "Computer": "WS-PC04",
    "EventData": {
      "SubjectUserName": "SYSTEM",
      "PrivilegeList": "SeBackupPrivilege"
    },
    "agent": {
      "id": "005",
      "name": "mercury",
      "ip": "172.168.0.106"
    },
    "rule": {
      "id": 4672,
      "level": 3,
      "description": "Special privileges assigned to new logon."
    }
  },
  {
    "TimeCreated": "2026-07-17T01:00:30.096Z",
    "EventID": 61020,
    "Source": "Microsoft-Windows-DotNETRuntime",
    "Computer": "WS-PC04",
    "EventData": {
      "SubjectUserName": "SYSTEM",
      "Image": "C:\\Windows\\System32\\svchost.exe",
      "CommandLine": "svchost.exe -k netsvcs -p"
    },
    "agent": {
      "id": "003",
      "name": "hydro",
      "ip": "172.168.0.104"
    },
    "rule": {
      "id": 61020,
      "level": 5,
      "description": ".NET Runtime - CLR 2.0 does not support profilers written for CLR 1.x."
    }
  },
  {
    "TimeCreated": "2026-07-18T01:02:19.838Z",
    "EventID": 5156,
    "Source": "Microsoft-Windows-Security-Auditing",
    "Computer": "WS-PC01",
    "EventData": {
      "Application": "\\device\\harddiskvolume2\\inetpub\\wwwroot\\app.exe",
      "Direction": "Inbound",
      "SourceAddress": "198.51.100.77",
      "DestPort": "443"
    },
    "agent": {
      "id": "005",
      "name": "mercury",
      "ip": "172.168.0.106"
    },
    "rule": {
      "id": 5156,
      "level": 2,
      "description": "Windows Filtering Platform permitted a connection."
    }
  },
  {
    "TimeCreated": "2026-07-05T01:02:58.549Z",
    "EventID": 4104,
    "Source": "Microsoft-Windows-PowerShell/Operational",
    "Computer": "WS-PC04",
    "EventData": {
      "Image": "C:\\Windows\\System32\\WindowsPowerShell\\v1.0\\powershell.exe",
      "CommandLine": "powershell.exe -enc SQBFAFgAIAAoAE4AZQB3AC0ATwBiAGoAZQBjAHQA",
      "SubjectUserName": "rjones"
    },
    "agent": {
      "id": "004",
      "name": "atlas",
      "ip": "172.168.0.105"
    },
    "rule": {
      "id": 4104,
      "level": 12,
      "description": "Suspicious PowerShell encoded command detected."
    }
  },
  {
    "TimeCreated": "2026-07-16T01:05:27.003Z",
    "EventID": 4698,
    "Source": "Microsoft-Windows-TaskScheduler/Operational",
    "Computer": "DB-SVR01",
    "EventData": {
      "TaskName": "\\Updater",
      "SubjectUserName": "admin"
    },
    "agent": {
      "id": "003",
      "name": "hydro",
      "ip": "172.168.0.104"
    },
    "rule": {
      "id": 4698,
      "level": 7,
      "description": "Scheduled task created for persistence."
    }
  },
  {
    "TimeCreated": "2026-07-13T01:05:46.536Z",
    "EventID": 4688,
    "Source": "Microsoft-Windows-Security-Auditing",
    "Computer": "WS-PC04",
    "EventData": {
      "NewProcessName": "C:\\Windows\\System32\\notepad.exe",
      "CommandLine": "C:\\Windows\\System32\\notepad.exe",
      "SubjectUserName": "helpdesk"
    },
    "agent": {
      "id": "005",
      "name": "mercury",
      "ip": "172.168.0.106"
    },
    "rule": {
      "id": 4688,
      "level": 1,
      "description": "Process created."
    }
  },
  {
    "TimeCreated": "2026-07-06T01:07:55.456Z",
    "EventID": 7040,
    "Source": "Service Control Manager",
    "Computer": "WS-PC02",
    "EventData": {
      "NewProcessName": "C:\\Windows\\System32\\psexesvc.exe",
      "CommandLine": "psexec \\\\SRV-APP01 cmd.exe",
      "SubjectUserName": "svc_deploy"
    },
    "agent": {
      "id": "004",
      "name": "atlas",
      "ip": "172.168.0.105"
    },
    "rule": {
      "id": 7040,
      "level": 12,
      "description": "PsExec remote service execution detected."
    }
  },
  {
    "TimeCreated": "2026-07-15T01:09:13.235Z",
    "EventID": 4663,
    "Source": "Microsoft-Windows-Security-Auditing",
    "Computer": "DB-SVR01",
    "EventData": {
      "SubjectUserName": "jdoe",
      "ObjectName": "D:\\Shared\\doc_0127.txt"
    },
    "agent": {
      "id": "005",
      "name": "mercury",
      "ip": "172.168.0.106"
    },
    "rule": {
      "id": 4663,
      "level": 2,
      "description": "An object was accessed."
    }
  },
  {
    "TimeCreated": "2026-07-19T01:10:23.910Z",
    "EventID": 5001,
    "Source": "Microsoft-Windows-Windows Defender/Operational",
    "Computer": "WS-PC03",
    "EventData": {
      "SubjectUserName": "asmith",
      "CommandLine": "Set-MpPreference -DisableRealtimeMonitoring $true"
    },
    "agent": {
      "id": "005",
      "name": "mercury",
      "ip": "172.168.0.106"
    },
    "rule": {
      "id": 5001,
      "level": 10,
      "description": "Windows Defender tamper attempt detected."
    }
  },
  {
    "TimeCreated": "2026-07-17T01:12:39.933Z",
    "EventID": 4634,
    "Source": "Microsoft-Windows-Security-Auditing",
    "Computer": "WS-PC01",
    "EventData": {
      "TargetUserName": "mchen",
      "LogonType": 3
    },
    "agent": {
      "id": "004",
      "name": "atlas",
      "ip": "172.168.0.105"
    },
    "rule": {
      "id": 4634,
      "level": 3,
      "description": "Logoff."
    }
  },
  {
    "TimeCreated": "2026-07-07T01:12:52.364Z",
    "EventID": 61020,
    "Source": "Microsoft-Windows-DotNETRuntime",
    "Computer": "DB-SVR01",
    "EventData": {
      "SubjectUserName": "SYSTEM",
      "Image": "C:\\Windows\\System32\\svchost.exe",
      "CommandLine": "svchost.exe -k netsvcs -p"
    },
    "agent": {
      "id": "004",
      "name": "atlas",
      "ip": "172.168.0.105"
    },
    "rule": {
      "id": 61020,
      "level": 5,
      "description": ".NET Runtime - CLR 2.0 does not support profilers written for CLR 1.x."
    }
  },
  {
    "TimeCreated": "2026-07-10T01:15:20.817Z",
    "EventID": 4625,
    "Source": "Microsoft-Windows-Security-Auditing",
    "Computer": "FILE-SVR01",
    "EventData": {
      "TargetUserName": "mchen",
      "TargetDomainName": "CORP",
      "IpAddress": "198.51.100.77",
      "LogonType": 3,
      "Status": "0xC000006D"
    },
    "agent": {
      "id": "003",
      "name": "hydro",
      "ip": "172.168.0.104"
    },
    "rule": {
      "id": 4625,
      "level": 6,
      "description": "Multiple failed logon attempts against hydro."
    }
  },
  {
    "TimeCreated": "2026-07-16T01:16:06.632Z",
    "EventID": 4688,
    "Source": "Microsoft-Windows-Security-Auditing",
    "Computer": "WS-PC02",
    "EventData": {
      "NewProcessName": "C:\\Windows\\System32\\taskhostw.exe",
      "CommandLine": "C:\\Windows\\System32\\taskhostw.exe",
      "SubjectUserName": "jdoe"
    },
    "agent": {
      "id": "005",
      "name": "mercury",
      "ip": "172.168.0.106"
    },
    "rule": {
      "id": 4688,
      "level": 1,
      "description": "Process created."
    }
  },
  {
    "TimeCreated": "2026-07-19T01:17:49.271Z",
    "EventID": 5001,
    "Source": "Microsoft-Windows-Windows Defender/Operational",
    "Computer": "WS-PC04",
    "EventData": {
      "SubjectUserName": "svc_backup",
      "CommandLine": "Set-MpPreference -DisableRealtimeMonitoring $true"
    },
    "agent": {
      "id": "003",
      "name": "hydro",
      "ip": "172.168.0.104"
    },
    "rule": {
      "id": 5001,
      "level": 10,
      "description": "Windows Defender tamper attempt detected."
    }
  },
  {
    "TimeCreated": "2026-07-13T01:19:33.330Z",
    "EventID": 4663,
    "Source": "Microsoft-Windows-Security-Auditing",
    "Computer": "WS-PC04",
    "EventData": {
      "SubjectUserName": "helpdesk",
      "ObjectName": "D:\\Shared\\doc_0130.txt"
    },
    "agent": {
      "id": "004",
      "name": "atlas",
      "ip": "172.168.0.105"
    },
    "rule": {
      "id": 4663,
      "level": 2,
      "description": "An object was accessed."
    }
  },
  {
    "TimeCreated": "2026-07-13T01:20:17.725Z",
    "EventID": 5001,
    "Source": "Microsoft-Windows-Windows Defender/Operational",
    "Computer": "DC-01",
    "EventData": {
      "SubjectUserName": "helpdesk",
      "CommandLine": "Set-MpPreference -DisableRealtimeMonitoring $true"
    },
    "agent": {
      "id": "004",
      "name": "atlas",
      "ip": "172.168.0.105"
    },
    "rule": {
      "id": 5001,
      "level": 10,
      "description": "Windows Defender tamper attempt detected."
    }
  },
  {
    "TimeCreated": "2026-07-07T01:22:46.178Z",
    "EventID": 7045,
    "Source": "Service Control Manager",
    "Computer": "FILE-SVR01",
    "EventData": {
      "ServiceName": "UpdateSvc",
      "ImagePath": "C:\\Windows\\Temp\\payload.exe",
      "SubjectUserName": "svc_deploy"
    },
    "agent": {
      "id": "003",
      "name": "hydro",
      "ip": "172.168.0.104"
    },
    "rule": {
      "id": 7045,
      "level": 7,
      "description": "New service installed from a temporary path."
    }
  },
  {
    "TimeCreated": "2026-07-13T01:23:00.029Z",
    "EventID": 4672,
    "Source": "Microsoft-Windows-Security-Auditing",
    "Computer": "DC-01",
    "EventData": {
      "SubjectUserName": "SYSTEM",
      "PrivilegeList": "SeBackupPrivilege"
    },
    "agent": {
      "id": "005",
      "name": "mercury",
      "ip": "172.168.0.106"
    },
    "rule": {
      "id": 4672,
      "level": 3,
      "description": "Special privileges assigned to new logon."
    }
  },
  {
    "TimeCreated": "2026-07-01T01:25:14.632Z",
    "EventID": 5001,
    "Source": "Microsoft-Windows-Windows Defender/Operational",
    "Computer": "FILE-SVR01",
    "EventData": {
      "SubjectUserName": "rjones",
      "CommandLine": "Set-MpPreference -DisableRealtimeMonitoring $true"
    },
    "agent": {
      "id": "005",
      "name": "mercury",
      "ip": "172.168.0.106"
    },
    "rule": {
      "id": 5001,
      "level": 10,
      "description": "Windows Defender tamper attempt detected."
    }
  },
  {
    "TimeCreated": "2026-07-16T01:26:26.728Z",
    "EventID": 4634,
    "Source": "Microsoft-Windows-Security-Auditing",
    "Computer": "WS-PC03",
    "EventData": {
      "TargetUserName": "svc_deploy",
      "LogonType": 2
    },
    "agent": {
      "id": "003",
      "name": "hydro",
      "ip": "172.168.0.104"
    },
    "rule": {
      "id": 4634,
      "level": 3,
      "description": "Logoff."
    }
  },
  {
    "TimeCreated": "2026-07-10T01:27:43.085Z",
    "EventID": 4698,
    "Source": "Microsoft-Windows-TaskScheduler/Operational",
    "Computer": "DB-SVR01",
    "EventData": {
      "TaskName": "\\Updater",
      "SubjectUserName": "rjones"
    },
    "agent": {
      "id": "005",
      "name": "mercury",
      "ip": "172.168.0.106"
    },
    "rule": {
      "id": 4698,
      "level": 7,
      "description": "Scheduled task created for persistence."
    }
  },
  {
    "TimeCreated": "2026-07-10T01:29:53.426Z",
    "EventID": 4688,
    "Source": "Microsoft-Windows-Security-Auditing",
    "Computer": "FILE-SVR01",
    "EventData": {
      "NewProcessName": "C:\\Windows\\explorer.exe",
      "CommandLine": "C:\\Windows\\explorer.exe",
      "SubjectUserName": "mchen"
    },
    "agent": {
      "id": "003",
      "name": "hydro",
      "ip": "172.168.0.104"
    },
    "rule": {
      "id": 4688,
      "level": 1,
      "description": "Process created."
    }
  },
  {
    "TimeCreated": "2026-07-13T01:30:11.539Z",
    "EventID": 4104,
    "Source": "Microsoft-Windows-PowerShell/Operational",
    "Computer": "DC-01",
    "EventData": {
      "Image": "C:\\Windows\\System32\\WindowsPowerShell\\v1.0\\powershell.exe",
      "CommandLine": "powershell.exe -enc SQBFAFgAIAAoAE4AZQB3AC0ATwBiAGoAZQBjAHQA",
      "SubjectUserName": "rjones"
    },
    "agent": {
      "id": "003",
      "name": "hydro",
      "ip": "172.168.0.104"
    },
    "rule": {
      "id": 4104,
      "level": 12,
      "description": "Suspicious PowerShell encoded command detected."
    }
  },
  {
    "TimeCreated": "2026-07-18T01:32:39.993Z",
    "EventID": 1003,
    "Source": "Microsoft-Windows-Sysmon",
    "Computer": "FILE-SVR01",
    "EventData": {
      "SubjectUserName": "asmith",
      "ObjectName": "\\REGISTRY\\MACHINE\\SAM"
    },
    "agent": {
      "id": "004",
      "name": "atlas",
      "ip": "172.168.0.105"
    },
    "rule": {
      "id": 1003,
      "level": 13,
      "description": "SAM hive access consistent with credential dumping."
    }
  },
  {
    "TimeCreated": "2026-07-02T01:33:20.125Z",
    "EventID": 4672,
    "Source": "Microsoft-Windows-Security-Auditing",
    "Computer": "DC-01",
    "EventData": {
      "SubjectUserName": "SYSTEM",
      "PrivilegeList": "SeBackupPrivilege"
    },
    "agent": {
      "id": "003",
      "name": "hydro",
      "ip": "172.168.0.104"
    },
    "rule": {
      "id": 4672,
      "level": 3,
      "description": "Special privileges assigned to new logon."
    }
  },
  {
    "TimeCreated": "2026-07-13T01:35:08.446Z",
    "EventID": 61020,
    "Source": "Microsoft-Windows-DotNETRuntime",
    "Computer": "WS-PC02",
    "EventData": {
      "SubjectUserName": "SYSTEM",
      "Image": "C:\\Windows\\System32\\svchost.exe",
      "CommandLine": "svchost.exe -k netsvcs -p"
    },
    "agent": {
      "id": "005",
      "name": "mercury",
      "ip": "172.168.0.106"
    },
    "rule": {
      "id": 61020,
      "level": 5,
      "description": ".NET Runtime - CLR 2.0 does not support profilers written for CLR 1.x."
    }
  },
  {
    "TimeCreated": "2026-07-03T01:36:46.823Z",
    "EventID": 4634,
    "Source": "Microsoft-Windows-Security-Auditing",
    "Computer": "DC-01",
    "EventData": {
      "TargetUserName": "svc_backup",
      "LogonType": 10
    },
    "agent": {
      "id": "003",
      "name": "hydro",
      "ip": "172.168.0.104"
    },
    "rule": {
      "id": 4634,
      "level": 3,
      "description": "Logoff."
    }
  },
  {
    "TimeCreated": "2026-07-10T01:37:36.900Z",
    "EventID": 4769,
    "Source": "Microsoft-Windows-Security-Auditing",
    "Computer": "DB-SVR01",
    "EventData": {
      "TargetUserName": "mchen",
      "IpAddress": "10.0.1.50",
      "TicketEncryptionType": "0x17"
    },
    "agent": {
      "id": "003",
      "name": "hydro",
      "ip": "172.168.0.104"
    },
    "rule": {
      "id": 4769,
      "level": 8,
      "description": "Multiple Kerberos TGS requests using RC4 encryption."
    }
  },
  {
    "TimeCreated": "2026-07-06T01:40:05.353Z",
    "EventID": 60642,
    "Source": "Microsoft-Windows-Security-SPP",
    "Computer": "WS-PC03",
    "EventData": {
      "SubjectUserName": "SYSTEM",
      "Image": "C:\\Windows\\System32\\svchost.exe",
      "CommandLine": "svchost.exe -k netsvcs -p"
    },
    "agent": {
      "id": "003",
      "name": "hydro",
      "ip": "172.168.0.104"
    },
    "rule": {
      "id": 60642,
      "level": 3,
      "description": "Software protection service scheduled successfully."
    }
  },
  {
    "TimeCreated": "2026-07-03T01:40:13.522Z",
    "EventID": 4624,
    "Source": "Microsoft-Windows-Security-Auditing",
    "Computer": "WS-PC01",
    "EventData": {
      "TargetUserName": "asmith",
      "TargetDomainName": "CORP",
      "IpAddress": "10.0.1.20",
      "LogonType": 2
    },
    "agent": {
      "id": "004",
      "name": "atlas",
      "ip": "172.168.0.105"
    },
    "rule": {
      "id": 4624,
      "level": 3,
      "description": "Successful logon."
    }
  },
  {
    "TimeCreated": "2026-07-16T01:42:33.807Z",
    "EventID": 7040,
    "Source": "Service Control Manager",
    "Computer": "DB-SVR01",
    "EventData": {
      "NewProcessName": "C:\\Windows\\System32\\psexesvc.exe",
      "CommandLine": "psexec \\\\SRV-APP01 cmd.exe",
      "SubjectUserName": "asmith"
    },
    "agent": {
      "id": "005",
      "name": "mercury",
      "ip": "172.168.0.106"
    },
    "rule": {
      "id": 7040,
      "level": 12,
      "description": "PsExec remote service execution detected."
    }
  },
  {
    "TimeCreated": "2026-07-06T01:43:40.220Z",
    "EventID": 4688,
    "Source": "Microsoft-Windows-Security-Auditing",
    "Computer": "WS-PC01",
    "EventData": {
      "NewProcessName": "C:\\Program Files\\Google\\Chrome\\Application\\chrome.exe",
      "CommandLine": "C:\\Program Files\\Google\\Chrome\\Application\\chrome.exe",
      "SubjectUserName": "mchen"
    },
    "agent": {
      "id": "004",
      "name": "atlas",
      "ip": "172.168.0.105"
    },
    "rule": {
      "id": 4688,
      "level": 1,
      "description": "Process created."
    }
  },
  {
    "TimeCreated": "2026-07-15T01:45:02.261Z",
    "EventID": 4625,
    "Source": "Microsoft-Windows-Security-Auditing",
    "Computer": "WS-PC02",
    "EventData": {
      "TargetUserName": "mchen",
      "TargetDomainName": "CORP",
      "IpAddress": "10.0.1.50",
      "LogonType": 3,
      "Status": "0xC000006D"
    },
    "agent": {
      "id": "004",
      "name": "atlas",
      "ip": "172.168.0.105"
    },
    "rule": {
      "id": 4625,
      "level": 6,
      "description": "Multiple failed logon attempts against hydro."
    }
  },
  {
    "TimeCreated": "2026-07-16T01:47:06.919Z",
    "EventID": 5156,
    "Source": "Microsoft-Windows-Security-Auditing",
    "Computer": "WS-PC04",
    "EventData": {
      "Application": "\\device\\harddiskvolume2\\inetpub\\wwwroot\\app.exe",
      "Direction": "Inbound",
      "SourceAddress": "10.0.1.30",
      "DestPort": "443"
    },
    "agent": {
      "id": "005",
      "name": "mercury",
      "ip": "172.168.0.106"
    },
    "rule": {
      "id": 5156,
      "level": 2,
      "description": "Windows Filtering Platform permitted a connection."
    }
  },
  {
    "TimeCreated": "2026-07-04T01:47:30.714Z",
    "EventID": 4769,
    "Source": "Microsoft-Windows-Security-Auditing",
    "Computer": "DB-SVR01",
    "EventData": {
      "TargetUserName": "mchen",
      "IpAddress": "10.0.1.50",
      "TicketEncryptionType": "0x17"
    },
    "agent": {
      "id": "003",
      "name": "hydro",
      "ip": "172.168.0.104"
    },
    "rule": {
      "id": 4769,
      "level": 8,
      "description": "Multiple Kerberos TGS requests using RC4 encryption."
    }
  },
  {
    "TimeCreated": "2026-07-14T01:49:59.168Z",
    "EventID": 60642,
    "Source": "Microsoft-Windows-Security-SPP",
    "Computer": "WEB-SVR01",
    "EventData": {
      "SubjectUserName": "SYSTEM",
      "Image": "C:\\Windows\\System32\\svchost.exe",
      "CommandLine": "svchost.exe -k netsvcs -p"
    },
    "agent": {
      "id": "005",
      "name": "mercury",
      "ip": "172.168.0.106"
    },
    "rule": {
      "id": 60642,
      "level": 3,
      "description": "Software protection service scheduled successfully."
    }
  },
  {
    "TimeCreated": "2026-07-13T01:50:33.618Z",
    "EventID": 4688,
    "Source": "Microsoft-Windows-Security-Auditing",
    "Computer": "WS-PC02",
    "EventData": {
      "NewProcessName": "C:\\Program Files\\Google\\Chrome\\Application\\chrome.exe",
      "CommandLine": "C:\\Program Files\\Google\\Chrome\\Application\\chrome.exe",
      "SubjectUserName": "svc_backup"
    },
    "agent": {
      "id": "004",
      "name": "atlas",
      "ip": "172.168.0.105"
    },
    "rule": {
      "id": 4688,
      "level": 1,
      "description": "Process created."
    }
  },
  {
    "TimeCreated": "2026-07-09T01:52:27.621Z",
    "EventID": 4104,
    "Source": "Microsoft-Windows-PowerShell/Operational",
    "Computer": "WS-PC01",
    "EventData": {
      "Image": "C:\\Windows\\System32\\WindowsPowerShell\\v1.0\\powershell.exe",
      "CommandLine": "powershell.exe -enc SQBFAFgAIAAoAE4AZQB3AC0ATwBiAGoAZQBjAHQA",
      "SubjectUserName": "mchen"
    },
    "agent": {
      "id": "004",
      "name": "atlas",
      "ip": "172.168.0.105"
    },
    "rule": {
      "id": 4104,
      "level": 12,
      "description": "Suspicious PowerShell encoded command detected."
    }
  },
  {
    "TimeCreated": "2026-07-01T01:54:00.316Z",
    "EventID": 1,
    "Source": "Microsoft-Windows-Sysmon",
    "Computer": "WS-PC01",
    "EventData": {
      "Image": "C:\\Windows\\System32\\svchost.exe",
      "CommandLine": "svchost.exe -k netsvcs -p"
    },
    "agent": {
      "id": "003",
      "name": "hydro",
      "ip": "172.168.0.104"
    },
    "rule": {
      "id": 1,
      "level": 2,
      "description": "Sysmon event."
    }
  },
  {
    "TimeCreated": "2026-07-18T01:54:56.075Z",
    "EventID": 7045,
    "Source": "Service Control Manager",
    "Computer": "WEB-SVR01",
    "EventData": {
      "ServiceName": "UpdateSvc",
      "ImagePath": "C:\\Windows\\Temp\\payload.exe",
      "SubjectUserName": "helpdesk"
    },
    "agent": {
      "id": "005",
      "name": "mercury",
      "ip": "172.168.0.106"
    },
    "rule": {
      "id": 7045,
      "level": 7,
      "description": "New service installed from a temporary path."
    }
  },
  {
    "TimeCreated": "2026-07-10T01:57:24.529Z",
    "EventID": 61020,
    "Source": "Microsoft-Windows-DotNETRuntime",
    "Computer": "WS-PC02",
    "EventData": {
      "SubjectUserName": "SYSTEM",
      "Image": "C:\\Windows\\System32\\svchost.exe",
      "CommandLine": "svchost.exe -k netsvcs -p"
    },
    "agent": {
      "id": "005",
      "name": "mercury",
      "ip": "172.168.0.106"
    },
    "rule": {
      "id": 61020,
      "level": 5,
      "description": ".NET Runtime - CLR 2.0 does not support profilers written for CLR 1.x."
    }
  },
  {
    "TimeCreated": "2026-07-17T01:57:27.015Z",
    "EventID": 4634,
    "Source": "Microsoft-Windows-Security-Auditing",
    "Computer": "WEB-SVR01",
    "EventData": {
      "TargetUserName": "admin",
      "LogonType": 3
    },
    "agent": {
      "id": "005",
      "name": "mercury",
      "ip": "172.168.0.106"
    },
    "rule": {
      "id": 4634,
      "level": 3,
      "description": "Logoff."
    }
  },
  {
    "TimeCreated": "2026-07-07T01:59:52.982Z",
    "EventID": 5001,
    "Source": "Microsoft-Windows-Windows Defender/Operational",
    "Computer": "FILE-SVR01",
    "EventData": {
      "SubjectUserName": "rjones",
      "CommandLine": "Set-MpPreference -DisableRealtimeMonitoring $true"
    },
    "agent": {
      "id": "005",
      "name": "mercury",
      "ip": "172.168.0.106"
    },
    "rule": {
      "id": 5001,
      "level": 10,
      "description": "Windows Defender tamper attempt detected."
    }
  },
  {
    "TimeCreated": "2026-07-03T02:00:53.713Z",
    "EventID": 4663,
    "Source": "Microsoft-Windows-Security-Auditing",
    "Computer": "WEB-SVR01",
    "EventData": {
      "SubjectUserName": "mchen",
      "ObjectName": "D:\\Shared\\doc_0142.txt"
    },
    "agent": {
      "id": "005",
      "name": "mercury",
      "ip": "172.168.0.106"
    },
    "rule": {
      "id": 4663,
      "level": 2,
      "description": "An object was accessed."
    }
  },
  {
    "TimeCreated": "2026-07-09T02:02:21.436Z",
    "EventID": 61020,
    "Source": "Microsoft-Windows-DotNETRuntime",
    "Computer": "WS-PC03",
    "EventData": {
      "SubjectUserName": "SYSTEM",
      "Image": "C:\\Windows\\System32\\svchost.exe",
      "CommandLine": "svchost.exe -k netsvcs -p"
    },
    "agent": {
      "id": "003",
      "name": "hydro",
      "ip": "172.168.0.104"
    },
    "rule": {
      "id": 61020,
      "level": 5,
      "description": ".NET Runtime - CLR 2.0 does not support profilers written for CLR 1.x."
    }
  },
  {
    "TimeCreated": "2026-07-06T02:04:20.412Z",
    "EventID": 4688,
    "Source": "Microsoft-Windows-Security-Auditing",
    "Computer": "WS-PC03",
    "EventData": {
      "NewProcessName": "C:\\Program Files\\Google\\Chrome\\Application\\chrome.exe",
      "CommandLine": "C:\\Program Files\\Google\\Chrome\\Application\\chrome.exe",
      "SubjectUserName": "mchen"
    },
    "agent": {
      "id": "004",
      "name": "atlas",
      "ip": "172.168.0.105"
    },
    "rule": {
      "id": 4688,
      "level": 1,
      "description": "Process created."
    }
  },
  {
    "TimeCreated": "2026-07-03T02:04:49.890Z",
    "EventID": 7045,
    "Source": "Service Control Manager",
    "Computer": "WS-PC03",
    "EventData": {
      "ServiceName": "UpdateSvc",
      "ImagePath": "C:\\Windows\\Temp\\payload.exe",
      "SubjectUserName": "helpdesk"
    },
    "agent": {
      "id": "005",
      "name": "mercury",
      "ip": "172.168.0.106"
    },
    "rule": {
      "id": 7045,
      "level": 7,
      "description": "New service installed from a temporary path."
    }
  },
  {
    "TimeCreated": "2026-07-14T02:07:18.343Z",
    "EventID": 4769,
    "Source": "Microsoft-Windows-Security-Auditing",
    "Computer": "DC-01",
    "EventData": {
      "TargetUserName": "svc_backup",
      "IpAddress": "10.0.1.10",
      "TicketEncryptionType": "0x17"
    },
    "agent": {
      "id": "003",
      "name": "hydro",
      "ip": "172.168.0.104"
    },
    "rule": {
      "id": 4769,
      "level": 8,
      "description": "Multiple Kerberos TGS requests using RC4 encryption."
    }
  },
  {
    "TimeCreated": "2026-07-08T02:07:47.110Z",
    "EventID": 4672,
    "Source": "Microsoft-Windows-Security-Auditing",
    "Computer": "FILE-SVR01",
    "EventData": {
      "SubjectUserName": "SYSTEM",
      "PrivilegeList": "SeBackupPrivilege"
    },
    "agent": {
      "id": "003",
      "name": "hydro",
      "ip": "172.168.0.104"
    },
    "rule": {
      "id": 4672,
      "level": 3,
      "description": "Special privileges assigned to new logon."
    }
  },
  {
    "TimeCreated": "2026-07-05T02:09:46.797Z",
    "EventID": 4769,
    "Source": "Microsoft-Windows-Security-Auditing",
    "Computer": "WS-PC03",
    "EventData": {
      "TargetUserName": "mchen",
      "IpAddress": "10.0.1.30",
      "TicketEncryptionType": "0x17"
    },
    "agent": {
      "id": "005",
      "name": "mercury",
      "ip": "172.168.0.106"
    },
    "rule": {
      "id": 4769,
      "level": 8,
      "description": "Multiple Kerberos TGS requests using RC4 encryption."
    }
  },
  {
    "TimeCreated": "2026-07-05T02:11:13.809Z",
    "EventID": 4672,
    "Source": "Microsoft-Windows-Security-Auditing",
    "Computer": "WEB-SVR01",
    "EventData": {
      "SubjectUserName": "SYSTEM",
      "PrivilegeList": "SeBackupPrivilege"
    },
    "agent": {
      "id": "005",
      "name": "mercury",
      "ip": "172.168.0.106"
    },
    "rule": {
      "id": 4672,
      "level": 3,
      "description": "Special privileges assigned to new logon."
    }
  },
  {
    "TimeCreated": "2026-07-06T02:12:15.250Z",
    "EventID": 5001,
    "Source": "Microsoft-Windows-Windows Defender/Operational",
    "Computer": "DC-01",
    "EventData": {
      "SubjectUserName": "svc_deploy",
      "CommandLine": "Set-MpPreference -DisableRealtimeMonitoring $true"
    },
    "agent": {
      "id": "005",
      "name": "mercury",
      "ip": "172.168.0.106"
    },
    "rule": {
      "id": 5001,
      "level": 10,
      "description": "Windows Defender tamper attempt detected."
    }
  },
  {
    "TimeCreated": "2026-07-09T02:14:40.508Z",
    "EventID": 4663,
    "Source": "Microsoft-Windows-Security-Auditing",
    "Computer": "DC-01",
    "EventData": {
      "SubjectUserName": "asmith",
      "ObjectName": "D:\\Shared\\doc_0146.txt"
    },
    "agent": {
      "id": "004",
      "name": "atlas",
      "ip": "172.168.0.105"
    },
    "rule": {
      "id": 4663,
      "level": 2,
      "description": "An object was accessed."
    }
  },
  {
    "TimeCreated": "2026-07-13T02:14:43.704Z",
    "EventID": 4625,
    "Source": "Microsoft-Windows-Security-Auditing",
    "Computer": "DC-01",
    "EventData": {
      "TargetUserName": "asmith",
      "TargetDomainName": "CORP",
      "IpAddress": "10.0.1.50",
      "LogonType": 3,
      "Status": "0xC000006D"
    },
    "agent": {
      "id": "003",
      "name": "hydro",
      "ip": "172.168.0.104"
    },
    "rule": {
      "id": 4625,
      "level": 6,
      "description": "Multiple failed logon attempts against hydro."
    }
  },
  {
    "TimeCreated": "2026-07-05T02:17:12.158Z",
    "EventID": 7040,
    "Source": "Service Control Manager",
    "Computer": "FILE-SVR01",
    "EventData": {
      "NewProcessName": "C:\\Windows\\System32\\psexesvc.exe",
      "CommandLine": "psexec \\\\SRV-APP01 cmd.exe",
      "SubjectUserName": "admin"
    },
    "agent": {
      "id": "005",
      "name": "mercury",
      "ip": "172.168.0.106"
    },
    "rule": {
      "id": 7040,
      "level": 12,
      "description": "PsExec remote service execution detected."
    }
  },
  {
    "TimeCreated": "2026-07-07T02:18:07.206Z",
    "EventID": 4624,
    "Source": "Microsoft-Windows-Security-Auditing",
    "Computer": "WEB-SVR01",
    "EventData": {
      "TargetUserName": "rjones",
      "TargetDomainName": "CORP",
      "IpAddress": "10.0.1.30",
      "LogonType": 3
    },
    "agent": {
      "id": "004",
      "name": "atlas",
      "ip": "172.168.0.105"
    },
    "rule": {
      "id": 4624,
      "level": 3,
      "description": "Successful logon."
    }
  },
  {
    "TimeCreated": "2026-07-12T02:19:40.611Z",
    "EventID": 4769,
    "Source": "Microsoft-Windows-Security-Auditing",
    "Computer": "WS-PC01",
    "EventData": {
      "TargetUserName": "svc_deploy",
      "IpAddress": "10.0.1.40",
      "TicketEncryptionType": "0x17"
    },
    "agent": {
      "id": "005",
      "name": "mercury",
      "ip": "172.168.0.106"
    },
    "rule": {
      "id": 4769,
      "level": 8,
      "description": "Multiple Kerberos TGS requests using RC4 encryption."
    }
  },
  {
    "TimeCreated": "2026-07-08T02:21:33.905Z",
    "EventID": 4672,
    "Source": "Microsoft-Windows-Security-Auditing",
    "Computer": "DB-SVR01",
    "EventData": {
      "SubjectUserName": "SYSTEM",
      "PrivilegeList": "SeBackupPrivilege"
    },
    "agent": {
      "id": "003",
      "name": "hydro",
      "ip": "172.168.0.104"
    },
    "rule": {
      "id": 4672,
      "level": 3,
      "description": "Special privileges assigned to new logon."
    }
  },
  {
    "TimeCreated": "2026-07-15T02:22:09.065Z",
    "EventID": 60642,
    "Source": "Microsoft-Windows-Security-SPP",
    "Computer": "DC-01",
    "EventData": {
      "SubjectUserName": "SYSTEM",
      "Image": "C:\\Windows\\System32\\svchost.exe",
      "CommandLine": "svchost.exe -k netsvcs -p"
    },
    "agent": {
      "id": "005",
      "name": "mercury",
      "ip": "172.168.0.106"
    },
    "rule": {
      "id": 60642,
      "level": 3,
      "description": "Software protection service scheduled successfully."
    }
  },
  {
    "TimeCreated": "2026-07-03T02:24:37.518Z",
    "EventID": 4104,
    "Source": "Microsoft-Windows-PowerShell/Operational",
    "Computer": "FILE-SVR01",
    "EventData": {
      "Image": "C:\\Windows\\System32\\WindowsPowerShell\\v1.0\\powershell.exe",
      "CommandLine": "powershell.exe -enc SQBFAFgAIAAoAE4AZQB3AC0ATwBiAGoAZQBjAHQA",
      "SubjectUserName": "svc_backup"
    },
    "agent": {
      "id": "003",
      "name": "hydro",
      "ip": "172.168.0.104"
    },
    "rule": {
      "id": 4104,
      "level": 12,
      "description": "Suspicious PowerShell encoded command detected."
    }
  },
  {
    "TimeCreated": "2026-07-16T02:25:00.603Z",
    "EventID": 4663,
    "Source": "Microsoft-Windows-Security-Auditing",
    "Computer": "WEB-SVR01",
    "EventData": {
      "SubjectUserName": "admin",
      "ObjectName": "D:\\Shared\\doc_0149.txt"
    },
    "agent": {
      "id": "003",
      "name": "hydro",
      "ip": "172.168.0.104"
    },
    "rule": {
      "id": 4663,
      "level": 2,
      "description": "An object was accessed."
    }
  },
  {
    "TimeCreated": "2026-07-04T02:27:05.972Z",
    "EventID": 4698,
    "Source": "Microsoft-Windows-TaskScheduler/Operational",
    "Computer": "DB-SVR01",
    "EventData": {
      "TaskName": "\\Updater",
      "SubjectUserName": "jdoe"
    },
    "agent": {
      "id": "003",
      "name": "hydro",
      "ip": "172.168.0.104"
    },
    "rule": {
      "id": 4698,
      "level": 7,
      "description": "Scheduled task created for persistence."
    }
  },
  {
    "TimeCreated": "2026-07-06T02:28:27.302Z",
    "EventID": 4663,
    "Source": "Microsoft-Windows-Security-Auditing",
    "Computer": "WEB-SVR01",
    "EventData": {
      "SubjectUserName": "rjones",
      "ObjectName": "D:\\Shared\\doc_0150.txt"
    },
    "agent": {
      "id": "004",
      "name": "atlas",
      "ip": "172.168.0.105"
    },
    "rule": {
      "id": 4663,
      "level": 2,
      "description": "An object was accessed."
    }
  },
  {
    "TimeCreated": "2026-07-08T02:29:34.426Z",
    "EventID": 7045,
    "Source": "Service Control Manager",
    "Computer": "WS-PC04",
    "EventData": {
      "ServiceName": "UpdateSvc",
      "ImagePath": "C:\\Windows\\Temp\\payload.exe",
      "SubjectUserName": "helpdesk"
    },
    "agent": {
      "id": "004",
      "name": "atlas",
      "ip": "172.168.0.105"
    },
    "rule": {
      "id": 7045,
      "level": 7,
      "description": "New service installed from a temporary path."
    }
  },
  {
    "TimeCreated": "2026-07-10T02:31:54.000Z",
    "EventID": 4672,
    "Source": "Microsoft-Windows-Security-Auditing",
    "Computer": "DB-SVR01",
    "EventData": {
      "SubjectUserName": "SYSTEM",
      "PrivilegeList": "SeBackupPrivilege"
    },
    "agent": {
      "id": "003",
      "name": "hydro",
      "ip": "172.168.0.104"
    },
    "rule": {
      "id": 4672,
      "level": 3,
      "description": "Special privileges assigned to new logon."
    }
  },
  {
    "TimeCreated": "2026-07-01T02:32:02.879Z",
    "EventID": 4769,
    "Source": "Microsoft-Windows-Security-Auditing",
    "Computer": "DB-SVR01",
    "EventData": {
      "TargetUserName": "rjones",
      "IpAddress": "10.0.1.30",
      "TicketEncryptionType": "0x17"
    },
    "agent": {
      "id": "005",
      "name": "mercury",
      "ip": "172.168.0.106"
    },
    "rule": {
      "id": 4769,
      "level": 8,
      "description": "Multiple Kerberos TGS requests using RC4 encryption."
    }
  },
  {
    "TimeCreated": "2026-07-13T02:34:31.333Z",
    "EventID": 4769,
    "Source": "Microsoft-Windows-Security-Auditing",
    "Computer": "FILE-SVR01",
    "EventData": {
      "TargetUserName": "helpdesk",
      "IpAddress": "198.51.100.77",
      "TicketEncryptionType": "0x17"
    },
    "agent": {
      "id": "005",
      "name": "mercury",
      "ip": "172.168.0.106"
    },
    "rule": {
      "id": 4769,
      "level": 8,
      "description": "Multiple Kerberos TGS requests using RC4 encryption."
    }
  },
  {
    "TimeCreated": "2026-07-15T02:35:20.699Z",
    "EventID": 4624,
    "Source": "Microsoft-Windows-Security-Auditing",
    "Computer": "WS-PC04",
    "EventData": {
      "TargetUserName": "svc_backup",
      "TargetDomainName": "CORP",
      "IpAddress": "198.51.100.77",
      "LogonType": 2
    },
    "agent": {
      "id": "004",
      "name": "atlas",
      "ip": "172.168.0.105"
    },
    "rule": {
      "id": 4624,
      "level": 3,
      "description": "Successful logon."
    }
  },
  {
    "TimeCreated": "2026-07-02T02:36:59.786Z",
    "EventID": 7040,
    "Source": "Service Control Manager",
    "Computer": "WS-PC02",
    "EventData": {
      "NewProcessName": "C:\\Windows\\System32\\psexesvc.exe",
      "CommandLine": "psexec \\\\SRV-APP01 cmd.exe",
      "SubjectUserName": "svc_backup"
    },
    "agent": {
      "id": "003",
      "name": "hydro",
      "ip": "172.168.0.104"
    },
    "rule": {
      "id": 7040,
      "level": 12,
      "description": "PsExec remote service execution detected."
    }
  },
  {
    "TimeCreated": "2026-07-07T02:38:47.398Z",
    "EventID": 4663,
    "Source": "Microsoft-Windows-Security-Auditing",
    "Computer": "WEB-SVR01",
    "EventData": {
      "SubjectUserName": "asmith",
      "ObjectName": "D:\\Shared\\doc_0153.txt"
    },
    "agent": {
      "id": "005",
      "name": "mercury",
      "ip": "172.168.0.106"
    },
    "rule": {
      "id": 4663,
      "level": 2,
      "description": "An object was accessed."
    }
  },
  {
    "TimeCreated": "2026-07-09T02:39:28.240Z",
    "EventID": 4104,
    "Source": "Microsoft-Windows-PowerShell/Operational",
    "Computer": "DC-01",
    "EventData": {
      "Image": "C:\\Windows\\System32\\WindowsPowerShell\\v1.0\\powershell.exe",
      "CommandLine": "powershell.exe -enc SQBFAFgAIAAoAE4AZQB3AC0ATwBiAGoAZQBjAHQA",
      "SubjectUserName": "rjones"
    },
    "agent": {
      "id": "004",
      "name": "atlas",
      "ip": "172.168.0.105"
    },
    "rule": {
      "id": 4104,
      "level": 12,
      "description": "Suspicious PowerShell encoded command detected."
    }
  },
  {
    "TimeCreated": "2026-07-15T02:41:56.694Z",
    "EventID": 1003,
    "Source": "Microsoft-Windows-Sysmon",
    "Computer": "FILE-SVR01",
    "EventData": {
      "SubjectUserName": "mchen",
      "ObjectName": "\\REGISTRY\\MACHINE\\SAM"
    },
    "agent": {
      "id": "004",
      "name": "atlas",
      "ip": "172.168.0.105"
    },
    "rule": {
      "id": 1003,
      "level": 13,
      "description": "SAM hive access consistent with credential dumping."
    }
  },
  {
    "TimeCreated": "2026-07-10T02:42:14.096Z",
    "EventID": 5156,
    "Source": "Microsoft-Windows-Security-Auditing",
    "Computer": "WS-PC02",
    "EventData": {
      "Application": "\\device\\harddiskvolume2\\inetpub\\wwwroot\\app.exe",
      "Direction": "Inbound",
      "SourceAddress": "198.51.100.77",
      "DestPort": "443"
    },
    "agent": {
      "id": "005",
      "name": "mercury",
      "ip": "172.168.0.106"
    },
    "rule": {
      "id": 5156,
      "level": 2,
      "description": "Windows Filtering Platform permitted a connection."
    }
  },
  {
    "TimeCreated": "2026-07-18T02:44:25.147Z",
    "EventID": 7040,
    "Source": "Service Control Manager",
    "Computer": "WS-PC01",
    "EventData": {
      "NewProcessName": "C:\\Windows\\System32\\psexesvc.exe",
      "CommandLine": "psexec \\\\SRV-APP01 cmd.exe",
      "SubjectUserName": "jdoe"
    },
    "agent": {
      "id": "005",
      "name": "mercury",
      "ip": "172.168.0.106"
    },
    "rule": {
      "id": 7040,
      "level": 12,
      "description": "PsExec remote service execution detected."
    }
  },
  {
    "TimeCreated": "2026-07-09T02:45:40.795Z",
    "EventID": 5156,
    "Source": "Microsoft-Windows-Security-Auditing",
    "Computer": "FILE-SVR01",
    "EventData": {
      "Application": "\\device\\harddiskvolume2\\inetpub\\wwwroot\\app.exe",
      "Direction": "Inbound",
      "SourceAddress": "198.51.100.77",
      "DestPort": "443"
    },
    "agent": {
      "id": "003",
      "name": "hydro",
      "ip": "172.168.0.104"
    },
    "rule": {
      "id": 5156,
      "level": 2,
      "description": "Windows Filtering Platform permitted a connection."
    }
  },
  {
    "TimeCreated": "2026-07-07T02:46:53.601Z",
    "EventID": 7045,
    "Source": "Service Control Manager",
    "Computer": "DB-SVR01",
    "EventData": {
      "ServiceName": "UpdateSvc",
      "ImagePath": "C:\\Windows\\Temp\\payload.exe",
      "SubjectUserName": "admin"
    },
    "agent": {
      "id": "004",
      "name": "atlas",
      "ip": "172.168.0.105"
    },
    "rule": {
      "id": 7045,
      "level": 7,
      "description": "New service installed from a temporary path."
    }
  },
  {
    "TimeCreated": "2026-07-17T02:49:07.493Z",
    "EventID": 4634,
    "Source": "Microsoft-Windows-Security-Auditing",
    "Computer": "FILE-SVR01",
    "EventData": {
      "TargetUserName": "admin",
      "LogonType": 3
    },
    "agent": {
      "id": "004",
      "name": "atlas",
      "ip": "172.168.0.105"
    },
    "rule": {
      "id": 4634,
      "level": 3,
      "description": "Logoff."
    }
  },
  {
    "TimeCreated": "2026-07-05T02:49:22.054Z",
    "EventID": 7045,
    "Source": "Service Control Manager",
    "Computer": "FILE-SVR01",
    "EventData": {
      "ServiceName": "UpdateSvc",
      "ImagePath": "C:\\Windows\\Temp\\payload.exe",
      "SubjectUserName": "svc_deploy"
    },
    "agent": {
      "id": "004",
      "name": "atlas",
      "ip": "172.168.0.105"
    },
    "rule": {
      "id": 7045,
      "level": 7,
      "description": "New service installed from a temporary path."
    }
  },
  {
    "TimeCreated": "2026-07-07T02:51:50.508Z",
    "EventID": 4104,
    "Source": "Microsoft-Windows-PowerShell/Operational",
    "Computer": "WEB-SVR01",
    "EventData": {
      "Image": "C:\\Windows\\System32\\WindowsPowerShell\\v1.0\\powershell.exe",
      "CommandLine": "powershell.exe -enc SQBFAFgAIAAoAE4AZQB3AC0ATwBiAGoAZQBjAHQA",
      "SubjectUserName": "asmith"
    },
    "agent": {
      "id": "005",
      "name": "mercury",
      "ip": "172.168.0.106"
    },
    "rule": {
      "id": 4104,
      "level": 12,
      "description": "Suspicious PowerShell encoded command detected."
    }
  },
  {
    "TimeCreated": "2026-07-13T02:52:34.192Z",
    "EventID": 1,
    "Source": "Microsoft-Windows-Sysmon",
    "Computer": "WS-PC04",
    "EventData": {
      "Image": "C:\\Windows\\System32\\svchost.exe",
      "CommandLine": "svchost.exe -k netsvcs -p"
    },
    "agent": {
      "id": "003",
      "name": "hydro",
      "ip": "172.168.0.104"
    },
    "rule": {
      "id": 1,
      "level": 2,
      "description": "Sysmon event."
    }
  },
  {
    "TimeCreated": "2026-07-13T02:54:18.962Z",
    "EventID": 4104,
    "Source": "Microsoft-Windows-PowerShell/Operational",
    "Computer": "WS-PC01",
    "EventData": {
      "Image": "C:\\Windows\\System32\\WindowsPowerShell\\v1.0\\powershell.exe",
      "CommandLine": "powershell.exe -enc SQBFAFgAIAAoAE4AZQB3AC0ATwBiAGoAZQBjAHQA",
      "SubjectUserName": "helpdesk"
    },
    "agent": {
      "id": "005",
      "name": "mercury",
      "ip": "172.168.0.106"
    },
    "rule": {
      "id": 4104,
      "level": 12,
      "description": "Suspicious PowerShell encoded command detected."
    }
  },
  {
    "TimeCreated": "2026-07-06T02:56:00.890Z",
    "EventID": 5156,
    "Source": "Microsoft-Windows-Security-Auditing",
    "Computer": "FILE-SVR01",
    "EventData": {
      "Application": "\\device\\harddiskvolume2\\inetpub\\wwwroot\\app.exe",
      "Direction": "Inbound",
      "SourceAddress": "10.0.1.10",
      "DestPort": "443"
    },
    "agent": {
      "id": "005",
      "name": "mercury",
      "ip": "172.168.0.106"
    },
    "rule": {
      "id": 5156,
      "level": 2,
      "description": "Windows Filtering Platform permitted a connection."
    }
  },
  {
    "TimeCreated": "2026-07-16T02:56:47.415Z",
    "EventID": 5001,
    "Source": "Microsoft-Windows-Windows Defender/Operational",
    "Computer": "WS-PC03",
    "EventData": {
      "SubjectUserName": "admin",
      "CommandLine": "Set-MpPreference -DisableRealtimeMonitoring $true"
    },
    "agent": {
      "id": "004",
      "name": "atlas",
      "ip": "172.168.0.105"
    },
    "rule": {
      "id": 5001,
      "level": 10,
      "description": "Windows Defender tamper attempt detected."
    }
  },
  {
    "TimeCreated": "2026-07-01T02:59:15.869Z",
    "EventID": 7045,
    "Source": "Service Control Manager",
    "Computer": "WS-PC01",
    "EventData": {
      "ServiceName": "UpdateSvc",
      "ImagePath": "C:\\Windows\\Temp\\payload.exe",
      "SubjectUserName": "svc_backup"
    },
    "agent": {
      "id": "003",
      "name": "hydro",
      "ip": "172.168.0.104"
    },
    "rule": {
      "id": 7045,
      "level": 7,
      "description": "New service installed from a temporary path."
    }
  },
  {
    "TimeCreated": "2026-07-06T02:59:27.589Z",
    "EventID": 4688,
    "Source": "Microsoft-Windows-Security-Auditing",
    "Computer": "WS-PC01",
    "EventData": {
      "NewProcessName": "C:\\Windows\\System32\\notepad.exe",
      "CommandLine": "C:\\Windows\\System32\\notepad.exe",
      "SubjectUserName": "jdoe"
    },
    "agent": {
      "id": "005",
      "name": "mercury",
      "ip": "172.168.0.106"
    },
    "rule": {
      "id": 4688,
      "level": 1,
      "description": "Process created."
    }
  },
  {
    "TimeCreated": "2026-07-06T03:01:44.323Z",
    "EventID": 60642,
    "Source": "Microsoft-Windows-Security-SPP",
    "Computer": "WS-PC02",
    "EventData": {
      "SubjectUserName": "SYSTEM",
      "Image": "C:\\Windows\\System32\\svchost.exe",
      "CommandLine": "svchost.exe -k netsvcs -p"
    },
    "agent": {
      "id": "005",
      "name": "mercury",
      "ip": "172.168.0.106"
    },
    "rule": {
      "id": 60642,
      "level": 3,
      "description": "Software protection service scheduled successfully."
    }
  },
  {
    "TimeCreated": "2026-07-03T03:02:54.288Z",
    "EventID": 4688,
    "Source": "Microsoft-Windows-Security-Auditing",
    "Computer": "WS-PC01",
    "EventData": {
      "NewProcessName": "C:\\Program Files\\Google\\Chrome\\Application\\chrome.exe",
      "CommandLine": "C:\\Program Files\\Google\\Chrome\\Application\\chrome.exe",
      "SubjectUserName": "mchen"
    },
    "agent": {
      "id": "005",
      "name": "mercury",
      "ip": "172.168.0.106"
    },
    "rule": {
      "id": 4688,
      "level": 1,
      "description": "Process created."
    }
  },
  {
    "TimeCreated": "2026-07-18T03:04:12.776Z",
    "EventID": 4625,
    "Source": "Microsoft-Windows-Security-Auditing",
    "Computer": "WS-PC03",
    "EventData": {
      "TargetUserName": "svc_deploy",
      "TargetDomainName": "CORP",
      "IpAddress": "10.0.1.30",
      "LogonType": 3,
      "Status": "0xC000006D"
    },
    "agent": {
      "id": "004",
      "name": "atlas",
      "ip": "172.168.0.105"
    },
    "rule": {
      "id": 4625,
      "level": 6,
      "description": "Multiple failed logon attempts against hydro."
    }
  },
