  {
    "TimeCreated": "2026-07-02T22:27:18.402Z",
    "EventID": 4624,
    "Source": "Microsoft-Windows-Security-Auditing",
    "Computer": "WEB-SVR01",
    "EventData": {
      "TargetUserName": "jdoe",
      "TargetDomainName": "CORP",
      "IpAddress": "10.0.1.50",
      "LogonType": 10
    },
    "agent": {
      "id": "003",
      "name": "hydro",
      "ip": "172.168.0.104"
    },
    "rule": {
      "id": 4624,
      "level": 3,
      "description": "Successful logon."
    }
  },
  {
    "TimeCreated": "2026-07-19T22:29:34.425Z",
    "EventID": 5001,
    "Source": "Microsoft-Windows-Windows Defender/Operational",
    "Computer": "WEB-SVR01",
    "EventData": {
      "SubjectUserName": "jdoe",
      "CommandLine": "Set-MpPreference -DisableRealtimeMonitoring $true"
    },
    "agent": {
      "id": "003",
      "name": "hydro",
      "ip": "172.168.0.104"
    },
    "rule": {
      "id": 5001,
      "level": 10,
      "description": "Windows Defender tamper attempt detected."
    }
  },
  {
    "TimeCreated": "2026-07-10T22:30:45.101Z",
    "EventID": 1,
    "Source": "Microsoft-Windows-Sysmon",
    "Computer": "WS-PC01",
    "EventData": {
      "Image": "C:\\Windows\\System32\\svchost.exe",
      "CommandLine": "svchost.exe -k netsvcs -p"
    },
    "agent": {
      "id": "003",
      "name": "hydro",
      "ip": "172.168.0.104"
    },
    "rule": {
      "id": 1,
      "level": 2,
      "description": "Sysmon event."
    }
  },
  {
    "TimeCreated": "2026-07-15T22:32:02.879Z",
    "EventID": 5001,
    "Source": "Microsoft-Windows-Windows Defender/Operational",
    "Computer": "WEB-SVR01",
    "EventData": {
      "SubjectUserName": "rjones",
      "CommandLine": "Set-MpPreference -DisableRealtimeMonitoring $true"
    },
    "agent": {
      "id": "005",
      "name": "mercury",
      "ip": "172.168.0.106"
    },
    "rule": {
      "id": 5001,
      "level": 10,
      "description": "Windows Defender tamper attempt detected."
    }
  },
  {
    "TimeCreated": "2026-07-19T22:34:11.799Z",
    "EventID": 4672,
    "Source": "Microsoft-Windows-Security-Auditing",
    "Computer": "WS-PC04",
    "EventData": {
      "SubjectUserName": "SYSTEM",
      "PrivilegeList": "SeBackupPrivilege"
    },
    "agent": {
      "id": "004",
      "name": "atlas",
      "ip": "172.168.0.105"
    },
    "rule": {
      "id": 4672,
      "level": 3,
      "description": "Special privileges assigned to new logon."
    }
  },
  {
    "TimeCreated": "2026-07-18T22:34:31.333Z",
    "EventID": 61020,
    "Source": "Microsoft-Windows-DotNETRuntime",
    "Computer": "WEB-SVR01",
    "EventData": {
      "SubjectUserName": "SYSTEM",
      "Image": "C:\\Windows\\System32\\svchost.exe",
      "CommandLine": "svchost.exe -k netsvcs -p"
    },
    "agent": {
      "id": "004",
      "name": "atlas",
      "ip": "172.168.0.105"
    },
    "rule": {
      "id": 61020,
      "level": 5,
      "description": ".NET Runtime - CLR 2.0 does not support profilers written for CLR 1.x."
    }
  },
  {
    "TimeCreated": "2026-07-17T22:36:59.786Z",
    "EventID": 4698,
    "Source": "Microsoft-Windows-TaskScheduler/Operational",
    "Computer": "WS-PC04",
    "EventData": {
      "TaskName": "\\Updater",
      "SubjectUserName": "helpdesk"
    },
    "agent": {
      "id": "004",
      "name": "atlas",
      "ip": "172.168.0.105"
    },
    "rule": {
      "id": 4698,
      "level": 7,
      "description": "Scheduled task created for persistence."
    }
  },
  {
    "TimeCreated": "2026-07-08T22:37:38.498Z",
    "EventID": 4624,
    "Source": "Microsoft-Windows-Security-Auditing",
    "Computer": "WS-PC04",
    "EventData": {
      "TargetUserName": "rjones",
      "TargetDomainName": "CORP",
      "IpAddress": "10.0.1.50",
      "LogonType": 3
    },
    "agent": {
      "id": "003",
      "name": "hydro",
      "ip": "172.168.0.104"
    },
    "rule": {
      "id": 4624,
      "level": 3,
      "description": "Successful logon."
    }
  },
  {
    "TimeCreated": "2026-07-17T22:39:28.240Z",
    "EventID": 4625,
    "Source": "Microsoft-Windows-Security-Auditing",
    "Computer": "WEB-SVR01",
    "EventData": {
      "TargetUserName": "admin",
      "TargetDomainName": "CORP",
      "IpAddress": "198.51.100.77",
      "LogonType": 3,
      "Status": "0xC000006D"
    },
    "agent": {
      "id": "004",
      "name": "atlas",
      "ip": "172.168.0.105"
    },
    "rule": {
      "id": 4625,
      "level": 6,
      "description": "Multiple failed logon attempts against hydro."
    }
  },
  {
    "TimeCreated": "2026-07-14T22:41:05.196Z",
    "EventID": 1,
    "Source": "Microsoft-Windows-Sysmon",
    "Computer": "WS-PC04",
    "EventData": {
      "Image": "C:\\Windows\\System32\\svchost.exe",
      "CommandLine": "svchost.exe -k netsvcs -p"
    },
    "agent": {
      "id": "005",
      "name": "mercury",
      "ip": "172.168.0.106"
    },
    "rule": {
      "id": 1,
      "level": 2,
      "description": "Sysmon event."
    }
  },
  {
    "TimeCreated": "2026-07-04T22:41:56.693Z",
    "EventID": 4698,
    "Source": "Microsoft-Windows-TaskScheduler/Operational",
    "Computer": "DC-01",
    "EventData": {
      "TaskName": "\\Updater",
      "SubjectUserName": "svc_backup"
    },
    "agent": {
      "id": "004",
      "name": "atlas",
      "ip": "172.168.0.105"
    },
    "rule": {
      "id": 4698,
      "level": 7,
      "description": "Scheduled task created for persistence."
    }
  },
  {
    "TimeCreated": "2026-07-16T22:44:25.147Z",
    "EventID": 5001,
    "Source": "Microsoft-Windows-Windows Defender/Operational",
    "Computer": "WS-PC03",
    "EventData": {
      "SubjectUserName": "rjones",
      "CommandLine": "Set-MpPreference -DisableRealtimeMonitoring $true"
    },
    "agent": {
      "id": "004",
      "name": "atlas",
      "ip": "172.168.0.105"
    },
    "rule": {
      "id": 5001,
      "level": 10,
      "description": "Windows Defender tamper attempt detected."
    }
  },
  {
    "TimeCreated": "2026-07-15T22:44:31.895Z",
    "EventID": 1,
    "Source": "Microsoft-Windows-Sysmon",
    "Computer": "WS-PC02",
    "EventData": {
      "Image": "C:\\Windows\\System32\\svchost.exe",
      "CommandLine": "svchost.exe -k netsvcs -p"
    },
    "agent": {
      "id": "004",
      "name": "atlas",
      "ip": "172.168.0.105"
    },
    "rule": {
      "id": 1,
      "level": 2,
      "description": "Sysmon event."
    }
  },
  {
    "TimeCreated": "2026-07-18T22:46:53.601Z",
    "EventID": 4769,
    "Source": "Microsoft-Windows-Security-Auditing",
    "Computer": "DC-01",
    "EventData": {
      "TargetUserName": "svc_backup",
      "IpAddress": "198.51.100.77",
      "TicketEncryptionType": "0x17"
    },
    "agent": {
      "id": "003",
      "name": "hydro",
      "ip": "172.168.0.104"
    },
    "rule": {
      "id": 4769,
      "level": 8,
      "description": "Multiple Kerberos TGS requests using RC4 encryption."
    }
  },
  {
    "TimeCreated": "2026-07-03T22:47:58.594Z",
    "EventID": 4663,
    "Source": "Microsoft-Windows-Security-Auditing",
    "Computer": "WEB-SVR01",
    "EventData": {
      "SubjectUserName": "rjones",
      "ObjectName": "D:\\Shared\\doc_0086.txt"
    },
    "agent": {
      "id": "005",
      "name": "mercury",
      "ip": "172.168.0.106"
    },
    "rule": {
      "id": 4663,
      "level": 2,
      "description": "An object was accessed."
    }
  },
  {
    "TimeCreated": "2026-07-19T22:49:22.054Z",
    "EventID": 7045,
    "Source": "Service Control Manager",
    "Computer": "WS-PC01",
    "EventData": {
      "ServiceName": "UpdateSvc",
      "ImagePath": "C:\\Windows\\Temp\\payload.exe",
      "SubjectUserName": "rjones"
    },
    "agent": {
      "id": "004",
      "name": "atlas",
      "ip": "172.168.0.105"
    },
    "rule": {
      "id": 7045,
      "level": 7,
      "description": "New service installed from a temporary path."
    }
  },
  {
    "TimeCreated": "2026-07-05T22:51:25.292Z",
    "EventID": 4624,
    "Source": "Microsoft-Windows-Security-Auditing",
    "Computer": "WS-PC01",
    "EventData": {
      "TargetUserName": "rjones",
      "TargetDomainName": "CORP",
      "IpAddress": "10.0.1.10",
      "LogonType": 3
    },
    "agent": {
      "id": "004",
      "name": "atlas",
      "ip": "172.168.0.105"
    },
    "rule": {
      "id": 4624,
      "level": 3,
      "description": "Successful logon."
    }
  },
  {
    "TimeCreated": "2026-07-16T22:51:50.508Z",
    "EventID": 60642,
    "Source": "Microsoft-Windows-Security-SPP",
    "Computer": "WS-PC04",
    "EventData": {
      "SubjectUserName": "SYSTEM",
      "Image": "C:\\Windows\\System32\\svchost.exe",
      "CommandLine": "svchost.exe -k netsvcs -p"
    },
    "agent": {
      "id": "005",
      "name": "mercury",
      "ip": "172.168.0.106"
    },
    "rule": {
      "id": 60642,
      "level": 3,
      "description": "Software protection service scheduled successfully."
    }
  },
  {
    "TimeCreated": "2026-07-08T22:54:18.962Z",
    "EventID": 4769,
    "Source": "Microsoft-Windows-Security-Auditing",
    "Computer": "WS-PC02",
    "EventData": {
      "TargetUserName": "helpdesk",
      "IpAddress": "198.51.100.77",
      "TicketEncryptionType": "0x17"
    },
    "agent": {
      "id": "003",
      "name": "hydro",
      "ip": "172.168.0.104"
    },
    "rule": {
      "id": 4769,
      "level": 8,
      "description": "Multiple Kerberos TGS requests using RC4 encryption."
    }
  },
  {
    "TimeCreated": "2026-07-03T22:54:51.991Z",
    "EventID": 5156,
    "Source": "Microsoft-Windows-Security-Auditing",
    "Computer": "WS-PC01",
    "EventData": {
      "Application": "\\device\\harddiskvolume2\\inetpub\\wwwroot\\app.exe",
      "Direction": "Inbound",
      "SourceAddress": "10.0.1.50",
      "DestPort": "443"
    },
    "agent": {
      "id": "005",
      "name": "mercury",
      "ip": "172.168.0.106"
    },
    "rule": {
      "id": 5156,
      "level": 2,
      "description": "Windows Filtering Platform permitted a connection."
    }
  },
  {
    "TimeCreated": "2026-07-08T22:56:47.415Z",
    "EventID": 60642,
    "Source": "Microsoft-Windows-Security-SPP",
    "Computer": "DB-SVR01",
    "EventData": {
      "SubjectUserName": "SYSTEM",
      "Image": "C:\\Windows\\System32\\svchost.exe",
      "CommandLine": "svchost.exe -k netsvcs -p"
    },
    "agent": {
      "id": "004",
      "name": "atlas",
      "ip": "172.168.0.105"
    },
    "rule": {
      "id": 60642,
      "level": 3,
      "description": "Software protection service scheduled successfully."
    }
  },
  {
    "TimeCreated": "2026-07-03T22:58:18.689Z",
    "EventID": 4672,
    "Source": "Microsoft-Windows-Security-Auditing",
    "Computer": "WS-PC02",
    "EventData": {
      "SubjectUserName": "SYSTEM",
      "PrivilegeList": "SeBackupPrivilege"
    },
    "agent": {
      "id": "005",
      "name": "mercury",
      "ip": "172.168.0.106"
    },
    "rule": {
      "id": 4672,
      "level": 3,
      "description": "Special privileges assigned to new logon."
    }
  },
  {
    "TimeCreated": "2026-07-14T22:59:15.869Z",
    "EventID": 4698,
    "Source": "Microsoft-Windows-TaskScheduler/Operational",
    "Computer": "WS-PC04",
    "EventData": {
      "TaskName": "\\Updater",
      "SubjectUserName": "rjones"
    },
    "agent": {
      "id": "003",
      "name": "hydro",
      "ip": "172.168.0.104"
    },
    "rule": {
      "id": 4698,
      "level": 7,
      "description": "Scheduled task created for persistence."
    }
  },
  {
    "TimeCreated": "2026-07-11T23:01:44.322Z",
    "EventID": 7045,
    "Source": "Service Control Manager",
    "Computer": "DB-SVR01",
    "EventData": {
      "ServiceName": "UpdateSvc",
      "ImagePath": "C:\\Windows\\Temp\\payload.exe",
      "SubjectUserName": "asmith"
    },
    "agent": {
      "id": "004",
      "name": "atlas",
      "ip": "172.168.0.105"
    },
    "rule": {
      "id": 7045,
      "level": 7,
      "description": "New service installed from a temporary path."
    }
  },
  {
    "TimeCreated": "2026-07-16T23:01:45.388Z",
    "EventID": 4688,
    "Source": "Microsoft-Windows-Security-Auditing",
    "Computer": "WS-PC02",
    "EventData": {
      "NewProcessName": "C:\\Program Files\\Microsoft Office\\root\\Office16\\OUTLOOK.EXE",
      "CommandLine": "C:\\Program Files\\Microsoft Office\\root\\Office16\\OUTLOOK.EXE",
      "SubjectUserName": "mchen"
    },
    "agent": {
      "id": "005",
      "name": "mercury",
      "ip": "172.168.0.106"
    },
    "rule": {
      "id": 4688,
      "level": 1,
      "description": "Process created."
    }
  },
  {
    "TimeCreated": "2026-07-18T23:04:12.776Z",
    "EventID": 60642,
    "Source": "Microsoft-Windows-Security-SPP",
    "Computer": "DB-SVR01",
    "EventData": {
      "SubjectUserName": "SYSTEM",
      "Image": "C:\\Windows\\System32\\svchost.exe",
      "CommandLine": "svchost.exe -k netsvcs -p"
    },
    "agent": {
      "id": "005",
      "name": "mercury",
      "ip": "172.168.0.106"
    },
    "rule": {
      "id": 60642,
      "level": 3,
      "description": "Software protection service scheduled successfully."
    }
  },
  {
    "TimeCreated": "2026-07-01T23:05:12.086Z",
    "EventID": 4688,
    "Source": "Microsoft-Windows-Security-Auditing",
    "Computer": "WS-PC01",
    "EventData": {
      "NewProcessName": "C:\\Program Files\\Microsoft Office\\root\\Office16\\OUTLOOK.EXE",
      "CommandLine": "C:\\Program Files\\Microsoft Office\\root\\Office16\\OUTLOOK.EXE",
      "SubjectUserName": "asmith"
    },
    "agent": {
      "id": "003",
      "name": "hydro",
      "ip": "172.168.0.104"
    },
    "rule": {
      "id": 4688,
      "level": 1,
      "description": "Process created."
    }
  },
  {
    "TimeCreated": "2026-07-05T23:06:41.230Z",
    "EventID": 4769,
    "Source": "Microsoft-Windows-Security-Auditing",
    "Computer": "WS-PC02",
    "EventData": {
      "TargetUserName": "mchen",
      "IpAddress": "198.51.100.77",
      "TicketEncryptionType": "0x17"
    },
    "agent": {
      "id": "005",
      "name": "mercury",
      "ip": "172.168.0.106"
    },
    "rule": {
      "id": 4769,
      "level": 8,
      "description": "Multiple Kerberos TGS requests using RC4 encryption."
    }
  },
  {
    "TimeCreated": "2026-07-01T23:08:38.785Z",
    "EventID": 4672,
    "Source": "Microsoft-Windows-Security-Auditing",
    "Computer": "WS-PC02",
    "EventData": {
      "SubjectUserName": "SYSTEM",
      "PrivilegeList": "SeBackupPrivilege"
    },
    "agent": {
      "id": "004",
      "name": "atlas",
      "ip": "172.168.0.105"
    },
    "rule": {
      "id": 4672,
      "level": 3,
      "description": "Special privileges assigned to new logon."
    }
  },
  {
    "TimeCreated": "2026-07-10T23:09:09.683Z",
    "EventID": 4104,
    "Source": "Microsoft-Windows-PowerShell/Operational",
    "Computer": "WS-PC03",
    "EventData": {
      "Image": "C:\\Windows\\System32\\WindowsPowerShell\\v1.0\\powershell.exe",
      "CommandLine": "powershell.exe -enc SQBFAFgAIAAoAE4AZQB3AC0ATwBiAGoAZQBjAHQA",
      "SubjectUserName": "rjones"
    },
    "agent": {
      "id": "004",
      "name": "atlas",
      "ip": "172.168.0.105"
    },
    "rule": {
      "id": 4104,
      "level": 12,
      "description": "Suspicious PowerShell encoded command detected."
    }
  },
  {
    "TimeCreated": "2026-07-01T23:11:38.137Z",
    "EventID": 4698,
    "Source": "Microsoft-Windows-TaskScheduler/Operational",
    "Computer": "DC-01",
    "EventData": {
      "TaskName": "\\Updater",
      "SubjectUserName": "helpdesk"
    },
    "agent": {
      "id": "005",
      "name": "mercury",
      "ip": "172.168.0.106"
    },
    "rule": {
      "id": 4698,
      "level": 7,
      "description": "Scheduled task created for persistence."
    }
  },
  {
    "TimeCreated": "2026-07-01T23:12:05.484Z",
    "EventID": 5156,
    "Source": "Microsoft-Windows-Security-Auditing",
    "Computer": "WS-PC04",
    "EventData": {
      "Application": "\\device\\harddiskvolume2\\inetpub\\wwwroot\\app.exe",
      "Direction": "Inbound",
      "SourceAddress": "10.0.1.20",
      "DestPort": "443"
    },
    "agent": {
      "id": "004",
      "name": "atlas",
      "ip": "172.168.0.105"
    },
    "rule": {
      "id": 5156,
      "level": 2,
      "description": "Windows Filtering Platform permitted a connection."
    }
  },
  {
    "TimeCreated": "2026-07-16T23:14:06.590Z",
    "EventID": 7045,
    "Source": "Service Control Manager",
    "Computer": "DB-SVR01",
    "EventData": {
      "ServiceName": "UpdateSvc",
      "ImagePath": "C:\\Windows\\Temp\\payload.exe",
      "SubjectUserName": "rjones"
    },
    "agent": {
      "id": "003",
      "name": "hydro",
      "ip": "172.168.0.104"
    },
    "rule": {
      "id": 7045,
      "level": 7,
      "description": "New service installed from a temporary path."
    }
  },
  {
    "TimeCreated": "2026-07-18T23:15:32.182Z",
    "EventID": 1,
    "Source": "Microsoft-Windows-Sysmon",
    "Computer": "WS-PC01",
    "EventData": {
      "Image": "C:\\Windows\\System32\\svchost.exe",
      "CommandLine": "svchost.exe -k netsvcs -p"
    },
    "agent": {
      "id": "005",
      "name": "mercury",
      "ip": "172.168.0.106"
    },
    "rule": {
      "id": 1,
      "level": 2,
      "description": "Sysmon event."
    }
  },
  {
    "TimeCreated": "2026-07-15T23:16:35.044Z",
    "EventID": 60642,
    "Source": "Microsoft-Windows-Security-SPP",
    "Computer": "WEB-SVR01",
    "EventData": {
      "SubjectUserName": "SYSTEM",
      "Image": "C:\\Windows\\System32\\svchost.exe",
      "CommandLine": "svchost.exe -k netsvcs -p"
    },
    "agent": {
      "id": "005",
      "name": "mercury",
      "ip": "172.168.0.106"
    },
    "rule": {
      "id": 60642,
      "level": 3,
      "description": "Software protection service scheduled successfully."
    }
  },
  {
    "TimeCreated": "2026-07-08T23:18:58.881Z",
    "EventID": 5156,
    "Source": "Microsoft-Windows-Security-Auditing",
    "Computer": "WS-PC01",
    "EventData": {
      "Application": "\\device\\harddiskvolume2\\inetpub\\wwwroot\\app.exe",
      "Direction": "Inbound",
      "SourceAddress": "198.51.100.77",
      "DestPort": "443"
    },
    "agent": {
      "id": "003",
      "name": "hydro",
      "ip": "172.168.0.104"
    },
    "rule": {
      "id": 5156,
      "level": 2,
      "description": "Windows Filtering Platform permitted a connection."
    }
  },
  {
    "TimeCreated": "2026-07-11T23:19:03.498Z",
    "EventID": 4769,
    "Source": "Microsoft-Windows-Security-Auditing",
    "Computer": "WS-PC02",
    "EventData": {
      "TargetUserName": "rjones",
      "IpAddress": "10.0.1.40",
      "TicketEncryptionType": "0x17"
    },
    "agent": {
      "id": "003",
      "name": "hydro",
      "ip": "172.168.0.104"
    },
    "rule": {
      "id": 4769,
      "level": 8,
      "description": "Multiple Kerberos TGS requests using RC4 encryption."
    }
  },
  {
    "TimeCreated": "2026-07-14T23:21:31.951Z",
    "EventID": 1003,
    "Source": "Microsoft-Windows-Sysmon",
    "Computer": "WS-PC01",
    "EventData": {
      "SubjectUserName": "helpdesk",
      "ObjectName": "\\REGISTRY\\MACHINE\\SAM"
    },
    "agent": {
      "id": "004",
      "name": "atlas",
      "ip": "172.168.0.105"
    },
    "rule": {
      "id": 1003,
      "level": 13,
      "description": "SAM hive access consistent with credential dumping."
    }
  },
  {
    "TimeCreated": "2026-07-08T23:22:25.579Z",
    "EventID": 4663,
    "Source": "Microsoft-Windows-Security-Auditing",
    "Computer": "WS-PC02",
    "EventData": {
      "SubjectUserName": "svc_deploy",
      "ObjectName": "D:\\Shared\\doc_0096.txt"
    },
    "agent": {
      "id": "005",
      "name": "mercury",
      "ip": "172.168.0.106"
    },
    "rule": {
      "id": 4663,
      "level": 2,
      "description": "An object was accessed."
    }
  },
  {
    "TimeCreated": "2026-07-13T23:24:00.405Z",
    "EventID": 7045,
    "Source": "Service Control Manager",
    "Computer": "DC-01",
    "EventData": {
      "ServiceName": "UpdateSvc",
      "ImagePath": "C:\\Windows\\Temp\\payload.exe",
      "SubjectUserName": "mchen"
    },
    "agent": {
      "id": "003",
      "name": "hydro",
      "ip": "172.168.0.104"
    },
    "rule": {
      "id": 7045,
      "level": 7,
      "description": "New service installed from a temporary path."
    }
  },
  {
    "TimeCreated": "2026-07-13T23:25:52.278Z",
    "EventID": 4663,
    "Source": "Microsoft-Windows-Security-Auditing",
    "Computer": "WS-PC03",
    "EventData": {
      "SubjectUserName": "svc_backup",
      "ObjectName": "D:\\Shared\\doc_0097.txt"
    },
    "agent": {
      "id": "004",
      "name": "atlas",
      "ip": "172.168.0.105"
    },
    "rule": {
      "id": 4663,
      "level": 2,
      "description": "An object was accessed."
    }
  },
  {
    "TimeCreated": "2026-07-10T23:26:28.858Z",
    "EventID": 60642,
    "Source": "Microsoft-Windows-Security-SPP",
    "Computer": "DB-SVR01",
    "EventData": {
      "SubjectUserName": "SYSTEM",
      "Image": "C:\\Windows\\System32\\svchost.exe",
      "CommandLine": "svchost.exe -k netsvcs -p"
    },
    "agent": {
      "id": "004",
      "name": "atlas",
      "ip": "172.168.0.105"
    },
    "rule": {
      "id": 60642,
      "level": 3,
      "description": "Software protection service scheduled successfully."
    }
  },
  {
    "TimeCreated": "2026-07-13T23:28:57.312Z",
    "EventID": 5001,
    "Source": "Microsoft-Windows-Windows Defender/Operational",
    "Computer": "WS-PC01",
    "EventData": {
      "SubjectUserName": "rjones",
      "CommandLine": "Set-MpPreference -DisableRealtimeMonitoring $true"
    },
    "agent": {
      "id": "004",
      "name": "atlas",
      "ip": "172.168.0.105"
    },
    "rule": {
      "id": 5001,
      "level": 10,
      "description": "Windows Defender tamper attempt detected."
    }
  },
  {
    "TimeCreated": "2026-07-15T23:29:18.976Z",
    "EventID": 4663,
    "Source": "Microsoft-Windows-Security-Auditing",
    "Computer": "WEB-SVR01",
    "EventData": {
      "SubjectUserName": "asmith",
      "ObjectName": "D:\\Shared\\doc_0098.txt"
    },
    "agent": {
      "id": "004",
      "name": "atlas",
      "ip": "172.168.0.105"
    },
    "rule": {
      "id": 4663,
      "level": 2,
      "description": "An object was accessed."
    }
  },
  {
    "TimeCreated": "2026-07-14T23:31:25.766Z",
    "EventID": 60642,
    "Source": "Microsoft-Windows-Security-SPP",
    "Computer": "DB-SVR01",
    "EventData": {
      "SubjectUserName": "SYSTEM",
      "Image": "C:\\Windows\\System32\\svchost.exe",
      "CommandLine": "svchost.exe -k netsvcs -p"
    },
    "agent": {
      "id": "005",
      "name": "mercury",
      "ip": "172.168.0.106"
    },
    "rule": {
      "id": 60642,
      "level": 3,
      "description": "Software protection service scheduled successfully."
    }
  },
  {
    "TimeCreated": "2026-07-02T23:32:45.675Z",
    "EventID": 4634,
    "Source": "Microsoft-Windows-Security-Auditing",
    "Computer": "WS-PC02",
    "EventData": {
      "TargetUserName": "mchen",
      "LogonType": 10
    },
    "agent": {
      "id": "004",
      "name": "atlas",
      "ip": "172.168.0.105"
    },
    "rule": {
      "id": 4634,
      "level": 3,
      "description": "Logoff."
    }
  },
  {
    "TimeCreated": "2026-07-02T23:33:54.219Z",
    "EventID": 4698,
    "Source": "Microsoft-Windows-TaskScheduler/Operational",
    "Computer": "WS-PC04",
    "EventData": {
      "TaskName": "\\Updater",
      "SubjectUserName": "admin"
    },
    "agent": {
      "id": "005",
      "name": "mercury",
      "ip": "172.168.0.106"
    },
    "rule": {
      "id": 4698,
      "level": 7,
      "description": "Scheduled task created for persistence."
    }
  },
  {
    "TimeCreated": "2026-07-08T23:36:12.373Z",
    "EventID": 5156,
    "Source": "Microsoft-Windows-Security-Auditing",
    "Computer": "FILE-SVR01",
    "EventData": {
      "Application": "\\device\\harddiskvolume2\\inetpub\\wwwroot\\app.exe",
      "Direction": "Inbound",
      "SourceAddress": "198.51.100.77",
      "DestPort": "443"
    },
    "agent": {
      "id": "003",
      "name": "hydro",
      "ip": "172.168.0.104"
    },
    "rule": {
      "id": 5156,
      "level": 2,
      "description": "Windows Filtering Platform permitted a connection."
    }
  },
  {
    "TimeCreated": "2026-07-10T23:36:22.673Z",
    "EventID": 4769,
    "Source": "Microsoft-Windows-Security-Auditing",
    "Computer": "DB-SVR01",
    "EventData": {
      "TargetUserName": "jdoe",
      "IpAddress": "10.0.1.20",
      "TicketEncryptionType": "0x17"
    },
    "agent": {
      "id": "005",
      "name": "mercury",
      "ip": "172.168.0.106"
    },
    "rule": {
      "id": 4769,
      "level": 8,
      "description": "Multiple Kerberos TGS requests using RC4 encryption."
    }
  },
  {
    "TimeCreated": "2026-07-13T23:38:51.127Z",
    "EventID": 7045,
    "Source": "Service Control Manager",
    "Computer": "WS-PC01",
    "EventData": {
      "ServiceName": "UpdateSvc",
      "ImagePath": "C:\\Windows\\Temp\\payload.exe",
      "SubjectUserName": "rjones"
    },
    "agent": {
      "id": "005",
      "name": "mercury",
      "ip": "172.168.0.106"
    },
    "rule": {
      "id": 7045,
      "level": 7,
      "description": "New service installed from a temporary path."
    }
  },
  {
    "TimeCreated": "2026-07-09T23:39:39.072Z",
    "EventID": 4624,
    "Source": "Microsoft-Windows-Security-Auditing",
    "Computer": "WS-PC02",
    "EventData": {
      "TargetUserName": "asmith",
      "TargetDomainName": "CORP",
      "IpAddress": "10.0.1.30",
      "LogonType": 3
    },
    "agent": {
      "id": "004",
      "name": "atlas",
      "ip": "172.168.0.105"
    },
    "rule": {
      "id": 4624,
      "level": 3,
      "description": "Successful logon."
    }
  },
  {
    "TimeCreated": "2026-07-07T23:41:19.580Z",
    "EventID": 7045,
    "Source": "Service Control Manager",
    "Computer": "WS-PC01",
    "EventData": {
      "ServiceName": "UpdateSvc",
      "ImagePath": "C:\\Windows\\Temp\\payload.exe",
      "SubjectUserName": "asmith"
    },
    "agent": {
      "id": "004",
      "name": "atlas",
      "ip": "172.168.0.105"
    },
    "rule": {
      "id": 7045,
      "level": 7,
      "description": "New service installed from a temporary path."
    }
  },
  {
    "TimeCreated": "2026-07-18T23:43:05.771Z",
    "EventID": 4672,
    "Source": "Microsoft-Windows-Security-Auditing",
    "Computer": "WEB-SVR01",
    "EventData": {
      "SubjectUserName": "SYSTEM",
      "PrivilegeList": "SeBackupPrivilege"
    },
    "agent": {
      "id": "004",
      "name": "atlas",
      "ip": "172.168.0.105"
    },
    "rule": {
      "id": 4672,
      "level": 3,
      "description": "Special privileges assigned to new logon."
    }
  },
  {
    "TimeCreated": "2026-07-19T23:43:48.034Z",
    "EventID": 60642,
    "Source": "Microsoft-Windows-Security-SPP",
    "Computer": "DB-SVR01",
    "EventData": {
      "SubjectUserName": "SYSTEM",
      "Image": "C:\\Windows\\System32\\svchost.exe",
      "CommandLine": "svchost.exe -k netsvcs -p"
    },
    "agent": {
      "id": "003",
      "name": "hydro",
      "ip": "172.168.0.104"
    },
    "rule": {
      "id": 60642,
      "level": 3,
      "description": "Software protection service scheduled successfully."
    }
  },
  {
    "TimeCreated": "2026-07-07T23:46:16.487Z",
    "EventID": 4769,
    "Source": "Microsoft-Windows-Security-Auditing",
    "Computer": "DC-01",
    "EventData": {
      "TargetUserName": "svc_backup",
      "IpAddress": "203.0.113.50",
      "TicketEncryptionType": "0x17"
    },
    "agent": {
      "id": "004",
      "name": "atlas",
      "ip": "172.168.0.105"
    },
    "rule": {
      "id": 4769,
      "level": 8,
      "description": "Multiple Kerberos TGS requests using RC4 encryption."
    }
  },
  {
    "TimeCreated": "2026-07-11T23:46:32.469Z",
    "EventID": 4624,
    "Source": "Microsoft-Windows-Security-Auditing",
    "Computer": "WS-PC02",
    "EventData": {
      "TargetUserName": "mchen",
      "TargetDomainName": "CORP",
      "IpAddress": "10.0.1.10",
      "LogonType": 2
    },
    "agent": {
      "id": "003",
      "name": "hydro",
      "ip": "172.168.0.104"
    },
    "rule": {
      "id": 4624,
      "level": 3,
      "description": "Successful logon."
    }
  },
  {
    "TimeCreated": "2026-07-10T23:48:44.941Z",
    "EventID": 7045,
    "Source": "Service Control Manager",
    "Computer": "WS-PC03",
    "EventData": {
      "ServiceName": "UpdateSvc",
      "ImagePath": "C:\\Windows\\Temp\\payload.exe",
      "SubjectUserName": "jdoe"
    },
    "agent": {
      "id": "003",
      "name": "hydro",
      "ip": "172.168.0.104"
    },
    "rule": {
      "id": 7045,
      "level": 7,
      "description": "New service installed from a temporary path."
    }
  },
  {
    "TimeCreated": "2026-07-13T23:49:59.168Z",
    "EventID": 5156,
    "Source": "Microsoft-Windows-Security-Auditing",
    "Computer": "DB-SVR01",
    "EventData": {
      "Application": "\\device\\harddiskvolume2\\inetpub\\wwwroot\\app.exe",
      "Direction": "Inbound",
      "SourceAddress": "10.0.1.20",
      "DestPort": "443"
    },
    "agent": {
      "id": "003",
      "name": "hydro",
      "ip": "172.168.0.104"
    },
    "rule": {
      "id": 5156,
      "level": 2,
      "description": "Windows Filtering Platform permitted a connection."
    }
  },
  {
    "TimeCreated": "2026-07-11T23:51:13.395Z",
    "EventID": 1003,
    "Source": "Microsoft-Windows-Sysmon",
    "Computer": "FILE-SVR01",
    "EventData": {
      "SubjectUserName": "asmith",
      "ObjectName": "\\REGISTRY\\MACHINE\\SAM"
    },
    "agent": {
      "id": "005",
      "name": "mercury",
      "ip": "172.168.0.106"
    },
    "rule": {
      "id": 1003,
      "level": 13,
      "description": "SAM hive access consistent with credential dumping."
    }
  },
  {
    "TimeCreated": "2026-07-16T23:53:25.866Z",
    "EventID": 4624,
    "Source": "Microsoft-Windows-Security-Auditing",
    "Computer": "WS-PC03",
    "EventData": {
      "TargetUserName": "svc_deploy",
      "TargetDomainName": "CORP",
      "IpAddress": "10.0.1.30",
      "LogonType": 2
    },
    "agent": {
      "id": "004",
      "name": "atlas",
      "ip": "172.168.0.105"
    },
    "rule": {
      "id": 4624,
      "level": 3,
      "description": "Successful logon."
    }
  },
  {
    "TimeCreated": "2026-07-13T23:53:41.848Z",
    "EventID": 5001,
    "Source": "Microsoft-Windows-Windows Defender/Operational",
    "Computer": "DC-01",
    "EventData": {
      "SubjectUserName": "helpdesk",
      "CommandLine": "Set-MpPreference -DisableRealtimeMonitoring $true"
    },
    "agent": {
      "id": "004",
      "name": "atlas",
      "ip": "172.168.0.105"
    },
    "rule": {
      "id": 5001,
      "level": 10,
      "description": "Windows Defender tamper attempt detected."
    }
  },
  {
    "TimeCreated": "2026-07-18T23:56:10.302Z",
    "EventID": 60642,
    "Source": "Microsoft-Windows-Security-SPP",
    "Computer": "DC-01",
    "EventData": {
      "SubjectUserName": "SYSTEM",
      "Image": "C:\\Windows\\System32\\svchost.exe",
      "CommandLine": "svchost.exe -k netsvcs -p"
    },
    "agent": {
      "id": "005",
      "name": "mercury",
      "ip": "172.168.0.106"
    },
    "rule": {
      "id": 60642,
      "level": 3,
      "description": "Software protection service scheduled successfully."
    }
  },
  {
    "TimeCreated": "2026-07-19T23:56:52.565Z",
    "EventID": 4688,
    "Source": "Microsoft-Windows-Security-Auditing",
    "Computer": "DB-SVR01",
    "EventData": {
      "NewProcessName": "C:\\Program Files\\Google\\Chrome\\Application\\chrome.exe",
      "CommandLine": "C:\\Program Files\\Google\\Chrome\\Application\\chrome.exe",
      "SubjectUserName": "helpdesk"
    },
    "agent": {
      "id": "004",
      "name": "atlas",
      "ip": "172.168.0.105"
    },
    "rule": {
      "id": 4688,
      "level": 1,
      "description": "Process created."
    }
  },
  {
    "TimeCreated": "2026-07-12T23:58:38.755Z",
    "EventID": 7045,
    "Source": "Service Control Manager",
    "Computer": "WS-PC01",
    "EventData": {
      "ServiceName": "UpdateSvc",
      "ImagePath": "C:\\Windows\\Temp\\payload.exe",
      "SubjectUserName": "svc_deploy"
    },
    "agent": {
      "id": "005",
      "name": "mercury",
      "ip": "172.168.0.106"
    },
    "rule": {
      "id": 7045,
      "level": 7,
      "description": "New service installed from a temporary path."
    }
  },
  {
    "TimeCreated": "2026-07-16T00:00:19.263Z",
    "EventID": 4663,
    "Source": "Microsoft-Windows-Security-Auditing",
    "Computer": "DB-SVR01",
    "EventData": {
      "SubjectUserName": "helpdesk",
      "ObjectName": "D:\\Shared\\doc_0107.txt"
    },
    "agent": {
      "id": "004",
      "name": "atlas",
      "ip": "172.168.0.105"
    },
    "rule": {
      "id": 4663,
      "level": 2,
      "description": "An object was accessed."
    }
  },
  {
    "TimeCreated": "2026-07-18T00:01:07.209Z",
    "EventID": 5001,
    "Source": "Microsoft-Windows-Windows Defender/Operational",
    "Computer": "WS-PC01",
    "EventData": {
      "SubjectUserName": "jdoe",
      "CommandLine": "Set-MpPreference -DisableRealtimeMonitoring $true"
    },
    "agent": {
      "id": "003",
      "name": "hydro",
      "ip": "172.168.0.104"
    },
    "rule": {
      "id": 5001,
      "level": 10,
      "description": "Windows Defender tamper attempt detected."
    }
  },
  {
    "TimeCreated": "2026-07-08T00:03:35.663Z",
    "EventID": 61020,
    "Source": "Microsoft-Windows-DotNETRuntime",
    "Computer": "WS-PC01",
    "EventData": {
      "SubjectUserName": "SYSTEM",
      "Image": "C:\\Windows\\System32\\svchost.exe",
      "CommandLine": "svchost.exe -k netsvcs -p"
    },
    "agent": {
      "id": "005",
      "name": "mercury",
      "ip": "172.168.0.106"
    },
    "rule": {
      "id": 61020,
      "level": 5,
      "description": ".NET Runtime - CLR 2.0 does not support profilers written for CLR 1.x."
    }
  },
  {
    "TimeCreated": "2026-07-15T00:03:45.962Z",
    "EventID": 4624,
    "Source": "Microsoft-Windows-Security-Auditing",
    "Computer": "WS-PC03",
    "EventData": {
      "TargetUserName": "helpdesk",
      "TargetDomainName": "CORP",
      "IpAddress": "10.0.1.50",
      "LogonType": 2
    },
    "agent": {
      "id": "003",
      "name": "hydro",
      "ip": "172.168.0.104"
    },
    "rule": {
      "id": 4624,
      "level": 3,
      "description": "Successful logon."
    }
  },
  {
    "TimeCreated": "2026-07-16T00:06:04.116Z",
    "EventID": 4698,
    "Source": "Microsoft-Windows-TaskScheduler/Operational",
    "Computer": "DC-01",
    "EventData": {
      "TaskName": "\\Updater",
      "SubjectUserName": "rjones"
    },
    "agent": {
      "id": "005",
      "name": "mercury",
      "ip": "172.168.0.106"
    },
    "rule": {
      "id": 4698,
      "level": 7,
      "description": "Scheduled task created for persistence."
    }
  },
  {
    "TimeCreated": "2026-07-04T00:07:12.661Z",
    "EventID": 5156,
    "Source": "Microsoft-Windows-Security-Auditing",
    "Computer": "WS-PC04",
    "EventData": {
      "Application": "\\device\\harddiskvolume2\\inetpub\\wwwroot\\app.exe",
      "Direction": "Inbound",
      "SourceAddress": "10.0.1.20",
      "DestPort": "443"
    },
    "agent": {
      "id": "003",
      "name": "hydro",
      "ip": "172.168.0.104"
    },
    "rule": {
      "id": 5156,
      "level": 2,
      "description": "Windows Filtering Platform permitted a connection."
    }
  },
  {
    "TimeCreated": "2026-07-08T00:08:32.570Z",
    "EventID": 4769,
    "Source": "Microsoft-Windows-Security-Auditing",
    "Computer": "WS-PC04",
    "EventData": {
      "TargetUserName": "mchen",
      "IpAddress": "10.0.1.50",
      "TicketEncryptionType": "0x17"
    },
    "agent": {
      "id": "004",
      "name": "atlas",
      "ip": "172.168.0.105"
    },
    "rule": {
      "id": 4769,
      "level": 8,
      "description": "Multiple Kerberos TGS requests using RC4 encryption."
    }
  },
  {
    "TimeCreated": "2026-07-06T00:10:39.359Z",
    "EventID": 1,
    "Source": "Microsoft-Windows-Sysmon",
    "Computer": "WS-PC02",
    "EventData": {
      "Image": "C:\\Windows\\System32\\svchost.exe",
      "CommandLine": "svchost.exe -k netsvcs -p"
    },
    "agent": {
      "id": "005",
      "name": "mercury",
      "ip": "172.168.0.106"
    },
    "rule": {
      "id": 1,
      "level": 2,
      "description": "Sysmon event."
    }
  },
  {
    "TimeCreated": "2026-07-05T00:11:01.023Z",
    "EventID": 7040,
    "Source": "Service Control Manager",
    "Computer": "DB-SVR01",
    "EventData": {
      "NewProcessName": "C:\\Windows\\System32\\psexesvc.exe",
      "CommandLine": "psexec \\\\SRV-APP01 cmd.exe",
      "SubjectUserName": "jdoe"
    },
    "agent": {
      "id": "005",
      "name": "mercury",
      "ip": "172.168.0.106"
    },
    "rule": {
      "id": 7040,
      "level": 12,
      "description": "PsExec remote service execution detected."
    }
  },
  {
    "TimeCreated": "2026-07-09T00:13:29.477Z",
    "EventID": 1003,
    "Source": "Microsoft-Windows-Sysmon",
    "Computer": "WS-PC03",
    "EventData": {
      "SubjectUserName": "helpdesk",
      "ObjectName": "\\REGISTRY\\MACHINE\\SAM"
    },
    "agent": {
      "id": "005",
      "name": "mercury",
      "ip": "172.168.0.106"
    },
    "rule": {
      "id": 1003,
      "level": 13,
      "description": "SAM hive access consistent with credential dumping."
    }
  },
  {
    "TimeCreated": "2026-07-03T00:14:06.058Z",
    "EventID": 1,
    "Source": "Microsoft-Windows-Sysmon",
    "Computer": "WS-PC02",
    "EventData": {
      "Image": "C:\\Windows\\System32\\svchost.exe",
      "CommandLine": "svchost.exe -k netsvcs -p"
    },
    "agent": {
      "id": "003",
      "name": "hydro",
      "ip": "172.168.0.104"
    },
    "rule": {
      "id": 1,
      "level": 2,
      "description": "Sysmon event."
    }
  },
  {
    "TimeCreated": "2026-07-16T00:15:57.931Z",
    "EventID": 4769,
    "Source": "Microsoft-Windows-Security-Auditing",
    "Computer": "WEB-SVR01",
    "EventData": {
      "TargetUserName": "rjones",
      "IpAddress": "10.0.1.40",
      "TicketEncryptionType": "0x17"
    },
    "agent": {
      "id": "003",
      "name": "hydro",
      "ip": "172.168.0.104"
    },
    "rule": {
      "id": 4769,
      "level": 8,
      "description": "Multiple Kerberos TGS requests using RC4 encryption."
    }
  },
  {
    "TimeCreated": "2026-07-02T00:17:32.756Z",
    "EventID": 4663,
    "Source": "Microsoft-Windows-Security-Auditing",
    "Computer": "WS-PC01",
    "EventData": {
      "SubjectUserName": "asmith",
      "ObjectName": "D:\\Shared\\doc_0112.txt"
    },
    "agent": {
      "id": "005",
      "name": "mercury",
      "ip": "172.168.0.106"
    },
    "rule": {
      "id": 4663,
      "level": 2,
      "description": "An object was accessed."
    }
  },
  {
    "TimeCreated": "2026-07-15T00:18:26.384Z",
    "EventID": 7045,
    "Source": "Service Control Manager",
    "Computer": "DC-01",
    "EventData": {
      "ServiceName": "UpdateSvc",
      "ImagePath": "C:\\Windows\\Temp\\payload.exe",
      "SubjectUserName": "asmith"
    },
    "agent": {
      "id": "005",
      "name": "mercury",
      "ip": "172.168.0.106"
    },
    "rule": {
      "id": 7045,
      "level": 7,
      "description": "New service installed from a temporary path."
    }
  },
  {
    "TimeCreated": "2026-07-13T00:20:54.838Z",
    "EventID": 4104,
    "Source": "Microsoft-Windows-PowerShell/Operational",
    "Computer": "WS-PC03",
    "EventData": {
      "Image": "C:\\Windows\\System32\\WindowsPowerShell\\v1.0\\powershell.exe",
      "CommandLine": "powershell.exe -enc SQBFAFgAIAAoAE4AZQB3AC0ATwBiAGoAZQBjAHQA",
      "SubjectUserName": "jdoe"
    },
    "agent": {
      "id": "003",
      "name": "hydro",
      "ip": "172.168.0.104"
    },
    "rule": {
      "id": 4104,
      "level": 12,
      "description": "Suspicious PowerShell encoded command detected."
    }
  },
  {
    "TimeCreated": "2026-07-02T00:20:59.455Z",
    "EventID": 5156,
    "Source": "Microsoft-Windows-Security-Auditing",
    "Computer": "WS-PC04",
    "EventData": {
      "Application": "\\device\\harddiskvolume2\\inetpub\\wwwroot\\app.exe",
      "Direction": "Inbound",
      "SourceAddress": "10.0.1.10",
      "DestPort": "443"
    },
    "agent": {
      "id": "004",
      "name": "atlas",
      "ip": "172.168.0.105"
    },
    "rule": {
      "id": 5156,
      "level": 2,
      "description": "Windows Filtering Platform permitted a connection."
    }
  },
  {
    "TimeCreated": "2026-07-04T00:23:23.291Z",
    "EventID": 4625,
    "Source": "Microsoft-Windows-Security-Auditing",
    "Computer": "WS-PC03",
    "EventData": {
      "TargetUserName": "svc_backup",
      "TargetDomainName": "CORP",
      "IpAddress": "10.0.1.50",
      "LogonType": 3,
      "Status": "0xC000006D"
    },
    "agent": {
      "id": "005",
      "name": "mercury",
      "ip": "172.168.0.106"
    },
    "rule": {
      "id": 4625,
      "level": 6,
      "description": "Multiple failed logon attempts against hydro."
    }
  },
  {
    "TimeCreated": "2026-07-05T00:24:26.153Z",
    "EventID": 4663,
    "Source": "Microsoft-Windows-Security-Auditing",
    "Computer": "DB-SVR01",
    "EventData": {
      "SubjectUserName": "helpdesk",
      "ObjectName": "D:\\Shared\\doc_0114.txt"
    },
    "agent": {
      "id": "004",
      "name": "atlas",
      "ip": "172.168.0.105"
    },
    "rule": {
      "id": 4663,
      "level": 2,
      "description": "An object was accessed."
    }
  },
  {
    "TimeCreated": "2026-07-05T00:25:51.745Z",
    "EventID": 60642,
    "Source": "Microsoft-Windows-Security-SPP",
    "Computer": "WS-PC04",
    "EventData": {
      "SubjectUserName": "SYSTEM",
      "Image": "C:\\Windows\\System32\\svchost.exe",
      "CommandLine": "svchost.exe -k netsvcs -p"
    },
    "agent": {
      "id": "004",
      "name": "atlas",
      "ip": "172.168.0.105"
    },
    "rule": {
      "id": 60642,
      "level": 3,
      "description": "Software protection service scheduled successfully."
    }
  },
  {
    "TimeCreated": "2026-07-06T00:27:52.852Z",
    "EventID": 5156,
    "Source": "Microsoft-Windows-Security-Auditing",
    "Computer": "FILE-SVR01",
    "EventData": {
      "Application": "\\device\\harddiskvolume2\\inetpub\\wwwroot\\app.exe",
      "Direction": "Inbound",
      "SourceAddress": "10.0.1.50",
      "DestPort": "443"
    },
    "agent": {
      "id": "003",
      "name": "hydro",
      "ip": "172.168.0.104"
    },
    "rule": {
      "id": 5156,
      "level": 2,
      "description": "Windows Filtering Platform permitted a connection."
    }
  },
  {
    "TimeCreated": "2026-07-17T00:28:20.199Z",
    "EventID": 4625,
    "Source": "Microsoft-Windows-Security-Auditing",
    "Computer": "WS-PC03",
    "EventData": {
      "TargetUserName": "asmith",
      "TargetDomainName": "CORP",
      "IpAddress": "10.0.1.30",
      "LogonType": 3,
      "Status": "0xC000006D"
    },
    "agent": {
      "id": "004",
      "name": "atlas",
      "ip": "172.168.0.105"
    },
    "rule": {
      "id": 4625,
      "level": 6,
      "description": "Multiple failed logon attempts against hydro."
    }
  },
  {
    "TimeCreated": "2026-07-15T00:30:48.652Z",
    "EventID": 4698,
    "Source": "Microsoft-Windows-TaskScheduler/Operational",
    "Computer": "DB-SVR01",
    "EventData": {
      "TaskName": "\\Updater",
      "SubjectUserName": "helpdesk"
    },
    "agent": {
      "id": "003",
      "name": "hydro",
      "ip": "172.168.0.104"
    },
    "rule": {
      "id": 4698,
      "level": 7,
      "description": "Scheduled task created for persistence."
    }
  },
  {
    "TimeCreated": "2026-07-12T00:31:19.551Z",
    "EventID": 4634,
    "Source": "Microsoft-Windows-Security-Auditing",
    "Computer": "FILE-SVR01",
    "EventData": {
      "TargetUserName": "mchen",
      "LogonType": 2
    },
    "agent": {
      "id": "005",
      "name": "mercury",
      "ip": "172.168.0.106"
    },
    "rule": {
      "id": 4634,
      "level": 3,
      "description": "Logoff."
    }
  },
  {
    "TimeCreated": "2026-07-07T00:33:17.106Z",
    "EventID": 5001,
    "Source": "Microsoft-Windows-Windows Defender/Operational",
    "Computer": "FILE-SVR01",
    "EventData": {
      "SubjectUserName": "asmith",
      "CommandLine": "Set-MpPreference -DisableRealtimeMonitoring $true"
    },
    "agent": {
      "id": "004",
      "name": "atlas",
      "ip": "172.168.0.105"
    },
    "rule": {
      "id": 5001,
      "level": 10,
      "description": "Windows Defender tamper attempt detected."
    }
  },
  {
    "TimeCreated": "2026-07-16T00:34:46.249Z",
    "EventID": 4688,
    "Source": "Microsoft-Windows-Security-Auditing",
    "Computer": "FILE-SVR01",
    "EventData": {
      "NewProcessName": "C:\\Windows\\explorer.exe",
      "CommandLine": "C:\\Windows\\explorer.exe",
      "SubjectUserName": "svc_backup"
    },
    "agent": {
      "id": "004",
      "name": "atlas",
      "ip": "172.168.0.105"
    },
    "rule": {
      "id": 4688,
      "level": 1,
      "description": "Process created."
    }
  },
  {
    "TimeCreated": "2026-07-13T00:35:45.560Z",
    "EventID": 7045,
    "Source": "Service Control Manager",
    "Computer": "WS-PC01",
    "EventData": {
      "ServiceName": "UpdateSvc",
      "ImagePath": "C:\\Windows\\Temp\\payload.exe",
      "SubjectUserName": "asmith"
    },
    "agent": {
      "id": "005",
      "name": "mercury",
      "ip": "172.168.0.106"
    },
    "rule": {
      "id": 7045,
      "level": 7,
      "description": "New service installed from a temporary path."
    }
  },
  {
    "TimeCreated": "2026-07-07T00:38:12.948Z",
    "EventID": 4688,
    "Source": "Microsoft-Windows-Security-Auditing",
    "Computer": "DB-SVR01",
    "EventData": {
      "NewProcessName": "C:\\Program Files\\Google\\Chrome\\Application\\chrome.exe",
      "CommandLine": "C:\\Program Files\\Google\\Chrome\\Application\\chrome.exe",
      "SubjectUserName": "svc_deploy"
    },
    "agent": {
      "id": "005",
      "name": "mercury",
      "ip": "172.168.0.106"
    },
    "rule": {
      "id": 4688,
      "level": 1,
      "description": "Process created."
    }
  },
  {
    "TimeCreated": "2026-07-05T00:38:14.013Z",
    "EventID": 5001,
    "Source": "Microsoft-Windows-Windows Defender/Operational",
    "Computer": "WS-PC04",
    "EventData": {
      "SubjectUserName": "admin",
      "CommandLine": "Set-MpPreference -DisableRealtimeMonitoring $true"
    },
    "agent": {
      "id": "005",
      "name": "mercury",
      "ip": "172.168.0.106"
    },
    "rule": {
      "id": 5001,
      "level": 10,
      "description": "Windows Defender tamper attempt detected."
    }
  },
  {
    "TimeCreated": "2026-07-08T00:40:42.467Z",
    "EventID": 4698,
    "Source": "Microsoft-Windows-TaskScheduler/Operational",
    "Computer": "WS-PC04",
    "EventData": {
      "TaskName": "\\Updater",
      "SubjectUserName": "svc_backup"
    },
    "agent": {
      "id": "004",
      "name": "atlas",
      "ip": "172.168.0.105"
    },
    "rule": {
      "id": 4698,
      "level": 7,
      "description": "Scheduled task created for persistence."
    }
  },
  {
    "TimeCreated": "2026-07-03T00:41:39.646Z",
    "EventID": 4663,
    "Source": "Microsoft-Windows-Security-Auditing",
    "Computer": "WEB-SVR01",
    "EventData": {
      "SubjectUserName": "mchen",
      "ObjectName": "D:\\Shared\\doc_0119.txt"
    },
    "agent": {
      "id": "004",
      "name": "atlas",
      "ip": "172.168.0.105"
    },
    "rule": {
      "id": 4663,
      "level": 2,
      "description": "An object was accessed."
    }
  },
  {
    "TimeCreated": "2026-07-01T00:43:10.920Z",
    "EventID": 4769,
    "Source": "Microsoft-Windows-Security-Auditing",
    "Computer": "WS-PC01",
    "EventData": {
      "TargetUserName": "svc_backup",
      "IpAddress": "10.0.1.10",
      "TicketEncryptionType": "0x17"
    },
    "agent": {
      "id": "004",
      "name": "atlas",
      "ip": "172.168.0.105"
    },
    "rule": {
      "id": 4769,
      "level": 8,
      "description": "Multiple Kerberos TGS requests using RC4 encryption."
    }
  },
  {
    "TimeCreated": "2026-07-19T00:45:06.345Z",
    "EventID": 4634,
    "Source": "Microsoft-Windows-Security-Auditing",
    "Computer": "DC-01",
    "EventData": {
      "TargetUserName": "rjones",
      "LogonType": 2
    },
    "agent": {
      "id": "004",
      "name": "atlas",
      "ip": "172.168.0.105"
    },
    "rule": {
      "id": 4634,
      "level": 3,
      "description": "Logoff."
    }
  },
  {
    "TimeCreated": "2026-07-18T00:45:39.374Z",
    "EventID": 4625,
    "Source": "Microsoft-Windows-Security-Auditing",
    "Computer": "WS-PC01",
    "EventData": {
      "TargetUserName": "helpdesk",
      "TargetDomainName": "CORP",
      "IpAddress": "10.0.1.10",
      "LogonType": 3,
      "Status": "0xC000006D"
    },
    "agent": {
      "id": "004",
      "name": "atlas",
      "ip": "172.168.0.105"
    },
    "rule": {
      "id": 4625,
      "level": 6,
      "description": "Multiple failed logon attempts against hydro."
    }
  },
