  {
    "TimeCreated": "2026-07-13T03:06:20.986Z",
    "EventID": 4672,
    "Source": "Microsoft-Windows-Security-Auditing",
    "Computer": "WS-PC03",
    "EventData": {
      "SubjectUserName": "SYSTEM",
      "PrivilegeList": "SeBackupPrivilege"
    },
    "agent": {
      "id": "005",
      "name": "mercury",
      "ip": "172.168.0.106"
    },
    "rule": {
      "id": 4672,
      "level": 3,
      "description": "Special privileges assigned to new logon."
    }
  },
  {
    "TimeCreated": "2026-07-07T03:06:41.230Z",
    "EventID": 7040,
    "Source": "Service Control Manager",
    "Computer": "FILE-SVR01",
    "EventData": {
      "NewProcessName": "C:\\Windows\\System32\\psexesvc.exe",
      "CommandLine": "psexec \\\\SRV-APP01 cmd.exe",
      "SubjectUserName": "helpdesk"
    },
    "agent": {
      "id": "005",
      "name": "mercury",
      "ip": "172.168.0.106"
    },
    "rule": {
      "id": 7040,
      "level": 12,
      "description": "PsExec remote service execution detected."
    }
  },
  {
    "TimeCreated": "2026-07-06T03:09:09.683Z",
    "EventID": 4104,
    "Source": "Microsoft-Windows-PowerShell/Operational",
    "Computer": "DB-SVR01",
    "EventData": {
      "Image": "C:\\Windows\\System32\\WindowsPowerShell\\v1.0\\powershell.exe",
      "CommandLine": "powershell.exe -enc SQBFAFgAIAAoAE4AZQB3AC0ATwBiAGoAZQBjAHQA",
      "SubjectUserName": "mchen"
    },
    "agent": {
      "id": "003",
      "name": "hydro",
      "ip": "172.168.0.104"
    },
    "rule": {
      "id": 4104,
      "level": 12,
      "description": "Suspicious PowerShell encoded command detected."
    }
  },
  {
    "TimeCreated": "2026-07-10T03:09:47.685Z",
    "EventID": 4663,
    "Source": "Microsoft-Windows-Security-Auditing",
    "Computer": "DC-01",
    "EventData": {
      "SubjectUserName": "admin",
      "ObjectName": "D:\\Shared\\doc_0162.txt"
    },
    "agent": {
      "id": "005",
      "name": "mercury",
      "ip": "172.168.0.106"
    },
    "rule": {
      "id": 4663,
      "level": 2,
      "description": "An object was accessed."
    }
  },
  {
    "TimeCreated": "2026-07-18T03:11:38.137Z",
    "EventID": 5001,
    "Source": "Microsoft-Windows-Windows Defender/Operational",
    "Computer": "WS-PC01",
    "EventData": {
      "SubjectUserName": "rjones",
      "CommandLine": "Set-MpPreference -DisableRealtimeMonitoring $true"
    },
    "agent": {
      "id": "003",
      "name": "hydro",
      "ip": "172.168.0.104"
    },
    "rule": {
      "id": 5001,
      "level": 10,
      "description": "Windows Defender tamper attempt detected."
    }
  },
  {
    "TimeCreated": "2026-07-14T03:13:14.383Z",
    "EventID": 4663,
    "Source": "Microsoft-Windows-Security-Auditing",
    "Computer": "DB-SVR01",
    "EventData": {
      "SubjectUserName": "svc_backup",
      "ObjectName": "D:\\Shared\\doc_0163.txt"
    },
    "agent": {
      "id": "003",
      "name": "hydro",
      "ip": "172.168.0.104"
    },
    "rule": {
      "id": 4663,
      "level": 2,
      "description": "An object was accessed."
    }
  },
  {
    "TimeCreated": "2026-07-16T03:14:06.591Z",
    "EventID": 7040,
    "Source": "Service Control Manager",
    "Computer": "WEB-SVR01",
    "EventData": {
      "NewProcessName": "C:\\Windows\\System32\\psexesvc.exe",
      "CommandLine": "psexec \\\\SRV-APP01 cmd.exe",
      "SubjectUserName": "admin"
    },
    "agent": {
      "id": "004",
      "name": "atlas",
      "ip": "172.168.0.105"
    },
    "rule": {
      "id": 7040,
      "level": 12,
      "description": "PsExec remote service execution detected."
    }
  },
  {
    "TimeCreated": "2026-07-18T03:16:35.044Z",
    "EventID": 7045,
    "Source": "Service Control Manager",
    "Computer": "WS-PC04",
    "EventData": {
      "ServiceName": "UpdateSvc",
      "ImagePath": "C:\\Windows\\Temp\\payload.exe",
      "SubjectUserName": "jdoe"
    },
    "agent": {
      "id": "004",
      "name": "atlas",
      "ip": "172.168.0.105"
    },
    "rule": {
      "id": 7045,
      "level": 7,
      "description": "New service installed from a temporary path."
    }
  },
  {
    "TimeCreated": "2026-07-10T03:16:41.082Z",
    "EventID": 4663,
    "Source": "Microsoft-Windows-Security-Auditing",
    "Computer": "DC-01",
    "EventData": {
      "SubjectUserName": "admin",
      "ObjectName": "D:\\Shared\\doc_0164.txt"
    },
    "agent": {
      "id": "004",
      "name": "atlas",
      "ip": "172.168.0.105"
    },
    "rule": {
      "id": 4663,
      "level": 2,
      "description": "An object was accessed."
    }
  },
  {
    "TimeCreated": "2026-07-09T03:19:03.498Z",
    "EventID": 7040,
    "Source": "Service Control Manager",
    "Computer": "WS-PC04",
    "EventData": {
      "NewProcessName": "C:\\Windows\\System32\\psexesvc.exe",
      "CommandLine": "psexec \\\\SRV-APP01 cmd.exe",
      "SubjectUserName": "mchen"
    },
    "agent": {
      "id": "004",
      "name": "atlas",
      "ip": "172.168.0.105"
    },
    "rule": {
      "id": 7040,
      "level": 12,
      "description": "PsExec remote service execution detected."
    }
  },
  {
    "TimeCreated": "2026-07-07T03:20:07.780Z",
    "EventID": 4634,
    "Source": "Microsoft-Windows-Security-Auditing",
    "Computer": "DC-01",
    "EventData": {
      "TargetUserName": "admin",
      "LogonType": 2
    },
    "agent": {
      "id": "003",
      "name": "hydro",
      "ip": "172.168.0.104"
    },
    "rule": {
      "id": 4634,
      "level": 3,
      "description": "Logoff."
    }
  },
  {
    "TimeCreated": "2026-07-15T03:21:31.951Z",
    "EventID": 7045,
    "Source": "Service Control Manager",
    "Computer": "WS-PC03",
    "EventData": {
      "ServiceName": "UpdateSvc",
      "ImagePath": "C:\\Windows\\Temp\\payload.exe",
      "SubjectUserName": "svc_backup"
    },
    "agent": {
      "id": "004",
      "name": "atlas",
      "ip": "172.168.0.105"
    },
    "rule": {
      "id": 7045,
      "level": 7,
      "description": "New service installed from a temporary path."
    }
  },
  {
    "TimeCreated": "2026-07-03T03:23:34.479Z",
    "EventID": 1,
    "Source": "Microsoft-Windows-Sysmon",
    "Computer": "DC-01",
    "EventData": {
      "Image": "C:\\Windows\\System32\\svchost.exe",
      "CommandLine": "svchost.exe -k netsvcs -p"
    },
    "agent": {
      "id": "004",
      "name": "atlas",
      "ip": "172.168.0.105"
    },
    "rule": {
      "id": 1,
      "level": 2,
      "description": "Sysmon event."
    }
  },
  {
    "TimeCreated": "2026-07-05T03:24:00.405Z",
    "EventID": 4769,
    "Source": "Microsoft-Windows-Security-Auditing",
    "Computer": "WS-PC03",
    "EventData": {
      "TargetUserName": "svc_backup",
      "IpAddress": "198.51.100.77",
      "TicketEncryptionType": "0x17"
    },
    "agent": {
      "id": "005",
      "name": "mercury",
      "ip": "172.168.0.106"
    },
    "rule": {
      "id": 4769,
      "level": 8,
      "description": "Multiple Kerberos TGS requests using RC4 encryption."
    }
  },
  {
    "TimeCreated": "2026-07-12T03:26:28.859Z",
    "EventID": 4769,
    "Source": "Microsoft-Windows-Security-Auditing",
    "Computer": "WS-PC02",
    "EventData": {
      "TargetUserName": "asmith",
      "IpAddress": "203.0.113.50",
      "TicketEncryptionType": "0x17"
    },
    "agent": {
      "id": "004",
      "name": "atlas",
      "ip": "172.168.0.105"
    },
    "rule": {
      "id": 4769,
      "level": 8,
      "description": "Multiple Kerberos TGS requests using RC4 encryption."
    }
  },
  {
    "TimeCreated": "2026-07-10T03:27:01.177Z",
    "EventID": 4688,
    "Source": "Microsoft-Windows-Security-Auditing",
    "Computer": "WS-PC04",
    "EventData": {
      "NewProcessName": "C:\\Program Files\\Microsoft Office\\root\\Office16\\OUTLOOK.EXE",
      "CommandLine": "C:\\Program Files\\Microsoft Office\\root\\Office16\\OUTLOOK.EXE",
      "SubjectUserName": "asmith"
    },
    "agent": {
      "id": "003",
      "name": "hydro",
      "ip": "172.168.0.104"
    },
    "rule": {
      "id": 4688,
      "level": 1,
      "description": "Process created."
    }
  },
  {
    "TimeCreated": "2026-07-01T03:28:57.312Z",
    "EventID": 4698,
    "Source": "Microsoft-Windows-TaskScheduler/Operational",
    "Computer": "DB-SVR01",
    "EventData": {
      "TaskName": "\\Updater",
      "SubjectUserName": "svc_backup"
    },
    "agent": {
      "id": "004",
      "name": "atlas",
      "ip": "172.168.0.105"
    },
    "rule": {
      "id": 4698,
      "level": 7,
      "description": "Scheduled task created for persistence."
    }
  },
  {
    "TimeCreated": "2026-07-08T03:30:27.876Z",
    "EventID": 4624,
    "Source": "Microsoft-Windows-Security-Auditing",
    "Computer": "WS-PC01",
    "EventData": {
      "TargetUserName": "rjones",
      "TargetDomainName": "CORP",
      "IpAddress": "10.0.1.30",
      "LogonType": 10
    },
    "agent": {
      "id": "003",
      "name": "hydro",
      "ip": "172.168.0.104"
    },
    "rule": {
      "id": 4624,
      "level": 3,
      "description": "Successful logon."
    }
  },
  {
    "TimeCreated": "2026-07-02T03:31:25.766Z",
    "EventID": 60642,
    "Source": "Microsoft-Windows-Security-SPP",
    "Computer": "FILE-SVR01",
    "EventData": {
      "SubjectUserName": "SYSTEM",
      "Image": "C:\\Windows\\System32\\svchost.exe",
      "CommandLine": "svchost.exe -k netsvcs -p"
    },
    "agent": {
      "id": "003",
      "name": "hydro",
      "ip": "172.168.0.104"
    },
    "rule": {
      "id": 60642,
      "level": 3,
      "description": "Software protection service scheduled successfully."
    }
  },
  {
    "TimeCreated": "2026-07-02T03:33:54.219Z",
    "EventID": 4769,
    "Source": "Microsoft-Windows-Security-Auditing",
    "Computer": "WS-PC01",
    "EventData": {
      "TargetUserName": "helpdesk",
      "IpAddress": "198.51.100.77",
      "TicketEncryptionType": "0x17"
    },
    "agent": {
      "id": "004",
      "name": "atlas",
      "ip": "172.168.0.105"
    },
    "rule": {
      "id": 4769,
      "level": 8,
      "description": "Multiple Kerberos TGS requests using RC4 encryption."
    }
  },
  {
    "TimeCreated": "2026-07-10T03:33:54.575Z",
    "EventID": 4672,
    "Source": "Microsoft-Windows-Security-Auditing",
    "Computer": "WS-PC02",
    "EventData": {
      "SubjectUserName": "SYSTEM",
      "PrivilegeList": "SeBackupPrivilege"
    },
    "agent": {
      "id": "003",
      "name": "hydro",
      "ip": "172.168.0.104"
    },
    "rule": {
      "id": 4672,
      "level": 3,
      "description": "Special privileges assigned to new logon."
    }
  },
  {
    "TimeCreated": "2026-07-18T03:36:22.673Z",
    "EventID": 5001,
    "Source": "Microsoft-Windows-Windows Defender/Operational",
    "Computer": "WEB-SVR01",
    "EventData": {
      "SubjectUserName": "asmith",
      "CommandLine": "Set-MpPreference -DisableRealtimeMonitoring $true"
    },
    "agent": {
      "id": "005",
      "name": "mercury",
      "ip": "172.168.0.106"
    },
    "rule": {
      "id": 5001,
      "level": 10,
      "description": "Windows Defender tamper attempt detected."
    }
  },
  {
    "TimeCreated": "2026-07-03T03:37:21.273Z",
    "EventID": 5156,
    "Source": "Microsoft-Windows-Security-Auditing",
    "Computer": "WS-PC03",
    "EventData": {
      "Application": "\\device\\harddiskvolume2\\inetpub\\wwwroot\\app.exe",
      "Direction": "Inbound",
      "SourceAddress": "198.51.100.77",
      "DestPort": "443"
    },
    "agent": {
      "id": "003",
      "name": "hydro",
      "ip": "172.168.0.104"
    },
    "rule": {
      "id": 5156,
      "level": 2,
      "description": "Windows Filtering Platform permitted a connection."
    }
  },
  {
    "TimeCreated": "2026-07-03T03:38:51.127Z",
    "EventID": 4104,
    "Source": "Microsoft-Windows-PowerShell/Operational",
    "Computer": "WEB-SVR01",
    "EventData": {
      "Image": "C:\\Windows\\System32\\WindowsPowerShell\\v1.0\\powershell.exe",
      "CommandLine": "powershell.exe -enc SQBFAFgAIAAoAE4AZQB3AC0ATwBiAGoAZQBjAHQA",
      "SubjectUserName": "admin"
    },
    "agent": {
      "id": "005",
      "name": "mercury",
      "ip": "172.168.0.106"
    },
    "rule": {
      "id": 4104,
      "level": 12,
      "description": "Suspicious PowerShell encoded command detected."
    }
  },
  {
    "TimeCreated": "2026-07-17T03:40:47.972Z",
    "EventID": 1,
    "Source": "Microsoft-Windows-Sysmon",
    "Computer": "WEB-SVR01",
    "EventData": {
      "Image": "C:\\Windows\\System32\\svchost.exe",
      "CommandLine": "svchost.exe -k netsvcs -p"
    },
    "agent": {
      "id": "003",
      "name": "hydro",
      "ip": "172.168.0.104"
    },
    "rule": {
      "id": 1,
      "level": 2,
      "description": "Sysmon event."
    }
  },
  {
    "TimeCreated": "2026-07-05T03:41:19.580Z",
    "EventID": 5001,
    "Source": "Microsoft-Windows-Windows Defender/Operational",
    "Computer": "FILE-SVR01",
    "EventData": {
      "SubjectUserName": "svc_backup",
      "CommandLine": "Set-MpPreference -DisableRealtimeMonitoring $true"
    },
    "agent": {
      "id": "004",
      "name": "atlas",
      "ip": "172.168.0.105"
    },
    "rule": {
      "id": 5001,
      "level": 10,
      "description": "Windows Defender tamper attempt detected."
    }
  },
  {
    "TimeCreated": "2026-07-06T03:43:48.034Z",
    "EventID": 4625,
    "Source": "Microsoft-Windows-Security-Auditing",
    "Computer": "DB-SVR01",
    "EventData": {
      "TargetUserName": "svc_deploy",
      "TargetDomainName": "CORP",
      "IpAddress": "10.0.1.30",
      "LogonType": 3,
      "Status": "0xC000006D"
    },
    "agent": {
      "id": "003",
      "name": "hydro",
      "ip": "172.168.0.104"
    },
    "rule": {
      "id": 4625,
      "level": 6,
      "description": "Multiple failed logon attempts against hydro."
    }
  },
  {
    "TimeCreated": "2026-07-14T03:44:14.670Z",
    "EventID": 4688,
    "Source": "Microsoft-Windows-Security-Auditing",
    "Computer": "WS-PC03",
    "EventData": {
      "NewProcessName": "C:\\Program Files\\Microsoft Office\\root\\Office16\\OUTLOOK.EXE",
      "CommandLine": "C:\\Program Files\\Microsoft Office\\root\\Office16\\OUTLOOK.EXE",
      "SubjectUserName": "jdoe"
    },
    "agent": {
      "id": "003",
      "name": "hydro",
      "ip": "172.168.0.104"
    },
    "rule": {
      "id": 4688,
      "level": 1,
      "description": "Process created."
    }
  },
  {
    "TimeCreated": "2026-07-03T03:46:16.488Z",
    "EventID": 61020,
    "Source": "Microsoft-Windows-DotNETRuntime",
    "Computer": "FILE-SVR01",
    "EventData": {
      "SubjectUserName": "SYSTEM",
      "Image": "C:\\Windows\\System32\\svchost.exe",
      "CommandLine": "svchost.exe -k netsvcs -p"
    },
    "agent": {
      "id": "004",
      "name": "atlas",
      "ip": "172.168.0.105"
    },
    "rule": {
      "id": 61020,
      "level": 5,
      "description": ".NET Runtime - CLR 2.0 does not support profilers written for CLR 1.x."
    }
  },
  {
    "TimeCreated": "2026-07-06T03:47:41.369Z",
    "EventID": 4672,
    "Source": "Microsoft-Windows-Security-Auditing",
    "Computer": "DC-01",
    "EventData": {
      "SubjectUserName": "SYSTEM",
      "PrivilegeList": "SeBackupPrivilege"
    },
    "agent": {
      "id": "004",
      "name": "atlas",
      "ip": "172.168.0.105"
    },
    "rule": {
      "id": 4672,
      "level": 3,
      "description": "Special privileges assigned to new logon."
    }
  },
  {
    "TimeCreated": "2026-07-02T03:48:44.941Z",
    "EventID": 60642,
    "Source": "Microsoft-Windows-Security-SPP",
    "Computer": "WEB-SVR01",
    "EventData": {
      "SubjectUserName": "SYSTEM",
      "Image": "C:\\Windows\\System32\\svchost.exe",
      "CommandLine": "svchost.exe -k netsvcs -p"
    },
    "agent": {
      "id": "004",
      "name": "atlas",
      "ip": "172.168.0.105"
    },
    "rule": {
      "id": 60642,
      "level": 3,
      "description": "Software protection service scheduled successfully."
    }
  },
  {
    "TimeCreated": "2026-07-12T03:51:08.067Z",
    "EventID": 4663,
    "Source": "Microsoft-Windows-Security-Auditing",
    "Computer": "DC-01",
    "EventData": {
      "SubjectUserName": "jdoe",
      "ObjectName": "D:\\Shared\\doc_0174.txt"
    },
    "agent": {
      "id": "004",
      "name": "atlas",
      "ip": "172.168.0.105"
    },
    "rule": {
      "id": 4663,
      "level": 2,
      "description": "An object was accessed."
    }
  },
  {
    "TimeCreated": "2026-07-16T03:51:13.395Z",
    "EventID": 4625,
    "Source": "Microsoft-Windows-Security-Auditing",
    "Computer": "WEB-SVR01",
    "EventData": {
      "TargetUserName": "rjones",
      "TargetDomainName": "CORP",
      "IpAddress": "10.0.1.10",
      "LogonType": 3,
      "Status": "0xC000006D"
    },
    "agent": {
      "id": "005",
      "name": "mercury",
      "ip": "172.168.0.106"
    },
    "rule": {
      "id": 4625,
      "level": 6,
      "description": "Multiple failed logon attempts against hydro."
    }
  },
  {
    "TimeCreated": "2026-07-13T03:53:41.848Z",
    "EventID": 7040,
    "Source": "Service Control Manager",
    "Computer": "WS-PC04",
    "EventData": {
      "NewProcessName": "C:\\Windows\\System32\\psexesvc.exe",
      "CommandLine": "psexec \\\\SRV-APP01 cmd.exe",
      "SubjectUserName": "svc_backup"
    },
    "agent": {
      "id": "005",
      "name": "mercury",
      "ip": "172.168.0.106"
    },
    "rule": {
      "id": 7040,
      "level": 12,
      "description": "PsExec remote service execution detected."
    }
  },
  {
    "TimeCreated": "2026-07-13T03:54:34.766Z",
    "EventID": 1,
    "Source": "Microsoft-Windows-Sysmon",
    "Computer": "FILE-SVR01",
    "EventData": {
      "Image": "C:\\Windows\\System32\\svchost.exe",
      "CommandLine": "svchost.exe -k netsvcs -p"
    },
    "agent": {
      "id": "003",
      "name": "hydro",
      "ip": "172.168.0.104"
    },
    "rule": {
      "id": 1,
      "level": 2,
      "description": "Sysmon event."
    }
  },
  {
    "TimeCreated": "2026-07-16T03:56:10.302Z",
    "EventID": 7045,
    "Source": "Service Control Manager",
    "Computer": "FILE-SVR01",
    "EventData": {
      "ServiceName": "UpdateSvc",
      "ImagePath": "C:\\Windows\\Temp\\payload.exe",
      "SubjectUserName": "svc_backup"
    },
    "agent": {
      "id": "004",
      "name": "atlas",
      "ip": "172.168.0.105"
    },
    "rule": {
      "id": 7045,
      "level": 7,
      "description": "New service installed from a temporary path."
    }
  },
  {
    "TimeCreated": "2026-07-09T03:58:01.465Z",
    "EventID": 4688,
    "Source": "Microsoft-Windows-Security-Auditing",
    "Computer": "WS-PC03",
    "EventData": {
      "NewProcessName": "C:\\Windows\\System32\\taskhostw.exe",
      "CommandLine": "C:\\Windows\\System32\\taskhostw.exe",
      "SubjectUserName": "admin"
    },
    "agent": {
      "id": "005",
      "name": "mercury",
      "ip": "172.168.0.106"
    },
    "rule": {
      "id": 4688,
      "level": 1,
      "description": "Process created."
    }
  },
  {
    "TimeCreated": "2026-07-19T03:58:38.756Z",
    "EventID": 4625,
    "Source": "Microsoft-Windows-Security-Auditing",
    "Computer": "FILE-SVR01",
    "EventData": {
      "TargetUserName": "rjones",
      "TargetDomainName": "CORP",
      "IpAddress": "198.51.100.77",
      "LogonType": 3,
      "Status": "0xC000006D"
    },
    "agent": {
      "id": "003",
      "name": "hydro",
      "ip": "172.168.0.104"
    },
    "rule": {
      "id": 4625,
      "level": 6,
      "description": "Multiple failed logon attempts against hydro."
    }
  },
  {
    "TimeCreated": "2026-07-11T04:01:07.209Z",
    "EventID": 1003,
    "Source": "Microsoft-Windows-Sysmon",
    "Computer": "DC-01",
    "EventData": {
      "SubjectUserName": "jdoe",
      "ObjectName": "\\REGISTRY\\MACHINE\\SAM"
    },
    "agent": {
      "id": "003",
      "name": "hydro",
      "ip": "172.168.0.104"
    },
    "rule": {
      "id": 1003,
      "level": 13,
      "description": "SAM hive access consistent with credential dumping."
    }
  },
  {
    "TimeCreated": "2026-07-11T04:01:28.163Z",
    "EventID": 5156,
    "Source": "Microsoft-Windows-Security-Auditing",
    "Computer": "FILE-SVR01",
    "EventData": {
      "Application": "\\device\\harddiskvolume2\\inetpub\\wwwroot\\app.exe",
      "Direction": "Inbound",
      "SourceAddress": "198.51.100.77",
      "DestPort": "443"
    },
    "agent": {
      "id": "004",
      "name": "atlas",
      "ip": "172.168.0.105"
    },
    "rule": {
      "id": 5156,
      "level": 2,
      "description": "Windows Filtering Platform permitted a connection."
    }
  },
  {
    "TimeCreated": "2026-07-04T04:03:35.663Z",
    "EventID": 60642,
    "Source": "Microsoft-Windows-Security-SPP",
    "Computer": "DB-SVR01",
    "EventData": {
      "SubjectUserName": "SYSTEM",
      "Image": "C:\\Windows\\System32\\svchost.exe",
      "CommandLine": "svchost.exe -k netsvcs -p"
    },
    "agent": {
      "id": "005",
      "name": "mercury",
      "ip": "172.168.0.106"
    },
    "rule": {
      "id": 60642,
      "level": 3,
      "description": "Software protection service scheduled successfully."
    }
  },
  {
    "TimeCreated": "2026-07-18T04:04:54.862Z",
    "EventID": 4624,
    "Source": "Microsoft-Windows-Security-Auditing",
    "Computer": "DB-SVR01",
    "EventData": {
      "TargetUserName": "asmith",
      "TargetDomainName": "CORP",
      "IpAddress": "203.0.113.50",
      "LogonType": 2
    },
    "agent": {
      "id": "005",
      "name": "mercury",
      "ip": "172.168.0.106"
    },
    "rule": {
      "id": 4624,
      "level": 3,
      "description": "Successful logon."
    }
  },
  {
    "TimeCreated": "2026-07-03T04:06:04.116Z",
    "EventID": 5001,
    "Source": "Microsoft-Windows-Windows Defender/Operational",
    "Computer": "WS-PC04",
    "EventData": {
      "SubjectUserName": "helpdesk",
      "CommandLine": "Set-MpPreference -DisableRealtimeMonitoring $true"
    },
    "agent": {
      "id": "004",
      "name": "atlas",
      "ip": "172.168.0.105"
    },
    "rule": {
      "id": 5001,
      "level": 10,
      "description": "Windows Defender tamper attempt detected."
    }
  },
  {
    "TimeCreated": "2026-07-07T04:08:21.560Z",
    "EventID": 4672,
    "Source": "Microsoft-Windows-Security-Auditing",
    "Computer": "WS-PC04",
    "EventData": {
      "SubjectUserName": "SYSTEM",
      "PrivilegeList": "SeBackupPrivilege"
    },
    "agent": {
      "id": "004",
      "name": "atlas",
      "ip": "172.168.0.105"
    },
    "rule": {
      "id": 4672,
      "level": 3,
      "description": "Special privileges assigned to new logon."
    }
  },
  {
    "TimeCreated": "2026-07-09T04:08:32.570Z",
    "EventID": 7045,
    "Source": "Service Control Manager",
    "Computer": "DB-SVR01",
    "EventData": {
      "ServiceName": "UpdateSvc",
      "ImagePath": "C:\\Windows\\Temp\\payload.exe",
      "SubjectUserName": "svc_backup"
    },
    "agent": {
      "id": "005",
      "name": "mercury",
      "ip": "172.168.0.106"
    },
    "rule": {
      "id": 7045,
      "level": 7,
      "description": "New service installed from a temporary path."
    }
  },
  {
    "TimeCreated": "2026-07-09T04:11:01.024Z",
    "EventID": 61020,
    "Source": "Microsoft-Windows-DotNETRuntime",
    "Computer": "DC-01",
    "EventData": {
      "SubjectUserName": "SYSTEM",
      "Image": "C:\\Windows\\System32\\svchost.exe",
      "CommandLine": "svchost.exe -k netsvcs -p"
    },
    "agent": {
      "id": "005",
      "name": "mercury",
      "ip": "172.168.0.106"
    },
    "rule": {
      "id": 61020,
      "level": 5,
      "description": ".NET Runtime - CLR 2.0 does not support profilers written for CLR 1.x."
    }
  },
  {
    "TimeCreated": "2026-07-10T04:11:48.259Z",
    "EventID": 4634,
    "Source": "Microsoft-Windows-Security-Auditing",
    "Computer": "WS-PC03",
    "EventData": {
      "TargetUserName": "jdoe",
      "LogonType": 2
    },
    "agent": {
      "id": "004",
      "name": "atlas",
      "ip": "172.168.0.105"
    },
    "rule": {
      "id": 4634,
      "level": 3,
      "description": "Logoff."
    }
  },
  {
    "TimeCreated": "2026-07-05T04:13:29.477Z",
    "EventID": 7045,
    "Source": "Service Control Manager",
    "Computer": "WEB-SVR01",
    "EventData": {
      "ServiceName": "UpdateSvc",
      "ImagePath": "C:\\Windows\\Temp\\payload.exe",
      "SubjectUserName": "jdoe"
    },
    "agent": {
      "id": "005",
      "name": "mercury",
      "ip": "172.168.0.106"
    },
    "rule": {
      "id": 7045,
      "level": 7,
      "description": "New service installed from a temporary path."
    }
  },
  {
    "TimeCreated": "2026-07-04T04:15:14.957Z",
    "EventID": 4672,
    "Source": "Microsoft-Windows-Security-Auditing",
    "Computer": "DC-01",
    "EventData": {
      "SubjectUserName": "SYSTEM",
      "PrivilegeList": "SeBackupPrivilege"
    },
    "agent": {
      "id": "004",
      "name": "atlas",
      "ip": "172.168.0.105"
    },
    "rule": {
      "id": 4672,
      "level": 3,
      "description": "Special privileges assigned to new logon."
    }
  },
  {
    "TimeCreated": "2026-07-15T04:15:57.931Z",
    "EventID": 4769,
    "Source": "Microsoft-Windows-Security-Auditing",
    "Computer": "WS-PC02",
    "EventData": {
      "TargetUserName": "svc_deploy",
      "IpAddress": "10.0.1.50",
      "TicketEncryptionType": "0x17"
    },
    "agent": {
      "id": "004",
      "name": "atlas",
      "ip": "172.168.0.105"
    },
    "rule": {
      "id": 4769,
      "level": 8,
      "description": "Multiple Kerberos TGS requests using RC4 encryption."
    }
  },
  {
    "TimeCreated": "2026-07-14T04:18:26.384Z",
    "EventID": 60642,
    "Source": "Microsoft-Windows-Security-SPP",
    "Computer": "WS-PC04",
    "EventData": {
      "SubjectUserName": "SYSTEM",
      "Image": "C:\\Windows\\System32\\svchost.exe",
      "CommandLine": "svchost.exe -k netsvcs -p"
    },
    "agent": {
      "id": "003",
      "name": "hydro",
      "ip": "172.168.0.104"
    },
    "rule": {
      "id": 60642,
      "level": 3,
      "description": "Software protection service scheduled successfully."
    }
  },
  {
    "TimeCreated": "2026-07-14T04:18:41.656Z",
    "EventID": 4688,
    "Source": "Microsoft-Windows-Security-Auditing",
    "Computer": "DC-01",
    "EventData": {
      "NewProcessName": "C:\\Windows\\System32\\notepad.exe",
      "CommandLine": "C:\\Windows\\System32\\notepad.exe",
      "SubjectUserName": "admin"
    },
    "agent": {
      "id": "005",
      "name": "mercury",
      "ip": "172.168.0.106"
    },
    "rule": {
      "id": 4688,
      "level": 1,
      "description": "Process created."
    }
  },
  {
    "TimeCreated": "2026-07-12T04:20:54.838Z",
    "EventID": 4104,
    "Source": "Microsoft-Windows-PowerShell/Operational",
    "Computer": "FILE-SVR01",
    "EventData": {
      "Image": "C:\\Windows\\System32\\WindowsPowerShell\\v1.0\\powershell.exe",
      "CommandLine": "powershell.exe -enc SQBFAFgAIAAoAE4AZQB3AC0ATwBiAGoAZQBjAHQA",
      "SubjectUserName": "svc_backup"
    },
    "agent": {
      "id": "005",
      "name": "mercury",
      "ip": "172.168.0.106"
    },
    "rule": {
      "id": 4104,
      "level": 12,
      "description": "Suspicious PowerShell encoded command detected."
    }
  },
  {
    "TimeCreated": "2026-07-07T04:22:08.355Z",
    "EventID": 4634,
    "Source": "Microsoft-Windows-Security-Auditing",
    "Computer": "FILE-SVR01",
    "EventData": {
      "TargetUserName": "svc_backup",
      "LogonType": 10
    },
    "agent": {
      "id": "003",
      "name": "hydro",
      "ip": "172.168.0.104"
    },
    "rule": {
      "id": 4634,
      "level": 3,
      "description": "Logoff."
    }
  },
  {
    "TimeCreated": "2026-07-04T04:23:23.292Z",
    "EventID": 5001,
    "Source": "Microsoft-Windows-Windows Defender/Operational",
    "Computer": "DC-01",
    "EventData": {
      "SubjectUserName": "mchen",
      "CommandLine": "Set-MpPreference -DisableRealtimeMonitoring $true"
    },
    "agent": {
      "id": "005",
      "name": "mercury",
      "ip": "172.168.0.106"
    },
    "rule": {
      "id": 5001,
      "level": 10,
      "description": "Windows Defender tamper attempt detected."
    }
  },
  {
    "TimeCreated": "2026-07-17T04:25:35.053Z",
    "EventID": 4634,
    "Source": "Microsoft-Windows-Security-Auditing",
    "Computer": "FILE-SVR01",
    "EventData": {
      "TargetUserName": "rjones",
      "LogonType": 3
    },
    "agent": {
      "id": "004",
      "name": "atlas",
      "ip": "172.168.0.105"
    },
    "rule": {
      "id": 4634,
      "level": 3,
      "description": "Logoff."
    }
  },
  {
    "TimeCreated": "2026-07-03T04:25:51.745Z",
    "EventID": 4104,
    "Source": "Microsoft-Windows-PowerShell/Operational",
    "Computer": "WS-PC01",
    "EventData": {
      "Image": "C:\\Windows\\System32\\WindowsPowerShell\\v1.0\\powershell.exe",
      "CommandLine": "powershell.exe -enc SQBFAFgAIAAoAE4AZQB3AC0ATwBiAGoAZQBjAHQA",
      "SubjectUserName": "svc_backup"
    },
    "agent": {
      "id": "003",
      "name": "hydro",
      "ip": "172.168.0.104"
    },
    "rule": {
      "id": 4104,
      "level": 12,
      "description": "Suspicious PowerShell encoded command detected."
    }
  },
  {
    "TimeCreated": "2026-07-11T04:28:20.199Z",
    "EventID": 61020,
    "Source": "Microsoft-Windows-DotNETRuntime",
    "Computer": "WS-PC02",
    "EventData": {
      "SubjectUserName": "SYSTEM",
      "Image": "C:\\Windows\\System32\\svchost.exe",
      "CommandLine": "svchost.exe -k netsvcs -p"
    },
    "agent": {
      "id": "005",
      "name": "mercury",
      "ip": "172.168.0.106"
    },
    "rule": {
      "id": 61020,
      "level": 5,
      "description": ".NET Runtime - CLR 2.0 does not support profilers written for CLR 1.x."
    }
  },
  {
    "TimeCreated": "2026-07-06T04:29:01.752Z",
    "EventID": 4634,
    "Source": "Microsoft-Windows-Security-Auditing",
    "Computer": "WS-PC03",
    "EventData": {
      "TargetUserName": "rjones",
      "LogonType": 3
    },
    "agent": {
      "id": "003",
      "name": "hydro",
      "ip": "172.168.0.104"
    },
    "rule": {
      "id": 4634,
      "level": 3,
      "description": "Logoff."
    }
  },
  {
    "TimeCreated": "2026-07-14T04:30:48.652Z",
    "EventID": 60642,
    "Source": "Microsoft-Windows-Security-SPP",
    "Computer": "WEB-SVR01",
    "EventData": {
      "SubjectUserName": "SYSTEM",
      "Image": "C:\\Windows\\System32\\svchost.exe",
      "CommandLine": "svchost.exe -k netsvcs -p"
    },
    "agent": {
      "id": "003",
      "name": "hydro",
      "ip": "172.168.0.104"
    },
    "rule": {
      "id": 60642,
      "level": 3,
      "description": "Software protection service scheduled successfully."
    }
  },
  {
    "TimeCreated": "2026-07-19T04:32:28.450Z",
    "EventID": 4663,
    "Source": "Microsoft-Windows-Security-Auditing",
    "Computer": "WS-PC02",
    "EventData": {
      "SubjectUserName": "helpdesk",
      "ObjectName": "D:\\Shared\\doc_0186.txt"
    },
    "agent": {
      "id": "005",
      "name": "mercury",
      "ip": "172.168.0.106"
    },
    "rule": {
      "id": 4663,
      "level": 2,
      "description": "An object was accessed."
    }
  },
  {
    "TimeCreated": "2026-07-09T04:33:17.106Z",
    "EventID": 61020,
    "Source": "Microsoft-Windows-DotNETRuntime",
    "Computer": "FILE-SVR01",
    "EventData": {
      "SubjectUserName": "SYSTEM",
      "Image": "C:\\Windows\\System32\\svchost.exe",
      "CommandLine": "svchost.exe -k netsvcs -p"
    },
    "agent": {
      "id": "003",
      "name": "hydro",
      "ip": "172.168.0.104"
    },
    "rule": {
      "id": 61020,
      "level": 5,
      "description": ".NET Runtime - CLR 2.0 does not support profilers written for CLR 1.x."
    }
  },
  {
    "TimeCreated": "2026-07-05T04:35:45.560Z",
    "EventID": 4698,
    "Source": "Microsoft-Windows-TaskScheduler/Operational",
    "Computer": "WS-PC03",
    "EventData": {
      "TaskName": "\\Updater",
      "SubjectUserName": "jdoe"
    },
    "agent": {
      "id": "003",
      "name": "hydro",
      "ip": "172.168.0.104"
    },
    "rule": {
      "id": 4698,
      "level": 7,
      "description": "Scheduled task created for persistence."
    }
  },
  {
    "TimeCreated": "2026-07-12T04:35:55.149Z",
    "EventID": 4663,
    "Source": "Microsoft-Windows-Security-Auditing",
    "Computer": "DC-01",
    "EventData": {
      "SubjectUserName": "asmith",
      "ObjectName": "D:\\Shared\\doc_0187.txt"
    },
    "agent": {
      "id": "005",
      "name": "mercury",
      "ip": "172.168.0.106"
    },
    "rule": {
      "id": 4663,
      "level": 2,
      "description": "An object was accessed."
    }
  },
  {
    "TimeCreated": "2026-07-11T04:38:14.013Z",
    "EventID": 4104,
    "Source": "Microsoft-Windows-PowerShell/Operational",
    "Computer": "WS-PC01",
    "EventData": {
      "Image": "C:\\Windows\\System32\\WindowsPowerShell\\v1.0\\powershell.exe",
      "CommandLine": "powershell.exe -enc SQBFAFgAIAAoAE4AZQB3AC0ATwBiAGoAZQBjAHQA",
      "SubjectUserName": "rjones"
    },
    "agent": {
      "id": "003",
      "name": "hydro",
      "ip": "172.168.0.104"
    },
    "rule": {
      "id": 4104,
      "level": 12,
      "description": "Suspicious PowerShell encoded command detected."
    }
  },
  {
    "TimeCreated": "2026-07-11T04:39:21.847Z",
    "EventID": 4688,
    "Source": "Microsoft-Windows-Security-Auditing",
    "Computer": "WS-PC01",
    "EventData": {
      "NewProcessName": "C:\\Program Files\\Google\\Chrome\\Application\\chrome.exe",
      "CommandLine": "C:\\Program Files\\Google\\Chrome\\Application\\chrome.exe",
      "SubjectUserName": "svc_deploy"
    },
    "agent": {
      "id": "005",
      "name": "mercury",
      "ip": "172.168.0.106"
    },
    "rule": {
      "id": 4688,
      "level": 1,
      "description": "Process created."
    }
  },
  {
    "TimeCreated": "2026-07-04T04:40:42.467Z",
    "EventID": 4104,
    "Source": "Microsoft-Windows-PowerShell/Operational",
    "Computer": "DB-SVR01",
    "EventData": {
      "Image": "C:\\Windows\\System32\\WindowsPowerShell\\v1.0\\powershell.exe",
      "CommandLine": "powershell.exe -enc SQBFAFgAIAAoAE4AZQB3AC0ATwBiAGoAZQBjAHQA",
      "SubjectUserName": "svc_deploy"
    },
    "agent": {
      "id": "003",
      "name": "hydro",
      "ip": "172.168.0.104"
    },
    "rule": {
      "id": 4104,
      "level": 12,
      "description": "Suspicious PowerShell encoded command detected."
    }
  },
  {
    "TimeCreated": "2026-07-01T04:42:48.546Z",
    "EventID": 4672,
    "Source": "Microsoft-Windows-Security-Auditing",
    "Computer": "WS-PC03",
    "EventData": {
      "SubjectUserName": "SYSTEM",
      "PrivilegeList": "SeBackupPrivilege"
    },
    "agent": {
      "id": "004",
      "name": "atlas",
      "ip": "172.168.0.105"
    },
    "rule": {
      "id": 4672,
      "level": 3,
      "description": "Special privileges assigned to new logon."
    }
  },
  {
    "TimeCreated": "2026-07-12T04:43:10.921Z",
    "EventID": 60642,
    "Source": "Microsoft-Windows-Security-SPP",
    "Computer": "WEB-SVR01",
    "EventData": {
      "SubjectUserName": "SYSTEM",
      "Image": "C:\\Windows\\System32\\svchost.exe",
      "CommandLine": "svchost.exe -k netsvcs -p"
    },
    "agent": {
      "id": "004",
      "name": "atlas",
      "ip": "172.168.0.105"
    },
    "rule": {
      "id": 60642,
      "level": 3,
      "description": "Software protection service scheduled successfully."
    }
  },
  {
    "TimeCreated": "2026-07-02T04:45:39.374Z",
    "EventID": 1003,
    "Source": "Microsoft-Windows-Sysmon",
    "Computer": "FILE-SVR01",
    "EventData": {
      "SubjectUserName": "asmith",
      "ObjectName": "\\REGISTRY\\MACHINE\\SAM"
    },
    "agent": {
      "id": "003",
      "name": "hydro",
      "ip": "172.168.0.104"
    },
    "rule": {
      "id": 1003,
      "level": 13,
      "description": "SAM hive access consistent with credential dumping."
    }
  },
  {
    "TimeCreated": "2026-07-03T04:46:15.245Z",
    "EventID": 4688,
    "Source": "Microsoft-Windows-Security-Auditing",
    "Computer": "FILE-SVR01",
    "EventData": {
      "NewProcessName": "C:\\Windows\\System32\\notepad.exe",
      "CommandLine": "C:\\Windows\\System32\\notepad.exe",
      "SubjectUserName": "rjones"
    },
    "agent": {
      "id": "003",
      "name": "hydro",
      "ip": "172.168.0.104"
    },
    "rule": {
      "id": 4688,
      "level": 1,
      "description": "Process created."
    }
  },
  {
    "TimeCreated": "2026-07-10T04:48:07.828Z",
    "EventID": 4104,
    "Source": "Microsoft-Windows-PowerShell/Operational",
    "Computer": "WS-PC02",
    "EventData": {
      "Image": "C:\\Windows\\System32\\WindowsPowerShell\\v1.0\\powershell.exe",
      "CommandLine": "powershell.exe -enc SQBFAFgAIAAoAE4AZQB3AC0ATwBiAGoAZQBjAHQA",
      "SubjectUserName": "helpdesk"
    },
    "agent": {
      "id": "003",
      "name": "hydro",
      "ip": "172.168.0.104"
    },
    "rule": {
      "id": 4104,
      "level": 12,
      "description": "Suspicious PowerShell encoded command detected."
    }
  },
  {
    "TimeCreated": "2026-07-12T04:49:41.943Z",
    "EventID": 4663,
    "Source": "Microsoft-Windows-Security-Auditing",
    "Computer": "WS-PC03",
    "EventData": {
      "SubjectUserName": "asmith",
      "ObjectName": "D:\\Shared\\doc_0191.txt"
    },
    "agent": {
      "id": "004",
      "name": "atlas",
      "ip": "172.168.0.105"
    },
    "rule": {
      "id": 4663,
      "level": 2,
      "description": "An object was accessed."
    }
  },
  {
    "TimeCreated": "2026-07-06T04:50:36.281Z",
    "EventID": 7040,
    "Source": "Service Control Manager",
    "Computer": "DC-01",
    "EventData": {
      "NewProcessName": "C:\\Windows\\System32\\psexesvc.exe",
      "CommandLine": "psexec \\\\SRV-APP01 cmd.exe",
      "SubjectUserName": "rjones"
    },
    "agent": {
      "id": "005",
      "name": "mercury",
      "ip": "172.168.0.106"
    },
    "rule": {
      "id": 7040,
      "level": 12,
      "description": "PsExec remote service execution detected."
    }
  },
  {
    "TimeCreated": "2026-07-02T04:53:04.735Z",
    "EventID": 5001,
    "Source": "Microsoft-Windows-Windows Defender/Operational",
    "Computer": "WEB-SVR01",
    "EventData": {
      "SubjectUserName": "rjones",
      "CommandLine": "Set-MpPreference -DisableRealtimeMonitoring $true"
    },
    "agent": {
      "id": "005",
      "name": "mercury",
      "ip": "172.168.0.106"
    },
    "rule": {
      "id": 5001,
      "level": 10,
      "description": "Windows Defender tamper attempt detected."
    }
  },
  {
    "TimeCreated": "2026-07-09T04:53:08.642Z",
    "EventID": 1,
    "Source": "Microsoft-Windows-Sysmon",
    "Computer": "FILE-SVR01",
    "EventData": {
      "Image": "C:\\Windows\\System32\\svchost.exe",
      "CommandLine": "svchost.exe -k netsvcs -p"
    },
    "agent": {
      "id": "004",
      "name": "atlas",
      "ip": "172.168.0.105"
    },
    "rule": {
      "id": 1,
      "level": 2,
      "description": "Sysmon event."
    }
  },
  {
    "TimeCreated": "2026-07-09T04:55:33.189Z",
    "EventID": 7040,
    "Source": "Service Control Manager",
    "Computer": "DB-SVR01",
    "EventData": {
      "NewProcessName": "C:\\Windows\\System32\\psexesvc.exe",
      "CommandLine": "psexec \\\\SRV-APP01 cmd.exe",
      "SubjectUserName": "jdoe"
    },
    "agent": {
      "id": "005",
      "name": "mercury",
      "ip": "172.168.0.106"
    },
    "rule": {
      "id": 7040,
      "level": 12,
      "description": "PsExec remote service execution detected."
    }
  },
  {
    "TimeCreated": "2026-07-18T04:56:35.340Z",
    "EventID": 4663,
    "Source": "Microsoft-Windows-Security-Auditing",
    "Computer": "WEB-SVR01",
    "EventData": {
      "SubjectUserName": "svc_deploy",
      "ObjectName": "D:\\Shared\\doc_0193.txt"
    },
    "agent": {
      "id": "003",
      "name": "hydro",
      "ip": "172.168.0.104"
    },
    "rule": {
      "id": 4663,
      "level": 2,
      "description": "An object was accessed."
    }
  },
  {
    "TimeCreated": "2026-07-03T04:58:01.642Z",
    "EventID": 7045,
    "Source": "Service Control Manager",
    "Computer": "WS-PC01",
    "EventData": {
      "ServiceName": "UpdateSvc",
      "ImagePath": "C:\\Windows\\Temp\\payload.exe",
      "SubjectUserName": "asmith"
    },
    "agent": {
      "id": "003",
      "name": "hydro",
      "ip": "172.168.0.104"
    },
    "rule": {
      "id": 7045,
      "level": 7,
      "description": "New service installed from a temporary path."
    }
  },
  {
    "TimeCreated": "2026-07-15T05:00:02.039Z",
    "EventID": 1,
    "Source": "Microsoft-Windows-Sysmon",
    "Computer": "FILE-SVR01",
    "EventData": {
      "Image": "C:\\Windows\\System32\\svchost.exe",
      "CommandLine": "svchost.exe -k netsvcs -p"
    },
    "agent": {
      "id": "004",
      "name": "atlas",
      "ip": "172.168.0.105"
    },
    "rule": {
      "id": 1,
      "level": 2,
      "description": "Sysmon event."
    }
  },
  {
    "TimeCreated": "2026-07-05T05:00:30.096Z",
    "EventID": 5001,
    "Source": "Microsoft-Windows-Windows Defender/Operational",
    "Computer": "WEB-SVR01",
    "EventData": {
      "SubjectUserName": "mchen",
      "CommandLine": "Set-MpPreference -DisableRealtimeMonitoring $true"
    },
    "agent": {
      "id": "005",
      "name": "mercury",
      "ip": "172.168.0.106"
    },
    "rule": {
      "id": 5001,
      "level": 10,
      "description": "Windows Defender tamper attempt detected."
    }
  },
  {
    "TimeCreated": "2026-07-06T05:02:58.549Z",
    "EventID": 60642,
    "Source": "Microsoft-Windows-Security-SPP",
    "Computer": "FILE-SVR01",
    "EventData": {
      "SubjectUserName": "SYSTEM",
      "Image": "C:\\Windows\\System32\\svchost.exe",
      "CommandLine": "svchost.exe -k netsvcs -p"
    },
    "agent": {
      "id": "003",
      "name": "hydro",
      "ip": "172.168.0.104"
    },
    "rule": {
      "id": 60642,
      "level": 3,
      "description": "Software protection service scheduled successfully."
    }
  },
  {
    "TimeCreated": "2026-07-15T05:03:28.737Z",
    "EventID": 4624,
    "Source": "Microsoft-Windows-Security-Auditing",
    "Computer": "WS-PC04",
    "EventData": {
      "TargetUserName": "svc_deploy",
      "TargetDomainName": "CORP",
      "IpAddress": "203.0.113.50",
      "LogonType": 3
    },
    "agent": {
      "id": "005",
      "name": "mercury",
      "ip": "172.168.0.106"
    },
    "rule": {
      "id": 4624,
      "level": 3,
      "description": "Successful logon."
    }
  },
  {
    "TimeCreated": "2026-07-09T05:05:27.003Z",
    "EventID": 5001,
    "Source": "Microsoft-Windows-Windows Defender/Operational",
    "Computer": "WS-PC01",
    "EventData": {
      "SubjectUserName": "helpdesk",
      "CommandLine": "Set-MpPreference -DisableRealtimeMonitoring $true"
    },
    "agent": {
      "id": "004",
      "name": "atlas",
      "ip": "172.168.0.105"
    },
    "rule": {
      "id": 5001,
      "level": 10,
      "description": "Windows Defender tamper attempt detected."
    }
  },
  {
    "TimeCreated": "2026-07-11T05:06:55.436Z",
    "EventID": 4672,
    "Source": "Microsoft-Windows-Security-Auditing",
    "Computer": "DB-SVR01",
    "EventData": {
      "SubjectUserName": "SYSTEM",
      "PrivilegeList": "SeBackupPrivilege"
    },
    "agent": {
      "id": "003",
      "name": "hydro",
      "ip": "172.168.0.104"
    },
    "rule": {
      "id": 4672,
      "level": 3,
      "description": "Special privileges assigned to new logon."
    }
  },
  {
    "TimeCreated": "2026-07-19T05:07:55.457Z",
    "EventID": 60642,
    "Source": "Microsoft-Windows-Security-SPP",
    "Computer": "WS-PC04",
    "EventData": {
      "SubjectUserName": "SYSTEM",
      "Image": "C:\\Windows\\System32\\svchost.exe",
      "CommandLine": "svchost.exe -k netsvcs -p"
    },
    "agent": {
      "id": "004",
      "name": "atlas",
      "ip": "172.168.0.105"
    },
    "rule": {
      "id": 60642,
      "level": 3,
      "description": "Software protection service scheduled successfully."
    }
  },
  {
    "TimeCreated": "2026-07-08T05:10:22.134Z",
    "EventID": 1,
    "Source": "Microsoft-Windows-Sysmon",
    "Computer": "FILE-SVR01",
    "EventData": {
      "Image": "C:\\Windows\\System32\\svchost.exe",
      "CommandLine": "svchost.exe -k netsvcs -p"
    },
    "agent": {
      "id": "005",
      "name": "mercury",
      "ip": "172.168.0.106"
    },
    "rule": {
      "id": 1,
      "level": 2,
      "description": "Sysmon event."
    }
  },
  {
    "TimeCreated": "2026-07-12T05:10:23.910Z",
    "EventID": 61020,
    "Source": "Microsoft-Windows-DotNETRuntime",
    "Computer": "WS-PC02",
    "EventData": {
      "SubjectUserName": "SYSTEM",
      "Image": "C:\\Windows\\System32\\svchost.exe",
      "CommandLine": "svchost.exe -k netsvcs -p"
    },
    "agent": {
      "id": "005",
      "name": "mercury",
      "ip": "172.168.0.106"
    },
    "rule": {
      "id": 61020,
      "level": 5,
      "description": ".NET Runtime - CLR 2.0 does not support profilers written for CLR 1.x."
    }
  },
  {
    "TimeCreated": "2026-07-14T05:12:52.364Z",
    "EventID": 4104,
    "Source": "Microsoft-Windows-PowerShell/Operational",
    "Computer": "WS-PC02",
    "EventData": {
      "Image": "C:\\Windows\\System32\\WindowsPowerShell\\v1.0\\powershell.exe",
      "CommandLine": "powershell.exe -enc SQBFAFgAIAAoAE4AZQB3AC0ATwBiAGoAZQBjAHQA",
      "SubjectUserName": "helpdesk"
    },
    "agent": {
      "id": "004",
      "name": "atlas",
      "ip": "172.168.0.105"
    },
    "rule": {
      "id": 4104,
      "level": 12,
      "description": "Suspicious PowerShell encoded command detected."
    }
  },
  {
    "TimeCreated": "2026-07-19T05:13:48.833Z",
    "EventID": 5156,
    "Source": "Microsoft-Windows-Security-Auditing",
    "Computer": "WS-PC01",
    "EventData": {
      "Application": "\\device\\harddiskvolume2\\inetpub\\wwwroot\\app.exe",
      "Direction": "Inbound",
      "SourceAddress": "10.0.1.20",
      "DestPort": "443"
    },
    "agent": {
      "id": "003",
      "name": "hydro",
      "ip": "172.168.0.104"
    },
    "rule": {
      "id": 5156,
      "level": 2,
      "description": "Windows Filtering Platform permitted a connection."
    }
  },
  {
    "TimeCreated": "2026-07-18T05:15:20.817Z",
    "EventID": 5001,
    "Source": "Microsoft-Windows-Windows Defender/Operational",
    "Computer": "WS-PC02",
    "EventData": {
      "SubjectUserName": "jdoe",
      "CommandLine": "Set-MpPreference -DisableRealtimeMonitoring $true"
    },
    "agent": {
      "id": "004",
      "name": "atlas",
      "ip": "172.168.0.105"
    },
    "rule": {
      "id": 5001,
      "level": 10,
      "description": "Windows Defender tamper attempt detected."
    }
  },
  {
    "TimeCreated": "2026-07-13T05:17:15.532Z",
    "EventID": 1,
    "Source": "Microsoft-Windows-Sysmon",
    "Computer": "WS-PC01",
    "EventData": {
      "Image": "C:\\Windows\\System32\\svchost.exe",
      "CommandLine": "svchost.exe -k netsvcs -p"
    },
    "agent": {
      "id": "004",
      "name": "atlas",
      "ip": "172.168.0.105"
    },
    "rule": {
      "id": 1,
      "level": 2,
      "description": "Sysmon event."
    }
  },
  {
    "TimeCreated": "2026-07-11T05:17:49.271Z",
    "EventID": 7045,
    "Source": "Service Control Manager",
    "Computer": "WS-PC02",
    "EventData": {
      "ServiceName": "UpdateSvc",
      "ImagePath": "C:\\Windows\\Temp\\payload.exe",
      "SubjectUserName": "rjones"
    },
    "agent": {
      "id": "005",
      "name": "mercury",
      "ip": "172.168.0.106"
    },
    "rule": {
      "id": 7045,
      "level": 7,
      "description": "New service installed from a temporary path."
    }
  },
  {
    "TimeCreated": "2026-07-16T05:20:17.725Z",
    "EventID": 4769,
    "Source": "Microsoft-Windows-Security-Auditing",
    "Computer": "WS-PC03",
    "EventData": {
      "TargetUserName": "admin",
      "IpAddress": "203.0.113.50",
      "TicketEncryptionType": "0x17"
    },
    "agent": {
      "id": "004",
      "name": "atlas",
      "ip": "172.168.0.105"
    },
    "rule": {
      "id": 4769,
      "level": 8,
      "description": "Multiple Kerberos TGS requests using RC4 encryption."
    }
  },
  {
    "TimeCreated": "2026-07-09T05:20:42.230Z",
    "EventID": 4624,
    "Source": "Microsoft-Windows-Security-Auditing",
    "Computer": "WS-PC02",
    "EventData": {
      "TargetUserName": "svc_backup",
      "TargetDomainName": "CORP",
      "IpAddress": "10.0.1.50",
      "LogonType": 3
    },
    "agent": {
      "id": "004",
      "name": "atlas",
      "ip": "172.168.0.105"
    },
    "rule": {
      "id": 4624,
      "level": 3,
      "description": "Successful logon."
    }
  },
  {
    "TimeCreated": "2026-07-10T05:22:46.178Z",
    "EventID": 4769,
    "Source": "Microsoft-Windows-Security-Auditing",
    "Computer": "FILE-SVR01",
    "EventData": {
      "TargetUserName": "admin",
      "IpAddress": "10.0.1.20",
      "TicketEncryptionType": "0x17"
    },
    "agent": {
      "id": "004",
      "name": "atlas",
      "ip": "172.168.0.105"
    },
    "rule": {
      "id": 4769,
      "level": 8,
      "description": "Multiple Kerberos TGS requests using RC4 encryption."
    }
  },
  {
    "TimeCreated": "2026-07-11T05:24:08.929Z",
    "EventID": 4624,
    "Source": "Microsoft-Windows-Security-Auditing",
    "Computer": "WS-PC04",
    "EventData": {
      "TargetUserName": "svc_backup",
      "TargetDomainName": "CORP",
      "IpAddress": "10.0.1.30",
      "LogonType": 2
    },
    "agent": {
      "id": "005",
      "name": "mercury",
      "ip": "172.168.0.106"
    },
    "rule": {
      "id": 4624,
      "level": 3,
      "description": "Successful logon."
    }
  },
