  {
    "TimeCreated": "2026-07-06T05:25:14.632Z",
    "EventID": 7045,
    "Source": "Service Control Manager",
    "Computer": "WS-PC01",
    "EventData": {
      "ServiceName": "UpdateSvc",
      "ImagePath": "C:\\Windows\\Temp\\payload.exe",
      "SubjectUserName": "rjones"
    },
    "agent": {
      "id": "003",
      "name": "hydro",
      "ip": "172.168.0.104"
    },
    "rule": {
      "id": 7045,
      "level": 7,
      "description": "New service installed from a temporary path."
    }
  },
  {
    "TimeCreated": "2026-07-07T05:27:35.627Z",
    "EventID": 5156,
    "Source": "Microsoft-Windows-Security-Auditing",
    "Computer": "WS-PC04",
    "EventData": {
      "Application": "\\device\\harddiskvolume2\\inetpub\\wwwroot\\app.exe",
      "Direction": "Inbound",
      "SourceAddress": "10.0.1.50",
      "DestPort": "443"
    },
    "agent": {
      "id": "005",
      "name": "mercury",
      "ip": "172.168.0.106"
    },
    "rule": {
      "id": 5156,
      "level": 2,
      "description": "Windows Filtering Platform permitted a connection."
    }
  },
  {
    "TimeCreated": "2026-07-17T05:27:43.086Z",
    "EventID": 4104,
    "Source": "Microsoft-Windows-PowerShell/Operational",
    "Computer": "WS-PC03",
    "EventData": {
      "Image": "C:\\Windows\\System32\\WindowsPowerShell\\v1.0\\powershell.exe",
      "CommandLine": "powershell.exe -enc SQBFAFgAIAAoAE4AZQB3AC0ATwBiAGoAZQBjAHQA",
      "SubjectUserName": "jdoe"
    },
    "agent": {
      "id": "004",
      "name": "atlas",
      "ip": "172.168.0.105"
    },
    "rule": {
      "id": 4104,
      "level": 12,
      "description": "Suspicious PowerShell encoded command detected."
    }
  },
  {
    "TimeCreated": "2026-07-07T05:30:11.539Z",
    "EventID": 61020,
    "Source": "Microsoft-Windows-DotNETRuntime",
    "Computer": "DC-01",
    "EventData": {
      "SubjectUserName": "SYSTEM",
      "Image": "C:\\Windows\\System32\\svchost.exe",
      "CommandLine": "svchost.exe -k netsvcs -p"
    },
    "agent": {
      "id": "003",
      "name": "hydro",
      "ip": "172.168.0.104"
    },
    "rule": {
      "id": 61020,
      "level": 5,
      "description": ".NET Runtime - CLR 2.0 does not support profilers written for CLR 1.x."
    }
  },
  {
    "TimeCreated": "2026-07-14T05:31:02.326Z",
    "EventID": 4624,
    "Source": "Microsoft-Windows-Security-Auditing",
    "Computer": "WS-PC02",
    "EventData": {
      "TargetUserName": "helpdesk",
      "TargetDomainName": "CORP",
      "IpAddress": "10.0.1.50",
      "LogonType": 10
    },
    "agent": {
      "id": "005",
      "name": "mercury",
      "ip": "172.168.0.106"
    },
    "rule": {
      "id": 4624,
      "level": 3,
      "description": "Successful logon."
    }
  },
  {
    "TimeCreated": "2026-07-11T05:32:39.993Z",
    "EventID": 4104,
    "Source": "Microsoft-Windows-PowerShell/Operational",
    "Computer": "FILE-SVR01",
    "EventData": {
      "Image": "C:\\Windows\\System32\\WindowsPowerShell\\v1.0\\powershell.exe",
      "CommandLine": "powershell.exe -enc SQBFAFgAIAAoAE4AZQB3AC0ATwBiAGoAZQBjAHQA",
      "SubjectUserName": "mchen"
    },
    "agent": {
      "id": "005",
      "name": "mercury",
      "ip": "172.168.0.106"
    },
    "rule": {
      "id": 4104,
      "level": 12,
      "description": "Suspicious PowerShell encoded command detected."
    }
  },
  {
    "TimeCreated": "2026-07-04T05:34:29.024Z",
    "EventID": 4688,
    "Source": "Microsoft-Windows-Security-Auditing",
    "Computer": "WS-PC02",
    "EventData": {
      "NewProcessName": "C:\\Windows\\System32\\notepad.exe",
      "CommandLine": "C:\\Windows\\System32\\notepad.exe",
      "SubjectUserName": "svc_deploy"
    },
    "agent": {
      "id": "005",
      "name": "mercury",
      "ip": "172.168.0.106"
    },
    "rule": {
      "id": 4688,
      "level": 1,
      "description": "Process created."
    }
  },
  {
    "TimeCreated": "2026-07-03T05:35:08.446Z",
    "EventID": 4698,
    "Source": "Microsoft-Windows-TaskScheduler/Operational",
    "Computer": "WS-PC02",
    "EventData": {
      "TaskName": "\\Updater",
      "SubjectUserName": "svc_backup"
    },
    "agent": {
      "id": "004",
      "name": "atlas",
      "ip": "172.168.0.105"
    },
    "rule": {
      "id": 4698,
      "level": 7,
      "description": "Scheduled task created for persistence."
    }
  },
  {
    "TimeCreated": "2026-07-17T05:37:36.900Z",
    "EventID": 4698,
    "Source": "Microsoft-Windows-TaskScheduler/Operational",
    "Computer": "WEB-SVR01",
    "EventData": {
      "TaskName": "\\Updater",
      "SubjectUserName": "admin"
    },
    "agent": {
      "id": "005",
      "name": "mercury",
      "ip": "172.168.0.106"
    },
    "rule": {
      "id": 4698,
      "level": 7,
      "description": "Scheduled task created for persistence."
    }
  },
  {
    "TimeCreated": "2026-07-14T05:37:55.723Z",
    "EventID": 5156,
    "Source": "Microsoft-Windows-Security-Auditing",
    "Computer": "FILE-SVR01",
    "EventData": {
      "Application": "\\device\\harddiskvolume2\\inetpub\\wwwroot\\app.exe",
      "Direction": "Inbound",
      "SourceAddress": "10.0.1.50",
      "DestPort": "443"
    },
    "agent": {
      "id": "004",
      "name": "atlas",
      "ip": "172.168.0.105"
    },
    "rule": {
      "id": 5156,
      "level": 2,
      "description": "Windows Filtering Platform permitted a connection."
    }
  },
  {
    "TimeCreated": "2026-07-11T05:40:05.354Z",
    "EventID": 4698,
    "Source": "Microsoft-Windows-TaskScheduler/Operational",
    "Computer": "WS-PC04",
    "EventData": {
      "TaskName": "\\Updater",
      "SubjectUserName": "mchen"
    },
    "agent": {
      "id": "004",
      "name": "atlas",
      "ip": "172.168.0.105"
    },
    "rule": {
      "id": 4698,
      "level": 7,
      "description": "Scheduled task created for persistence."
    }
  },
  {
    "TimeCreated": "2026-07-08T05:41:22.422Z",
    "EventID": 4688,
    "Source": "Microsoft-Windows-Security-Auditing",
    "Computer": "WS-PC02",
    "EventData": {
      "NewProcessName": "C:\\Windows\\System32\\notepad.exe",
      "CommandLine": "C:\\Windows\\System32\\notepad.exe",
      "SubjectUserName": "mchen"
    },
    "agent": {
      "id": "003",
      "name": "hydro",
      "ip": "172.168.0.104"
    },
    "rule": {
      "id": 4688,
      "level": 1,
      "description": "Process created."
    }
  },
  {
    "TimeCreated": "2026-07-09T05:42:33.807Z",
    "EventID": 7045,
    "Source": "Service Control Manager",
    "Computer": "WEB-SVR01",
    "EventData": {
      "ServiceName": "UpdateSvc",
      "ImagePath": "C:\\Windows\\Temp\\payload.exe",
      "SubjectUserName": "svc_deploy"
    },
    "agent": {
      "id": "005",
      "name": "mercury",
      "ip": "172.168.0.106"
    },
    "rule": {
      "id": 7045,
      "level": 7,
      "description": "New service installed from a temporary path."
    }
  },
  {
    "TimeCreated": "2026-07-14T05:44:49.120Z",
    "EventID": 4634,
    "Source": "Microsoft-Windows-Security-Auditing",
    "Computer": "WS-PC03",
    "EventData": {
      "TargetUserName": "mchen",
      "LogonType": 2
    },
    "agent": {
      "id": "004",
      "name": "atlas",
      "ip": "172.168.0.105"
    },
    "rule": {
      "id": 4634,
      "level": 3,
      "description": "Logoff."
    }
  },
  {
    "TimeCreated": "2026-07-18T05:45:02.261Z",
    "EventID": 4625,
    "Source": "Microsoft-Windows-Security-Auditing",
    "Computer": "WS-PC03",
    "EventData": {
      "TargetUserName": "svc_deploy",
      "TargetDomainName": "CORP",
      "IpAddress": "203.0.113.50",
      "LogonType": 3,
      "Status": "0xC000006D"
    },
    "agent": {
      "id": "005",
      "name": "mercury",
      "ip": "172.168.0.106"
    },
    "rule": {
      "id": 4625,
      "level": 6,
      "description": "Multiple failed logon attempts against hydro."
    }
  },
  {
    "TimeCreated": "2026-07-09T05:47:30.714Z",
    "EventID": 4625,
    "Source": "Microsoft-Windows-Security-Auditing",
    "Computer": "WS-PC01",
    "EventData": {
      "TargetUserName": "svc_backup",
      "TargetDomainName": "CORP",
      "IpAddress": "198.51.100.77",
      "LogonType": 3,
      "Status": "0xC000006D"
    },
    "agent": {
      "id": "004",
      "name": "atlas",
      "ip": "172.168.0.105"
    },
    "rule": {
      "id": 4625,
      "level": 6,
      "description": "Multiple failed logon attempts against hydro."
    }
  },
  {
    "TimeCreated": "2026-07-06T05:48:15.819Z",
    "EventID": 4672,
    "Source": "Microsoft-Windows-Security-Auditing",
    "Computer": "WS-PC04",
    "EventData": {
      "SubjectUserName": "SYSTEM",
      "PrivilegeList": "SeBackupPrivilege"
    },
    "agent": {
      "id": "005",
      "name": "mercury",
      "ip": "172.168.0.106"
    },
    "rule": {
      "id": 4672,
      "level": 3,
      "description": "Special privileges assigned to new logon."
    }
  },
  {
    "TimeCreated": "2026-07-05T05:49:59.168Z",
    "EventID": 61020,
    "Source": "Microsoft-Windows-DotNETRuntime",
    "Computer": "WS-PC01",
    "EventData": {
      "SubjectUserName": "SYSTEM",
      "Image": "C:\\Windows\\System32\\svchost.exe",
      "CommandLine": "svchost.exe -k netsvcs -p"
    },
    "agent": {
      "id": "003",
      "name": "hydro",
      "ip": "172.168.0.104"
    },
    "rule": {
      "id": 61020,
      "level": 5,
      "description": ".NET Runtime - CLR 2.0 does not support profilers written for CLR 1.x."
    }
  },
  {
    "TimeCreated": "2026-07-06T05:51:42.517Z",
    "EventID": 4688,
    "Source": "Microsoft-Windows-Security-Auditing",
    "Computer": "DB-SVR01",
    "EventData": {
      "NewProcessName": "C:\\Program Files\\Google\\Chrome\\Application\\chrome.exe",
      "CommandLine": "C:\\Program Files\\Google\\Chrome\\Application\\chrome.exe",
      "SubjectUserName": "mchen"
    },
    "agent": {
      "id": "004",
      "name": "atlas",
      "ip": "172.168.0.105"
    },
    "rule": {
      "id": 4688,
      "level": 1,
      "description": "Process created."
    }
  },
  {
    "TimeCreated": "2026-07-10T05:52:27.622Z",
    "EventID": 4625,
    "Source": "Microsoft-Windows-Security-Auditing",
    "Computer": "DC-01",
    "EventData": {
      "TargetUserName": "rjones",
      "TargetDomainName": "CORP",
      "IpAddress": "10.0.1.20",
      "LogonType": 3,
      "Status": "0xC000006D"
    },
    "agent": {
      "id": "005",
      "name": "mercury",
      "ip": "172.168.0.106"
    },
    "rule": {
      "id": 4625,
      "level": 6,
      "description": "Multiple failed logon attempts against hydro."
    }
  },
  {
    "TimeCreated": "2026-07-12T05:54:56.075Z",
    "EventID": 61020,
    "Source": "Microsoft-Windows-DotNETRuntime",
    "Computer": "DC-01",
    "EventData": {
      "SubjectUserName": "SYSTEM",
      "Image": "C:\\Windows\\System32\\svchost.exe",
      "CommandLine": "svchost.exe -k netsvcs -p"
    },
    "agent": {
      "id": "005",
      "name": "mercury",
      "ip": "172.168.0.106"
    },
    "rule": {
      "id": 61020,
      "level": 5,
      "description": ".NET Runtime - CLR 2.0 does not support profilers written for CLR 1.x."
    }
  },
  {
    "TimeCreated": "2026-07-16T05:55:09.216Z",
    "EventID": 4672,
    "Source": "Microsoft-Windows-Security-Auditing",
    "Computer": "WS-PC03",
    "EventData": {
      "SubjectUserName": "SYSTEM",
      "PrivilegeList": "SeBackupPrivilege"
    },
    "agent": {
      "id": "005",
      "name": "mercury",
      "ip": "172.168.0.106"
    },
    "rule": {
      "id": 4672,
      "level": 3,
      "description": "Special privileges assigned to new logon."
    }
  },
  {
    "TimeCreated": "2026-07-10T05:57:24.529Z",
    "EventID": 60642,
    "Source": "Microsoft-Windows-Security-SPP",
    "Computer": "WEB-SVR01",
    "EventData": {
      "SubjectUserName": "SYSTEM",
      "Image": "C:\\Windows\\System32\\svchost.exe",
      "CommandLine": "svchost.exe -k netsvcs -p"
    },
    "agent": {
      "id": "005",
      "name": "mercury",
      "ip": "172.168.0.106"
    },
    "rule": {
      "id": 60642,
      "level": 3,
      "description": "Software protection service scheduled successfully."
    }
  },
  {
    "TimeCreated": "2026-07-15T05:58:35.914Z",
    "EventID": 4634,
    "Source": "Microsoft-Windows-Security-Auditing",
    "Computer": "WS-PC04",
    "EventData": {
      "TargetUserName": "svc_deploy",
      "LogonType": 10
    },
    "agent": {
      "id": "005",
      "name": "mercury",
      "ip": "172.168.0.106"
    },
    "rule": {
      "id": 4634,
      "level": 3,
      "description": "Logoff."
    }
  },
  {
    "TimeCreated": "2026-07-08T05:59:52.982Z",
    "EventID": 7045,
    "Source": "Service Control Manager",
    "Computer": "WS-PC02",
    "EventData": {
      "ServiceName": "UpdateSvc",
      "ImagePath": "C:\\Windows\\Temp\\payload.exe",
      "SubjectUserName": "rjones"
    },
    "agent": {
      "id": "004",
      "name": "atlas",
      "ip": "172.168.0.105"
    },
    "rule": {
      "id": 7045,
      "level": 7,
      "description": "New service installed from a temporary path."
    }
  },
  {
    "TimeCreated": "2026-07-03T06:02:02.613Z",
    "EventID": 4663,
    "Source": "Microsoft-Windows-Security-Auditing",
    "Computer": "DB-SVR01",
    "EventData": {
      "SubjectUserName": "mchen",
      "ObjectName": "D:\\Shared\\doc_0212.txt"
    },
    "agent": {
      "id": "003",
      "name": "hydro",
      "ip": "172.168.0.104"
    },
    "rule": {
      "id": 4663,
      "level": 2,
      "description": "An object was accessed."
    }
  },
  {
    "TimeCreated": "2026-07-12T06:02:21.436Z",
    "EventID": 60642,
    "Source": "Microsoft-Windows-Security-SPP",
    "Computer": "WS-PC02",
    "EventData": {
      "SubjectUserName": "SYSTEM",
      "Image": "C:\\Windows\\System32\\svchost.exe",
      "CommandLine": "svchost.exe -k netsvcs -p"
    },
    "agent": {
      "id": "005",
      "name": "mercury",
      "ip": "172.168.0.106"
    },
    "rule": {
      "id": 60642,
      "level": 3,
      "description": "Software protection service scheduled successfully."
    }
  },
  {
    "TimeCreated": "2026-07-10T06:04:49.890Z",
    "EventID": 7045,
    "Source": "Service Control Manager",
    "Computer": "DC-01",
    "EventData": {
      "ServiceName": "UpdateSvc",
      "ImagePath": "C:\\Windows\\Temp\\payload.exe",
      "SubjectUserName": "rjones"
    },
    "agent": {
      "id": "003",
      "name": "hydro",
      "ip": "172.168.0.104"
    },
    "rule": {
      "id": 7045,
      "level": 7,
      "description": "New service installed from a temporary path."
    }
  },
  {
    "TimeCreated": "2026-07-18T06:05:29.312Z",
    "EventID": 4672,
    "Source": "Microsoft-Windows-Security-Auditing",
    "Computer": "FILE-SVR01",
    "EventData": {
      "SubjectUserName": "SYSTEM",
      "PrivilegeList": "SeBackupPrivilege"
    },
    "agent": {
      "id": "003",
      "name": "hydro",
      "ip": "172.168.0.104"
    },
    "rule": {
      "id": 4672,
      "level": 3,
      "description": "Special privileges assigned to new logon."
    }
  },
  {
    "TimeCreated": "2026-07-11T06:07:18.343Z",
    "EventID": 7045,
    "Source": "Service Control Manager",
    "Computer": "WS-PC02",
    "EventData": {
      "ServiceName": "UpdateSvc",
      "ImagePath": "C:\\Windows\\Temp\\payload.exe",
      "SubjectUserName": "svc_deploy"
    },
    "agent": {
      "id": "005",
      "name": "mercury",
      "ip": "172.168.0.106"
    },
    "rule": {
      "id": 7045,
      "level": 7,
      "description": "New service installed from a temporary path."
    }
  },
  {
    "TimeCreated": "2026-07-18T06:08:56.010Z",
    "EventID": 4672,
    "Source": "Microsoft-Windows-Security-Auditing",
    "Computer": "WS-PC02",
    "EventData": {
      "SubjectUserName": "SYSTEM",
      "PrivilegeList": "SeBackupPrivilege"
    },
    "agent": {
      "id": "003",
      "name": "hydro",
      "ip": "172.168.0.104"
    },
    "rule": {
      "id": 4672,
      "level": 3,
      "description": "Special privileges assigned to new logon."
    }
  },
  {
    "TimeCreated": "2026-07-01T06:09:46.797Z",
    "EventID": 60642,
    "Source": "Microsoft-Windows-Security-SPP",
    "Computer": "WS-PC03",
    "EventData": {
      "SubjectUserName": "SYSTEM",
      "Image": "C:\\Windows\\System32\\svchost.exe",
      "CommandLine": "svchost.exe -k netsvcs -p"
    },
    "agent": {
      "id": "004",
      "name": "atlas",
      "ip": "172.168.0.105"
    },
    "rule": {
      "id": 60642,
      "level": 3,
      "description": "Software protection service scheduled successfully."
    }
  },
  {
    "TimeCreated": "2026-07-06T06:12:15.251Z",
    "EventID": 4769,
    "Source": "Microsoft-Windows-Security-Auditing",
    "Computer": "FILE-SVR01",
    "EventData": {
      "TargetUserName": "svc_deploy",
      "IpAddress": "10.0.1.10",
      "TicketEncryptionType": "0x17"
    },
    "agent": {
      "id": "004",
      "name": "atlas",
      "ip": "172.168.0.105"
    },
    "rule": {
      "id": 4769,
      "level": 8,
      "description": "Multiple Kerberos TGS requests using RC4 encryption."
    }
  },
  {
    "TimeCreated": "2026-07-14T06:12:22.709Z",
    "EventID": 4624,
    "Source": "Microsoft-Windows-Security-Auditing",
    "Computer": "WS-PC01",
    "EventData": {
      "TargetUserName": "helpdesk",
      "TargetDomainName": "CORP",
      "IpAddress": "10.0.1.30",
      "LogonType": 2
    },
    "agent": {
      "id": "003",
      "name": "hydro",
      "ip": "172.168.0.104"
    },
    "rule": {
      "id": 4624,
      "level": 3,
      "description": "Successful logon."
    }
  },
  {
    "TimeCreated": "2026-07-06T06:14:43.704Z",
    "EventID": 7040,
    "Source": "Service Control Manager",
    "Computer": "WS-PC01",
    "EventData": {
      "NewProcessName": "C:\\Windows\\System32\\psexesvc.exe",
      "CommandLine": "psexec \\\\SRV-APP01 cmd.exe",
      "SubjectUserName": "jdoe"
    },
    "agent": {
      "id": "004",
      "name": "atlas",
      "ip": "172.168.0.105"
    },
    "rule": {
      "id": 7040,
      "level": 12,
      "description": "PsExec remote service execution detected."
    }
  },
  {
    "TimeCreated": "2026-07-11T06:15:49.407Z",
    "EventID": 1,
    "Source": "Microsoft-Windows-Sysmon",
    "Computer": "WS-PC03",
    "EventData": {
      "Image": "C:\\Windows\\System32\\svchost.exe",
      "CommandLine": "svchost.exe -k netsvcs -p"
    },
    "agent": {
      "id": "004",
      "name": "atlas",
      "ip": "172.168.0.105"
    },
    "rule": {
      "id": 1,
      "level": 2,
      "description": "Sysmon event."
    }
  },
  {
    "TimeCreated": "2026-07-02T06:17:12.158Z",
    "EventID": 4625,
    "Source": "Microsoft-Windows-Security-Auditing",
    "Computer": "WS-PC01",
    "EventData": {
      "TargetUserName": "asmith",
      "TargetDomainName": "CORP",
      "IpAddress": "10.0.1.40",
      "LogonType": 3,
      "Status": "0xC000006D"
    },
    "agent": {
      "id": "005",
      "name": "mercury",
      "ip": "172.168.0.106"
    },
    "rule": {
      "id": 4625,
      "level": 6,
      "description": "Multiple failed logon attempts against hydro."
    }
  },
  {
    "TimeCreated": "2026-07-05T06:19:16.106Z",
    "EventID": 4663,
    "Source": "Microsoft-Windows-Security-Auditing",
    "Computer": "WEB-SVR01",
    "EventData": {
      "SubjectUserName": "svc_backup",
      "ObjectName": "D:\\Shared\\doc_0217.txt"
    },
    "agent": {
      "id": "005",
      "name": "mercury",
      "ip": "172.168.0.106"
    },
    "rule": {
      "id": 4663,
      "level": 2,
      "description": "An object was accessed."
    }
  },
  {
    "TimeCreated": "2026-07-11T06:19:40.611Z",
    "EventID": 1003,
    "Source": "Microsoft-Windows-Sysmon",
    "Computer": "DC-01",
    "EventData": {
      "SubjectUserName": "jdoe",
      "ObjectName": "\\REGISTRY\\MACHINE\\SAM"
    },
    "agent": {
      "id": "003",
      "name": "hydro",
      "ip": "172.168.0.104"
    },
    "rule": {
      "id": 1003,
      "level": 13,
      "description": "SAM hive access consistent with credential dumping."
    }
  },
  {
    "TimeCreated": "2026-07-05T06:22:09.065Z",
    "EventID": 4698,
    "Source": "Microsoft-Windows-TaskScheduler/Operational",
    "Computer": "WEB-SVR01",
    "EventData": {
      "TaskName": "\\Updater",
      "SubjectUserName": "admin"
    },
    "agent": {
      "id": "005",
      "name": "mercury",
      "ip": "172.168.0.106"
    },
    "rule": {
      "id": 4698,
      "level": 7,
      "description": "Scheduled task created for persistence."
    }
  },
  {
    "TimeCreated": "2026-07-09T06:22:42.804Z",
    "EventID": 1,
    "Source": "Microsoft-Windows-Sysmon",
    "Computer": "WS-PC01",
    "EventData": {
      "Image": "C:\\Windows\\System32\\svchost.exe",
      "CommandLine": "svchost.exe -k netsvcs -p"
    },
    "agent": {
      "id": "004",
      "name": "atlas",
      "ip": "172.168.0.105"
    },
    "rule": {
      "id": 1,
      "level": 2,
      "description": "Sysmon event."
    }
  },
  {
    "TimeCreated": "2026-07-06T06:24:37.519Z",
    "EventID": 61020,
    "Source": "Microsoft-Windows-DotNETRuntime",
    "Computer": "DC-01",
    "EventData": {
      "SubjectUserName": "SYSTEM",
      "Image": "C:\\Windows\\System32\\svchost.exe",
      "CommandLine": "svchost.exe -k netsvcs -p"
    },
    "agent": {
      "id": "004",
      "name": "atlas",
      "ip": "172.168.0.105"
    },
    "rule": {
      "id": 61020,
      "level": 5,
      "description": ".NET Runtime - CLR 2.0 does not support profilers written for CLR 1.x."
    }
  },
  {
    "TimeCreated": "2026-07-16T06:26:09.503Z",
    "EventID": 4672,
    "Source": "Microsoft-Windows-Security-Auditing",
    "Computer": "DC-01",
    "EventData": {
      "SubjectUserName": "SYSTEM",
      "PrivilegeList": "SeBackupPrivilege"
    },
    "agent": {
      "id": "004",
      "name": "atlas",
      "ip": "172.168.0.105"
    },
    "rule": {
      "id": 4672,
      "level": 3,
      "description": "Special privileges assigned to new logon."
    }
  },
  {
    "TimeCreated": "2026-07-14T06:27:05.972Z",
    "EventID": 7040,
    "Source": "Service Control Manager",
    "Computer": "WS-PC03",
    "EventData": {
      "NewProcessName": "C:\\Windows\\System32\\psexesvc.exe",
      "CommandLine": "psexec \\\\SRV-APP01 cmd.exe",
      "SubjectUserName": "asmith"
    },
    "agent": {
      "id": "005",
      "name": "mercury",
      "ip": "172.168.0.106"
    },
    "rule": {
      "id": 7040,
      "level": 12,
      "description": "PsExec remote service execution detected."
    }
  },
  {
    "TimeCreated": "2026-07-01T06:29:34.426Z",
    "EventID": 5001,
    "Source": "Microsoft-Windows-Windows Defender/Operational",
    "Computer": "WEB-SVR01",
    "EventData": {
      "SubjectUserName": "rjones",
      "CommandLine": "Set-MpPreference -DisableRealtimeMonitoring $true"
    },
    "agent": {
      "id": "004",
      "name": "atlas",
      "ip": "172.168.0.105"
    },
    "rule": {
      "id": 5001,
      "level": 10,
      "description": "Windows Defender tamper attempt detected."
    }
  },
  {
    "TimeCreated": "2026-07-14T06:29:36.202Z",
    "EventID": 4663,
    "Source": "Microsoft-Windows-Security-Auditing",
    "Computer": "WS-PC04",
    "EventData": {
      "SubjectUserName": "svc_deploy",
      "ObjectName": "D:\\Shared\\doc_0220.txt"
    },
    "agent": {
      "id": "005",
      "name": "mercury",
      "ip": "172.168.0.106"
    },
    "rule": {
      "id": 4663,
      "level": 2,
      "description": "An object was accessed."
    }
  },
  {
    "TimeCreated": "2026-07-02T06:32:02.879Z",
    "EventID": 7045,
    "Source": "Service Control Manager",
    "Computer": "WS-PC03",
    "EventData": {
      "ServiceName": "UpdateSvc",
      "ImagePath": "C:\\Windows\\Temp\\payload.exe",
      "SubjectUserName": "svc_backup"
    },
    "agent": {
      "id": "004",
      "name": "atlas",
      "ip": "172.168.0.105"
    },
    "rule": {
      "id": 7045,
      "level": 7,
      "description": "New service installed from a temporary path."
    }
  },
  {
    "TimeCreated": "2026-07-19T06:33:02.900Z",
    "EventID": 1,
    "Source": "Microsoft-Windows-Sysmon",
    "Computer": "WS-PC04",
    "EventData": {
      "Image": "C:\\Windows\\System32\\svchost.exe",
      "CommandLine": "svchost.exe -k netsvcs -p"
    },
    "agent": {
      "id": "005",
      "name": "mercury",
      "ip": "172.168.0.106"
    },
    "rule": {
      "id": 1,
      "level": 2,
      "description": "Sysmon event."
    }
  },
  {
    "TimeCreated": "2026-07-01T06:34:31.333Z",
    "EventID": 4769,
    "Source": "Microsoft-Windows-Security-Auditing",
    "Computer": "WS-PC04",
    "EventData": {
      "TargetUserName": "helpdesk",
      "IpAddress": "10.0.1.50",
      "TicketEncryptionType": "0x17"
    },
    "agent": {
      "id": "003",
      "name": "hydro",
      "ip": "172.168.0.104"
    },
    "rule": {
      "id": 4769,
      "level": 8,
      "description": "Multiple Kerberos TGS requests using RC4 encryption."
    }
  },
  {
    "TimeCreated": "2026-07-10T06:36:29.599Z",
    "EventID": 4672,
    "Source": "Microsoft-Windows-Security-Auditing",
    "Computer": "FILE-SVR01",
    "EventData": {
      "SubjectUserName": "SYSTEM",
      "PrivilegeList": "SeBackupPrivilege"
    },
    "agent": {
      "id": "005",
      "name": "mercury",
      "ip": "172.168.0.106"
    },
    "rule": {
      "id": 4672,
      "level": 3,
      "description": "Special privileges assigned to new logon."
    }
  },
  {
    "TimeCreated": "2026-07-11T06:36:59.787Z",
    "EventID": 4104,
    "Source": "Microsoft-Windows-PowerShell/Operational",
    "Computer": "WS-PC02",
    "EventData": {
      "Image": "C:\\Windows\\System32\\WindowsPowerShell\\v1.0\\powershell.exe",
      "CommandLine": "powershell.exe -enc SQBFAFgAIAAoAE4AZQB3AC0ATwBiAGoAZQBjAHQA",
      "SubjectUserName": "asmith"
    },
    "agent": {
      "id": "005",
      "name": "mercury",
      "ip": "172.168.0.106"
    },
    "rule": {
      "id": 4104,
      "level": 12,
      "description": "Suspicious PowerShell encoded command detected."
    }
  },
  {
    "TimeCreated": "2026-07-12T06:39:28.240Z",
    "EventID": 1003,
    "Source": "Microsoft-Windows-Sysmon",
    "Computer": "DB-SVR01",
    "EventData": {
      "SubjectUserName": "rjones",
      "ObjectName": "\\REGISTRY\\MACHINE\\SAM"
    },
    "agent": {
      "id": "003",
      "name": "hydro",
      "ip": "172.168.0.104"
    },
    "rule": {
      "id": 1003,
      "level": 13,
      "description": "SAM hive access consistent with credential dumping."
    }
  },
  {
    "TimeCreated": "2026-07-11T06:39:56.297Z",
    "EventID": 4663,
    "Source": "Microsoft-Windows-Security-Auditing",
    "Computer": "WS-PC01",
    "EventData": {
      "SubjectUserName": "svc_deploy",
      "ObjectName": "D:\\Shared\\doc_0223.txt"
    },
    "agent": {
      "id": "005",
      "name": "mercury",
      "ip": "172.168.0.106"
    },
    "rule": {
      "id": 4663,
      "level": 2,
      "description": "An object was accessed."
    }
  },
  {
    "TimeCreated": "2026-07-13T06:41:56.694Z",
    "EventID": 1003,
    "Source": "Microsoft-Windows-Sysmon",
    "Computer": "DC-01",
    "EventData": {
      "SubjectUserName": "admin",
      "ObjectName": "\\REGISTRY\\MACHINE\\SAM"
    },
    "agent": {
      "id": "003",
      "name": "hydro",
      "ip": "172.168.0.104"
    },
    "rule": {
      "id": 1003,
      "level": 13,
      "description": "SAM hive access consistent with credential dumping."
    }
  },
  {
    "TimeCreated": "2026-07-07T06:43:22.996Z",
    "EventID": 4663,
    "Source": "Microsoft-Windows-Security-Auditing",
    "Computer": "WS-PC03",
    "EventData": {
      "SubjectUserName": "mchen",
      "ObjectName": "D:\\Shared\\doc_0224.txt"
    },
    "agent": {
      "id": "004",
      "name": "atlas",
      "ip": "172.168.0.105"
    },
    "rule": {
      "id": 4663,
      "level": 2,
      "description": "An object was accessed."
    }
  },
  {
    "TimeCreated": "2026-07-18T06:44:25.147Z",
    "EventID": 1003,
    "Source": "Microsoft-Windows-Sysmon",
    "Computer": "WS-PC01",
    "EventData": {
      "SubjectUserName": "rjones",
      "ObjectName": "\\REGISTRY\\MACHINE\\SAM"
    },
    "agent": {
      "id": "003",
      "name": "hydro",
      "ip": "172.168.0.104"
    },
    "rule": {
      "id": 1003,
      "level": 13,
      "description": "SAM hive access consistent with credential dumping."
    }
  },
  {
    "TimeCreated": "2026-07-08T06:46:49.694Z",
    "EventID": 5156,
    "Source": "Microsoft-Windows-Security-Auditing",
    "Computer": "WEB-SVR01",
    "EventData": {
      "Application": "\\device\\harddiskvolume2\\inetpub\\wwwroot\\app.exe",
      "Direction": "Inbound",
      "SourceAddress": "198.51.100.77",
      "DestPort": "443"
    },
    "agent": {
      "id": "005",
      "name": "mercury",
      "ip": "172.168.0.106"
    },
    "rule": {
      "id": 5156,
      "level": 2,
      "description": "Windows Filtering Platform permitted a connection."
    }
  },
  {
    "TimeCreated": "2026-07-06T06:46:53.601Z",
    "EventID": 4698,
    "Source": "Microsoft-Windows-TaskScheduler/Operational",
    "Computer": "DC-01",
    "EventData": {
      "TaskName": "\\Updater",
      "SubjectUserName": "rjones"
    },
    "agent": {
      "id": "005",
      "name": "mercury",
      "ip": "172.168.0.106"
    },
    "rule": {
      "id": 4698,
      "level": 7,
      "description": "Scheduled task created for persistence."
    }
  },
  {
    "TimeCreated": "2026-07-11T06:49:22.055Z",
    "EventID": 60642,
    "Source": "Microsoft-Windows-Security-SPP",
    "Computer": "WS-PC01",
    "EventData": {
      "SubjectUserName": "SYSTEM",
      "Image": "C:\\Windows\\System32\\svchost.exe",
      "CommandLine": "svchost.exe -k netsvcs -p"
    },
    "agent": {
      "id": "004",
      "name": "atlas",
      "ip": "172.168.0.105"
    },
    "rule": {
      "id": 60642,
      "level": 3,
      "description": "Software protection service scheduled successfully."
    }
  },
  {
    "TimeCreated": "2026-07-12T06:50:16.393Z",
    "EventID": 4663,
    "Source": "Microsoft-Windows-Security-Auditing",
    "Computer": "WS-PC03",
    "EventData": {
      "SubjectUserName": "jdoe",
      "ObjectName": "D:\\Shared\\doc_0226.txt"
    },
    "agent": {
      "id": "003",
      "name": "hydro",
      "ip": "172.168.0.104"
    },
    "rule": {
      "id": 4663,
      "level": 2,
      "description": "An object was accessed."
    }
  },
  {
    "TimeCreated": "2026-07-14T06:51:50.508Z",
    "EventID": 60642,
    "Source": "Microsoft-Windows-Security-SPP",
    "Computer": "WEB-SVR01",
    "EventData": {
      "SubjectUserName": "SYSTEM",
      "Image": "C:\\Windows\\System32\\svchost.exe",
      "CommandLine": "svchost.exe -k netsvcs -p"
    },
    "agent": {
      "id": "004",
      "name": "atlas",
      "ip": "172.168.0.105"
    },
    "rule": {
      "id": 60642,
      "level": 3,
      "description": "Software protection service scheduled successfully."
    }
  },
  {
    "TimeCreated": "2026-07-15T06:53:43.091Z",
    "EventID": 4663,
    "Source": "Microsoft-Windows-Security-Auditing",
    "Computer": "WS-PC03",
    "EventData": {
      "SubjectUserName": "jdoe",
      "ObjectName": "D:\\Shared\\doc_0227.txt"
    },
    "agent": {
      "id": "005",
      "name": "mercury",
      "ip": "172.168.0.106"
    },
    "rule": {
      "id": 4663,
      "level": 2,
      "description": "An object was accessed."
    }
  },
  {
    "TimeCreated": "2026-07-08T06:54:18.962Z",
    "EventID": 7040,
    "Source": "Service Control Manager",
    "Computer": "WS-PC04",
    "EventData": {
      "NewProcessName": "C:\\Windows\\System32\\psexesvc.exe",
      "CommandLine": "psexec \\\\SRV-APP01 cmd.exe",
      "SubjectUserName": "asmith"
    },
    "agent": {
      "id": "003",
      "name": "hydro",
      "ip": "172.168.0.104"
    },
    "rule": {
      "id": 7040,
      "level": 12,
      "description": "PsExec remote service execution detected."
    }
  },
  {
    "TimeCreated": "2026-07-09T06:56:47.415Z",
    "EventID": 4625,
    "Source": "Microsoft-Windows-Security-Auditing",
    "Computer": "WS-PC04",
    "EventData": {
      "TargetUserName": "asmith",
      "TargetDomainName": "CORP",
      "IpAddress": "203.0.113.50",
      "LogonType": 3,
      "Status": "0xC000006D"
    },
    "agent": {
      "id": "003",
      "name": "hydro",
      "ip": "172.168.0.104"
    },
    "rule": {
      "id": 4625,
      "level": 6,
      "description": "Multiple failed logon attempts against hydro."
    }
  },
  {
    "TimeCreated": "2026-07-12T06:57:09.790Z",
    "EventID": 4663,
    "Source": "Microsoft-Windows-Security-Auditing",
    "Computer": "WS-PC03",
    "EventData": {
      "SubjectUserName": "admin",
      "ObjectName": "D:\\Shared\\doc_0228.txt"
    },
    "agent": {
      "id": "005",
      "name": "mercury",
      "ip": "172.168.0.106"
    },
    "rule": {
      "id": 4663,
      "level": 2,
      "description": "An object was accessed."
    }
  },
  {
    "TimeCreated": "2026-07-17T06:59:15.869Z",
    "EventID": 60642,
    "Source": "Microsoft-Windows-Security-SPP",
    "Computer": "WS-PC01",
    "EventData": {
      "SubjectUserName": "SYSTEM",
      "Image": "C:\\Windows\\System32\\svchost.exe",
      "CommandLine": "svchost.exe -k netsvcs -p"
    },
    "agent": {
      "id": "003",
      "name": "hydro",
      "ip": "172.168.0.104"
    },
    "rule": {
      "id": 60642,
      "level": 3,
      "description": "Software protection service scheduled successfully."
    }
  },
  {
    "TimeCreated": "2026-07-03T07:00:36.489Z",
    "EventID": 4688,
    "Source": "Microsoft-Windows-Security-Auditing",
    "Computer": "WS-PC02",
    "EventData": {
      "NewProcessName": "C:\\Windows\\explorer.exe",
      "CommandLine": "C:\\Windows\\explorer.exe",
      "SubjectUserName": "jdoe"
    },
    "agent": {
      "id": "005",
      "name": "mercury",
      "ip": "172.168.0.106"
    },
    "rule": {
      "id": 4688,
      "level": 1,
      "description": "Process created."
    }
  },
  {
    "TimeCreated": "2026-07-12T07:01:44.323Z",
    "EventID": 4769,
    "Source": "Microsoft-Windows-Security-Auditing",
    "Computer": "WS-PC01",
    "EventData": {
      "TargetUserName": "asmith",
      "IpAddress": "10.0.1.50",
      "TicketEncryptionType": "0x17"
    },
    "agent": {
      "id": "005",
      "name": "mercury",
      "ip": "172.168.0.106"
    },
    "rule": {
      "id": 4769,
      "level": 8,
      "description": "Multiple Kerberos TGS requests using RC4 encryption."
    }
  },
  {
    "TimeCreated": "2026-07-06T07:04:03.187Z",
    "EventID": 4634,
    "Source": "Microsoft-Windows-Security-Auditing",
    "Computer": "DC-01",
    "EventData": {
      "TargetUserName": "asmith",
      "LogonType": 10
    },
    "agent": {
      "id": "004",
      "name": "atlas",
      "ip": "172.168.0.105"
    },
    "rule": {
      "id": 4634,
      "level": 3,
      "description": "Logoff."
    }
  },
  {
    "TimeCreated": "2026-07-10T07:04:12.776Z",
    "EventID": 4769,
    "Source": "Microsoft-Windows-Security-Auditing",
    "Computer": "WS-PC04",
    "EventData": {
      "TargetUserName": "rjones",
      "IpAddress": "10.0.1.30",
      "TicketEncryptionType": "0x17"
    },
    "agent": {
      "id": "003",
      "name": "hydro",
      "ip": "172.168.0.104"
    },
    "rule": {
      "id": 4769,
      "level": 8,
      "description": "Multiple Kerberos TGS requests using RC4 encryption."
    }
  },
  {
    "TimeCreated": "2026-07-09T07:06:41.230Z",
    "EventID": 5001,
    "Source": "Microsoft-Windows-Windows Defender/Operational",
    "Computer": "WS-PC04",
    "EventData": {
      "SubjectUserName": "jdoe",
      "CommandLine": "Set-MpPreference -DisableRealtimeMonitoring $true"
    },
    "agent": {
      "id": "003",
      "name": "hydro",
      "ip": "172.168.0.104"
    },
    "rule": {
      "id": 5001,
      "level": 10,
      "description": "Windows Defender tamper attempt detected."
    }
  },
  {
    "TimeCreated": "2026-07-01T07:07:29.886Z",
    "EventID": 5156,
    "Source": "Microsoft-Windows-Security-Auditing",
    "Computer": "WS-PC03",
    "EventData": {
      "Application": "\\device\\harddiskvolume2\\inetpub\\wwwroot\\app.exe",
      "Direction": "Inbound",
      "SourceAddress": "10.0.1.20",
      "DestPort": "443"
    },
    "agent": {
      "id": "005",
      "name": "mercury",
      "ip": "172.168.0.106"
    },
    "rule": {
      "id": 5156,
      "level": 2,
      "description": "Windows Filtering Platform permitted a connection."
    }
  },
  {
    "TimeCreated": "2026-07-15T07:09:09.684Z",
    "EventID": 4698,
    "Source": "Microsoft-Windows-TaskScheduler/Operational",
    "Computer": "FILE-SVR01",
    "EventData": {
      "TaskName": "\\Updater",
      "SubjectUserName": "asmith"
    },
    "agent": {
      "id": "004",
      "name": "atlas",
      "ip": "172.168.0.105"
    },
    "rule": {
      "id": 4698,
      "level": 7,
      "description": "Scheduled task created for persistence."
    }
  },
  {
    "TimeCreated": "2026-07-01T07:10:56.584Z",
    "EventID": 4672,
    "Source": "Microsoft-Windows-Security-Auditing",
    "Computer": "DC-01",
    "EventData": {
      "SubjectUserName": "SYSTEM",
      "PrivilegeList": "SeBackupPrivilege"
    },
    "agent": {
      "id": "004",
      "name": "atlas",
      "ip": "172.168.0.105"
    },
    "rule": {
      "id": 4672,
      "level": 3,
      "description": "Special privileges assigned to new logon."
    }
  },
  {
    "TimeCreated": "2026-07-17T07:11:38.137Z",
    "EventID": 4625,
    "Source": "Microsoft-Windows-Security-Auditing",
    "Computer": "DB-SVR01",
    "EventData": {
      "TargetUserName": "asmith",
      "TargetDomainName": "CORP",
      "IpAddress": "10.0.1.20",
      "LogonType": 3,
      "Status": "0xC000006D"
    },
    "agent": {
      "id": "005",
      "name": "mercury",
      "ip": "172.168.0.106"
    },
    "rule": {
      "id": 4625,
      "level": 6,
      "description": "Multiple failed logon attempts against hydro."
    }
  },
  {
    "TimeCreated": "2026-07-06T07:14:06.591Z",
    "EventID": 61020,
    "Source": "Microsoft-Windows-DotNETRuntime",
    "Computer": "FILE-SVR01",
    "EventData": {
      "SubjectUserName": "SYSTEM",
      "Image": "C:\\Windows\\System32\\svchost.exe",
      "CommandLine": "svchost.exe -k netsvcs -p"
    },
    "agent": {
      "id": "005",
      "name": "mercury",
      "ip": "172.168.0.106"
    },
    "rule": {
      "id": 61020,
      "level": 5,
      "description": ".NET Runtime - CLR 2.0 does not support profilers written for CLR 1.x."
    }
  },
  {
    "TimeCreated": "2026-07-17T07:14:23.283Z",
    "EventID": 4663,
    "Source": "Microsoft-Windows-Security-Auditing",
    "Computer": "WS-PC01",
    "EventData": {
      "SubjectUserName": "svc_backup",
      "ObjectName": "D:\\Shared\\doc_0233.txt"
    },
    "agent": {
      "id": "003",
      "name": "hydro",
      "ip": "172.168.0.104"
    },
    "rule": {
      "id": 4663,
      "level": 2,
      "description": "An object was accessed."
    }
  },
  {
    "TimeCreated": "2026-07-10T07:16:35.044Z",
    "EventID": 7040,
    "Source": "Service Control Manager",
    "Computer": "WS-PC03",
    "EventData": {
      "NewProcessName": "C:\\Windows\\System32\\psexesvc.exe",
      "CommandLine": "psexec \\\\SRV-APP01 cmd.exe",
      "SubjectUserName": "helpdesk"
    },
    "agent": {
      "id": "003",
      "name": "hydro",
      "ip": "172.168.0.104"
    },
    "rule": {
      "id": 7040,
      "level": 12,
      "description": "PsExec remote service execution detected."
    }
  },
  {
    "TimeCreated": "2026-07-11T07:17:49.981Z",
    "EventID": 4672,
    "Source": "Microsoft-Windows-Security-Auditing",
    "Computer": "WS-PC02",
    "EventData": {
      "SubjectUserName": "SYSTEM",
      "PrivilegeList": "SeBackupPrivilege"
    },
    "agent": {
      "id": "005",
      "name": "mercury",
      "ip": "172.168.0.106"
    },
    "rule": {
      "id": 4672,
      "level": 3,
      "description": "Special privileges assigned to new logon."
    }
  },
  {
    "TimeCreated": "2026-07-15T07:19:03.498Z",
    "EventID": 1003,
    "Source": "Microsoft-Windows-Sysmon",
    "Computer": "FILE-SVR01",
    "EventData": {
      "SubjectUserName": "rjones",
      "ObjectName": "\\REGISTRY\\MACHINE\\SAM"
    },
    "agent": {
      "id": "004",
      "name": "atlas",
      "ip": "172.168.0.105"
    },
    "rule": {
      "id": 1003,
      "level": 13,
      "description": "SAM hive access consistent with credential dumping."
    }
  },
  {
    "TimeCreated": "2026-07-11T07:21:16.680Z",
    "EventID": 1,
    "Source": "Microsoft-Windows-Sysmon",
    "Computer": "WS-PC04",
    "EventData": {
      "Image": "C:\\Windows\\System32\\svchost.exe",
      "CommandLine": "svchost.exe -k netsvcs -p"
    },
    "agent": {
      "id": "003",
      "name": "hydro",
      "ip": "172.168.0.104"
    },
    "rule": {
      "id": 1,
      "level": 2,
      "description": "Sysmon event."
    }
  },
  {
    "TimeCreated": "2026-07-10T07:21:31.952Z",
    "EventID": 1003,
    "Source": "Microsoft-Windows-Sysmon",
    "Computer": "WEB-SVR01",
    "EventData": {
      "SubjectUserName": "asmith",
      "ObjectName": "\\REGISTRY\\MACHINE\\SAM"
    },
    "agent": {
      "id": "004",
      "name": "atlas",
      "ip": "172.168.0.105"
    },
    "rule": {
      "id": 1003,
      "level": 13,
      "description": "SAM hive access consistent with credential dumping."
    }
  },
  {
    "TimeCreated": "2026-07-08T07:24:00.405Z",
    "EventID": 60642,
    "Source": "Microsoft-Windows-Security-SPP",
    "Computer": "WEB-SVR01",
    "EventData": {
      "SubjectUserName": "SYSTEM",
      "Image": "C:\\Windows\\System32\\svchost.exe",
      "CommandLine": "svchost.exe -k netsvcs -p"
    },
    "agent": {
      "id": "003",
      "name": "hydro",
      "ip": "172.168.0.104"
    },
    "rule": {
      "id": 60642,
      "level": 3,
      "description": "Software protection service scheduled successfully."
    }
  },
  {
    "TimeCreated": "2026-07-18T07:24:43.379Z",
    "EventID": 4634,
    "Source": "Microsoft-Windows-Security-Auditing",
    "Computer": "DC-01",
    "EventData": {
      "TargetUserName": "helpdesk",
      "LogonType": 2
    },
    "agent": {
      "id": "005",
      "name": "mercury",
      "ip": "172.168.0.106"
    },
    "rule": {
      "id": 4634,
      "level": 3,
      "description": "Logoff."
    }
  },
  {
    "TimeCreated": "2026-07-10T07:26:28.859Z",
    "EventID": 7045,
    "Source": "Service Control Manager",
    "Computer": "DC-01",
    "EventData": {
      "ServiceName": "UpdateSvc",
      "ImagePath": "C:\\Windows\\Temp\\payload.exe",
      "SubjectUserName": "jdoe"
    },
    "agent": {
      "id": "003",
      "name": "hydro",
      "ip": "172.168.0.104"
    },
    "rule": {
      "id": 7045,
      "level": 7,
      "description": "New service installed from a temporary path."
    }
  },
  {
    "TimeCreated": "2026-07-15T07:28:10.077Z",
    "EventID": 4688,
    "Source": "Microsoft-Windows-Security-Auditing",
    "Computer": "DC-01",
    "EventData": {
      "NewProcessName": "C:\\Windows\\System32\\taskhostw.exe",
      "CommandLine": "C:\\Windows\\System32\\taskhostw.exe",
      "SubjectUserName": "asmith"
    },
    "agent": {
      "id": "005",
      "name": "mercury",
      "ip": "172.168.0.106"
    },
    "rule": {
      "id": 4688,
      "level": 1,
      "description": "Process created."
    }
  },
  {
    "TimeCreated": "2026-07-09T07:28:57.312Z",
    "EventID": 7040,
    "Source": "Service Control Manager",
    "Computer": "WS-PC01",
    "EventData": {
      "NewProcessName": "C:\\Windows\\System32\\psexesvc.exe",
      "CommandLine": "psexec \\\\SRV-APP01 cmd.exe",
      "SubjectUserName": "helpdesk"
    },
    "agent": {
      "id": "004",
      "name": "atlas",
      "ip": "172.168.0.105"
    },
    "rule": {
      "id": 7040,
      "level": 12,
      "description": "PsExec remote service execution detected."
    }
  },
  {
    "TimeCreated": "2026-07-18T07:31:25.766Z",
    "EventID": 7045,
    "Source": "Service Control Manager",
    "Computer": "WS-PC02",
    "EventData": {
      "ServiceName": "UpdateSvc",
      "ImagePath": "C:\\Windows\\Temp\\payload.exe",
      "SubjectUserName": "helpdesk"
    },
    "agent": {
      "id": "003",
      "name": "hydro",
      "ip": "172.168.0.104"
    },
    "rule": {
      "id": 7045,
      "level": 7,
      "description": "New service installed from a temporary path."
    }
  },
  {
    "TimeCreated": "2026-07-19T07:31:36.776Z",
    "EventID": 4672,
    "Source": "Microsoft-Windows-Security-Auditing",
    "Computer": "WS-PC04",
    "EventData": {
      "SubjectUserName": "SYSTEM",
      "PrivilegeList": "SeBackupPrivilege"
    },
    "agent": {
      "id": "004",
      "name": "atlas",
      "ip": "172.168.0.105"
    },
    "rule": {
      "id": 4672,
      "level": 3,
      "description": "Special privileges assigned to new logon."
    }
  },
  {
    "TimeCreated": "2026-07-14T07:33:54.220Z",
    "EventID": 4698,
    "Source": "Microsoft-Windows-TaskScheduler/Operational",
    "Computer": "DB-SVR01",
    "EventData": {
      "TaskName": "\\Updater",
      "SubjectUserName": "svc_backup"
    },
    "agent": {
      "id": "005",
      "name": "mercury",
      "ip": "172.168.0.106"
    },
    "rule": {
      "id": 4698,
      "level": 7,
      "description": "Scheduled task created for persistence."
    }
  },
  {
    "TimeCreated": "2026-07-13T07:35:03.474Z",
    "EventID": 4663,
    "Source": "Microsoft-Windows-Security-Auditing",
    "Computer": "FILE-SVR01",
    "EventData": {
      "SubjectUserName": "svc_backup",
      "ObjectName": "D:\\Shared\\doc_0239.txt"
    },
    "agent": {
      "id": "004",
      "name": "atlas",
      "ip": "172.168.0.105"
    },
    "rule": {
      "id": 4663,
      "level": 2,
      "description": "An object was accessed."
    }
  },
  {
    "TimeCreated": "2026-07-14T07:36:22.673Z",
    "EventID": 4698,
    "Source": "Microsoft-Windows-TaskScheduler/Operational",
    "Computer": "WS-PC04",
    "EventData": {
      "TaskName": "\\Updater",
      "SubjectUserName": "mchen"
    },
    "agent": {
      "id": "003",
      "name": "hydro",
      "ip": "172.168.0.104"
    },
    "rule": {
      "id": 4698,
      "level": 7,
      "description": "Scheduled task created for persistence."
    }
  },
  {
    "TimeCreated": "2026-07-15T07:38:30.173Z",
    "EventID": 4672,
    "Source": "Microsoft-Windows-Security-Auditing",
    "Computer": "DB-SVR01",
    "EventData": {
      "SubjectUserName": "SYSTEM",
      "PrivilegeList": "SeBackupPrivilege"
    },
    "agent": {
      "id": "003",
      "name": "hydro",
      "ip": "172.168.0.104"
    },
    "rule": {
      "id": 4672,
      "level": 3,
      "description": "Special privileges assigned to new logon."
    }
  },
  {
    "TimeCreated": "2026-07-17T07:38:51.127Z",
    "EventID": 4625,
    "Source": "Microsoft-Windows-Security-Auditing",
    "Computer": "WS-PC01",
    "EventData": {
      "TargetUserName": "jdoe",
      "TargetDomainName": "CORP",
      "IpAddress": "10.0.1.20",
      "LogonType": 3,
      "Status": "0xC000006D"
    },
    "agent": {
      "id": "003",
      "name": "hydro",
      "ip": "172.168.0.104"
    },
    "rule": {
      "id": 4625,
      "level": 6,
      "description": "Multiple failed logon attempts against hydro."
    }
  },
  {
    "TimeCreated": "2026-07-19T07:41:19.580Z",
    "EventID": 7040,
    "Source": "Service Control Manager",
    "Computer": "WS-PC01",
    "EventData": {
      "NewProcessName": "C:\\Windows\\System32\\psexesvc.exe",
      "CommandLine": "psexec \\\\SRV-APP01 cmd.exe",
      "SubjectUserName": "asmith"
    },
    "agent": {
      "id": "005",
      "name": "mercury",
      "ip": "172.168.0.106"
    },
    "rule": {
      "id": 7040,
      "level": 12,
      "description": "PsExec remote service execution detected."
    }
  },
  {
    "TimeCreated": "2026-07-14T07:41:56.871Z",
    "EventID": 5156,
    "Source": "Microsoft-Windows-Security-Auditing",
    "Computer": "FILE-SVR01",
    "EventData": {
      "Application": "\\device\\harddiskvolume2\\inetpub\\wwwroot\\app.exe",
      "Direction": "Inbound",
      "SourceAddress": "10.0.1.50",
      "DestPort": "443"
    },
    "agent": {
      "id": "004",
      "name": "atlas",
      "ip": "172.168.0.105"
    },
    "rule": {
      "id": 5156,
      "level": 2,
      "description": "Windows Filtering Platform permitted a connection."
    }
  },
  {
    "TimeCreated": "2026-07-13T07:43:48.034Z",
    "EventID": 4698,
    "Source": "Microsoft-Windows-TaskScheduler/Operational",
    "Computer": "FILE-SVR01",
    "EventData": {
      "TaskName": "\\Updater",
      "SubjectUserName": "helpdesk"
    },
    "agent": {
      "id": "004",
      "name": "atlas",
      "ip": "172.168.0.105"
    },
    "rule": {
      "id": 4698,
      "level": 7,
      "description": "Scheduled task created for persistence."
    }
  },
  {
    "TimeCreated": "2026-07-05T07:45:23.570Z",
    "EventID": 1,
    "Source": "Microsoft-Windows-Sysmon",
    "Computer": "DC-01",
    "EventData": {
      "Image": "C:\\Windows\\System32\\svchost.exe",
      "CommandLine": "svchost.exe -k netsvcs -p"
    },
    "agent": {
      "id": "005",
      "name": "mercury",
      "ip": "172.168.0.106"
    },
    "rule": {
      "id": 1,
      "level": 2,
      "description": "Sysmon event."
    }
  },
