  {
    "TimeCreated": "2026-07-11T10:04:49.890Z",
    "EventID": 60642,
    "Source": "Microsoft-Windows-Security-SPP",
    "Computer": "WEB-SVR01",
    "EventData": {
      "SubjectUserName": "SYSTEM",
      "Image": "C:\\Windows\\System32\\svchost.exe",
      "CommandLine": "svchost.exe -k netsvcs -p"
    },
    "agent": {
      "id": "004",
      "name": "atlas",
      "ip": "172.168.0.105"
    },
    "rule": {
      "id": 60642,
      "level": 3,
      "description": "Software protection service scheduled successfully."
    }
  },
  {
    "TimeCreated": "2026-07-17T10:06:38.211Z",
    "EventID": 4624,
    "Source": "Microsoft-Windows-Security-Auditing",
    "Computer": "WS-PC04",
    "EventData": {
      "TargetUserName": "asmith",
      "TargetDomainName": "CORP",
      "IpAddress": "203.0.113.50",
      "LogonType": 3
    },
    "agent": {
      "id": "005",
      "name": "mercury",
      "ip": "172.168.0.106"
    },
    "rule": {
      "id": 4624,
      "level": 3,
      "description": "Successful logon."
    }
  },
  {
    "TimeCreated": "2026-07-17T10:07:18.343Z",
    "EventID": 7040,
    "Source": "Service Control Manager",
    "Computer": "FILE-SVR01",
    "EventData": {
      "NewProcessName": "C:\\Windows\\System32\\psexesvc.exe",
      "CommandLine": "psexec \\\\SRV-APP01 cmd.exe",
      "SubjectUserName": "asmith"
    },
    "agent": {
      "id": "005",
      "name": "mercury",
      "ip": "172.168.0.106"
    },
    "rule": {
      "id": 7040,
      "level": 12,
      "description": "PsExec remote service execution detected."
    }
  },
  {
    "TimeCreated": "2026-07-07T10:09:46.797Z",
    "EventID": 60642,
    "Source": "Microsoft-Windows-Security-SPP",
    "Computer": "WEB-SVR01",
    "EventData": {
      "SubjectUserName": "SYSTEM",
      "Image": "C:\\Windows\\System32\\svchost.exe",
      "CommandLine": "svchost.exe -k netsvcs -p"
    },
    "agent": {
      "id": "005",
      "name": "mercury",
      "ip": "172.168.0.106"
    },
    "rule": {
      "id": 60642,
      "level": 3,
      "description": "Software protection service scheduled successfully."
    }
  },
  {
    "TimeCreated": "2026-07-05T10:10:04.910Z",
    "EventID": 4624,
    "Source": "Microsoft-Windows-Security-Auditing",
    "Computer": "WEB-SVR01",
    "EventData": {
      "TargetUserName": "rjones",
      "TargetDomainName": "CORP",
      "IpAddress": "198.51.100.77",
      "LogonType": 10
    },
    "agent": {
      "id": "003",
      "name": "hydro",
      "ip": "172.168.0.104"
    },
    "rule": {
      "id": 4624,
      "level": 3,
      "description": "Successful logon."
    }
  },
  {
    "TimeCreated": "2026-07-06T10:12:15.251Z",
    "EventID": 7045,
    "Source": "Service Control Manager",
    "Computer": "WS-PC03",
    "EventData": {
      "ServiceName": "UpdateSvc",
      "ImagePath": "C:\\Windows\\Temp\\payload.exe",
      "SubjectUserName": "helpdesk"
    },
    "agent": {
      "id": "003",
      "name": "hydro",
      "ip": "172.168.0.104"
    },
    "rule": {
      "id": 7045,
      "level": 7,
      "description": "New service installed from a temporary path."
    }
  },
  {
    "TimeCreated": "2026-07-16T10:13:31.608Z",
    "EventID": 4663,
    "Source": "Microsoft-Windows-Security-Auditing",
    "Computer": "FILE-SVR01",
    "EventData": {
      "SubjectUserName": "helpdesk",
      "ObjectName": "D:\\Shared\\doc_0285.txt"
    },
    "agent": {
      "id": "003",
      "name": "hydro",
      "ip": "172.168.0.104"
    },
    "rule": {
      "id": 4663,
      "level": 2,
      "description": "An object was accessed."
    }
  },
  {
    "TimeCreated": "2026-07-02T10:14:43.704Z",
    "EventID": 4769,
    "Source": "Microsoft-Windows-Security-Auditing",
    "Computer": "WS-PC04",
    "EventData": {
      "TargetUserName": "svc_backup",
      "IpAddress": "10.0.1.20",
      "TicketEncryptionType": "0x17"
    },
    "agent": {
      "id": "003",
      "name": "hydro",
      "ip": "172.168.0.104"
    },
    "rule": {
      "id": 4769,
      "level": 8,
      "description": "Multiple Kerberos TGS requests using RC4 encryption."
    }
  },
  {
    "TimeCreated": "2026-07-18T10:16:58.307Z",
    "EventID": 4688,
    "Source": "Microsoft-Windows-Security-Auditing",
    "Computer": "DB-SVR01",
    "EventData": {
      "NewProcessName": "C:\\Program Files\\Google\\Chrome\\Application\\chrome.exe",
      "CommandLine": "C:\\Program Files\\Google\\Chrome\\Application\\chrome.exe",
      "SubjectUserName": "helpdesk"
    },
    "agent": {
      "id": "003",
      "name": "hydro",
      "ip": "172.168.0.104"
    },
    "rule": {
      "id": 4688,
      "level": 1,
      "description": "Process created."
    }
  },
  {
    "TimeCreated": "2026-07-07T10:17:12.158Z",
    "EventID": 7040,
    "Source": "Service Control Manager",
    "Computer": "WS-PC04",
    "EventData": {
      "NewProcessName": "C:\\Windows\\System32\\psexesvc.exe",
      "CommandLine": "psexec \\\\SRV-APP01 cmd.exe",
      "SubjectUserName": "svc_deploy"
    },
    "agent": {
      "id": "004",
      "name": "atlas",
      "ip": "172.168.0.105"
    },
    "rule": {
      "id": 7040,
      "level": 12,
      "description": "PsExec remote service execution detected."
    }
  },
  {
    "TimeCreated": "2026-07-19T10:19:40.612Z",
    "EventID": 4769,
    "Source": "Microsoft-Windows-Security-Auditing",
    "Computer": "WS-PC02",
    "EventData": {
      "TargetUserName": "mchen",
      "IpAddress": "10.0.1.20",
      "TicketEncryptionType": "0x17"
    },
    "agent": {
      "id": "003",
      "name": "hydro",
      "ip": "172.168.0.104"
    },
    "rule": {
      "id": 4769,
      "level": 8,
      "description": "Multiple Kerberos TGS requests using RC4 encryption."
    }
  },
  {
    "TimeCreated": "2026-07-07T10:20:25.006Z",
    "EventID": 4688,
    "Source": "Microsoft-Windows-Security-Auditing",
    "Computer": "WEB-SVR01",
    "EventData": {
      "NewProcessName": "C:\\Windows\\explorer.exe",
      "CommandLine": "C:\\Windows\\explorer.exe",
      "SubjectUserName": "admin"
    },
    "agent": {
      "id": "004",
      "name": "atlas",
      "ip": "172.168.0.105"
    },
    "rule": {
      "id": 4688,
      "level": 1,
      "description": "Process created."
    }
  },
  {
    "TimeCreated": "2026-07-16T10:22:09.065Z",
    "EventID": 1003,
    "Source": "Microsoft-Windows-Sysmon",
    "Computer": "WEB-SVR01",
    "EventData": {
      "SubjectUserName": "svc_backup",
      "ObjectName": "\\REGISTRY\\MACHINE\\SAM"
    },
    "agent": {
      "id": "003",
      "name": "hydro",
      "ip": "172.168.0.104"
    },
    "rule": {
      "id": 1003,
      "level": 13,
      "description": "SAM hive access consistent with credential dumping."
    }
  },
  {
    "TimeCreated": "2026-07-08T10:23:51.704Z",
    "EventID": 4634,
    "Source": "Microsoft-Windows-Security-Auditing",
    "Computer": "DB-SVR01",
    "EventData": {
      "TargetUserName": "svc_deploy",
      "LogonType": 3
    },
    "agent": {
      "id": "005",
      "name": "mercury",
      "ip": "172.168.0.106"
    },
    "rule": {
      "id": 4634,
      "level": 3,
      "description": "Logoff."
    }
  },
  {
    "TimeCreated": "2026-07-04T10:24:37.519Z",
    "EventID": 4769,
    "Source": "Microsoft-Windows-Security-Auditing",
    "Computer": "WS-PC04",
    "EventData": {
      "TargetUserName": "svc_backup",
      "IpAddress": "10.0.1.10",
      "TicketEncryptionType": "0x17"
    },
    "agent": {
      "id": "005",
      "name": "mercury",
      "ip": "172.168.0.106"
    },
    "rule": {
      "id": 4769,
      "level": 8,
      "description": "Multiple Kerberos TGS requests using RC4 encryption."
    }
  },
  {
    "TimeCreated": "2026-07-10T10:27:05.972Z",
    "EventID": 60642,
    "Source": "Microsoft-Windows-Security-SPP",
    "Computer": "WS-PC04",
    "EventData": {
      "SubjectUserName": "SYSTEM",
      "Image": "C:\\Windows\\System32\\svchost.exe",
      "CommandLine": "svchost.exe -k netsvcs -p"
    },
    "agent": {
      "id": "004",
      "name": "atlas",
      "ip": "172.168.0.105"
    },
    "rule": {
      "id": 60642,
      "level": 3,
      "description": "Software protection service scheduled successfully."
    }
  },
  {
    "TimeCreated": "2026-07-10T10:27:18.403Z",
    "EventID": 4624,
    "Source": "Microsoft-Windows-Security-Auditing",
    "Computer": "WEB-SVR01",
    "EventData": {
      "TargetUserName": "svc_deploy",
      "TargetDomainName": "CORP",
      "IpAddress": "203.0.113.50",
      "LogonType": 2
    },
    "agent": {
      "id": "005",
      "name": "mercury",
      "ip": "172.168.0.106"
    },
    "rule": {
      "id": 4624,
      "level": 3,
      "description": "Successful logon."
    }
  },
  {
    "TimeCreated": "2026-07-10T10:29:34.426Z",
    "EventID": 60642,
    "Source": "Microsoft-Windows-Security-SPP",
    "Computer": "WS-PC04",
    "EventData": {
      "SubjectUserName": "SYSTEM",
      "Image": "C:\\Windows\\System32\\svchost.exe",
      "CommandLine": "svchost.exe -k netsvcs -p"
    },
    "agent": {
      "id": "003",
      "name": "hydro",
      "ip": "172.168.0.104"
    },
    "rule": {
      "id": 60642,
      "level": 3,
      "description": "Software protection service scheduled successfully."
    }
  },
  {
    "TimeCreated": "2026-07-15T10:30:45.101Z",
    "EventID": 4624,
    "Source": "Microsoft-Windows-Security-Auditing",
    "Computer": "WEB-SVR01",
    "EventData": {
      "TargetUserName": "jdoe",
      "TargetDomainName": "CORP",
      "IpAddress": "10.0.1.10",
      "LogonType": 3
    },
    "agent": {
      "id": "005",
      "name": "mercury",
      "ip": "172.168.0.106"
    },
    "rule": {
      "id": 4624,
      "level": 3,
      "description": "Successful logon."
    }
  },
  {
    "TimeCreated": "2026-07-02T10:32:02.880Z",
    "EventID": 7040,
    "Source": "Service Control Manager",
    "Computer": "DB-SVR01",
    "EventData": {
      "NewProcessName": "C:\\Windows\\System32\\psexesvc.exe",
      "CommandLine": "psexec \\\\SRV-APP01 cmd.exe",
      "SubjectUserName": "svc_backup"
    },
    "agent": {
      "id": "003",
      "name": "hydro",
      "ip": "172.168.0.104"
    },
    "rule": {
      "id": 7040,
      "level": 12,
      "description": "PsExec remote service execution detected."
    }
  },
  {
    "TimeCreated": "2026-07-07T10:34:11.800Z",
    "EventID": 4634,
    "Source": "Microsoft-Windows-Security-Auditing",
    "Computer": "WS-PC04",
    "EventData": {
      "TargetUserName": "svc_backup",
      "LogonType": 2
    },
    "agent": {
      "id": "004",
      "name": "atlas",
      "ip": "172.168.0.105"
    },
    "rule": {
      "id": 4634,
      "level": 3,
      "description": "Logoff."
    }
  },
  {
    "TimeCreated": "2026-07-03T10:34:31.333Z",
    "EventID": 7045,
    "Source": "Service Control Manager",
    "Computer": "FILE-SVR01",
    "EventData": {
      "ServiceName": "UpdateSvc",
      "ImagePath": "C:\\Windows\\Temp\\payload.exe",
      "SubjectUserName": "jdoe"
    },
    "agent": {
      "id": "005",
      "name": "mercury",
      "ip": "172.168.0.106"
    },
    "rule": {
      "id": 7045,
      "level": 7,
      "description": "New service installed from a temporary path."
    }
  },
  {
    "TimeCreated": "2026-07-11T10:36:59.787Z",
    "EventID": 60642,
    "Source": "Microsoft-Windows-Security-SPP",
    "Computer": "WS-PC03",
    "EventData": {
      "SubjectUserName": "SYSTEM",
      "Image": "C:\\Windows\\System32\\svchost.exe",
      "CommandLine": "svchost.exe -k netsvcs -p"
    },
    "agent": {
      "id": "005",
      "name": "mercury",
      "ip": "172.168.0.106"
    },
    "rule": {
      "id": 60642,
      "level": 3,
      "description": "Software protection service scheduled successfully."
    }
  },
  {
    "TimeCreated": "2026-07-12T10:37:38.498Z",
    "EventID": 4672,
    "Source": "Microsoft-Windows-Security-Auditing",
    "Computer": "WS-PC01",
    "EventData": {
      "SubjectUserName": "SYSTEM",
      "PrivilegeList": "SeBackupPrivilege"
    },
    "agent": {
      "id": "003",
      "name": "hydro",
      "ip": "172.168.0.104"
    },
    "rule": {
      "id": 4672,
      "level": 3,
      "description": "Special privileges assigned to new logon."
    }
  },
  {
    "TimeCreated": "2026-07-05T10:39:28.240Z",
    "EventID": 4104,
    "Source": "Microsoft-Windows-PowerShell/Operational",
    "Computer": "FILE-SVR01",
    "EventData": {
      "Image": "C:\\Windows\\System32\\WindowsPowerShell\\v1.0\\powershell.exe",
      "CommandLine": "powershell.exe -enc SQBFAFgAIAAoAE4AZQB3AC0ATwBiAGoAZQBjAHQA",
      "SubjectUserName": "admin"
    },
    "agent": {
      "id": "005",
      "name": "mercury",
      "ip": "172.168.0.106"
    },
    "rule": {
      "id": 4104,
      "level": 12,
      "description": "Suspicious PowerShell encoded command detected."
    }
  },
  {
    "TimeCreated": "2026-07-04T10:41:05.197Z",
    "EventID": 4672,
    "Source": "Microsoft-Windows-Security-Auditing",
    "Computer": "WS-PC02",
    "EventData": {
      "SubjectUserName": "SYSTEM",
      "PrivilegeList": "SeBackupPrivilege"
    },
    "agent": {
      "id": "003",
      "name": "hydro",
      "ip": "172.168.0.104"
    },
    "rule": {
      "id": 4672,
      "level": 3,
      "description": "Special privileges assigned to new logon."
    }
  },
  {
    "TimeCreated": "2026-07-03T10:41:56.694Z",
    "EventID": 60642,
    "Source": "Microsoft-Windows-Security-SPP",
    "Computer": "WEB-SVR01",
    "EventData": {
      "SubjectUserName": "SYSTEM",
      "Image": "C:\\Windows\\System32\\svchost.exe",
      "CommandLine": "svchost.exe -k netsvcs -p"
    },
    "agent": {
      "id": "004",
      "name": "atlas",
      "ip": "172.168.0.105"
    },
    "rule": {
      "id": 60642,
      "level": 3,
      "description": "Software protection service scheduled successfully."
    }
  },
  {
    "TimeCreated": "2026-07-19T10:44:25.148Z",
    "EventID": 4625,
    "Source": "Microsoft-Windows-Security-Auditing",
    "Computer": "DC-01",
    "EventData": {
      "TargetUserName": "mchen",
      "TargetDomainName": "CORP",
      "IpAddress": "203.0.113.50",
      "LogonType": 3,
      "Status": "0xC000006D"
    },
    "agent": {
      "id": "004",
      "name": "atlas",
      "ip": "172.168.0.105"
    },
    "rule": {
      "id": 4625,
      "level": 6,
      "description": "Multiple failed logon attempts against hydro."
    }
  },
  {
    "TimeCreated": "2026-07-08T10:44:31.895Z",
    "EventID": 4634,
    "Source": "Microsoft-Windows-Security-Auditing",
    "Computer": "WS-PC04",
    "EventData": {
      "TargetUserName": "svc_backup",
      "LogonType": 2
    },
    "agent": {
      "id": "005",
      "name": "mercury",
      "ip": "172.168.0.106"
    },
    "rule": {
      "id": 4634,
      "level": 3,
      "description": "Logoff."
    }
  },
  {
    "TimeCreated": "2026-07-17T10:46:53.601Z",
    "EventID": 4769,
    "Source": "Microsoft-Windows-Security-Auditing",
    "Computer": "WS-PC02",
    "EventData": {
      "TargetUserName": "admin",
      "IpAddress": "198.51.100.77",
      "TicketEncryptionType": "0x17"
    },
    "agent": {
      "id": "004",
      "name": "atlas",
      "ip": "172.168.0.105"
    },
    "rule": {
      "id": 4769,
      "level": 8,
      "description": "Multiple Kerberos TGS requests using RC4 encryption."
    }
  },
  {
    "TimeCreated": "2026-07-17T10:47:58.594Z",
    "EventID": 4672,
    "Source": "Microsoft-Windows-Security-Auditing",
    "Computer": "WS-PC04",
    "EventData": {
      "SubjectUserName": "SYSTEM",
      "PrivilegeList": "SeBackupPrivilege"
    },
    "agent": {
      "id": "004",
      "name": "atlas",
      "ip": "172.168.0.105"
    },
    "rule": {
      "id": 4672,
      "level": 3,
      "description": "Special privileges assigned to new logon."
    }
  },
  {
    "TimeCreated": "2026-07-16T10:49:22.055Z",
    "EventID": 4769,
    "Source": "Microsoft-Windows-Security-Auditing",
    "Computer": "WS-PC02",
    "EventData": {
      "TargetUserName": "svc_deploy",
      "IpAddress": "10.0.1.40",
      "TicketEncryptionType": "0x17"
    },
    "agent": {
      "id": "005",
      "name": "mercury",
      "ip": "172.168.0.106"
    },
    "rule": {
      "id": 4769,
      "level": 8,
      "description": "Multiple Kerberos TGS requests using RC4 encryption."
    }
  },
  {
    "TimeCreated": "2026-07-05T10:51:25.293Z",
    "EventID": 4663,
    "Source": "Microsoft-Windows-Security-Auditing",
    "Computer": "FILE-SVR01",
    "EventData": {
      "SubjectUserName": "svc_backup",
      "ObjectName": "D:\\Shared\\doc_0296.txt"
    },
    "agent": {
      "id": "005",
      "name": "mercury",
      "ip": "172.168.0.106"
    },
    "rule": {
      "id": 4663,
      "level": 2,
      "description": "An object was accessed."
    }
  },
  {
    "TimeCreated": "2026-07-09T10:51:50.508Z",
    "EventID": 60642,
    "Source": "Microsoft-Windows-Security-SPP",
    "Computer": "WS-PC02",
    "EventData": {
      "SubjectUserName": "SYSTEM",
      "Image": "C:\\Windows\\System32\\svchost.exe",
      "CommandLine": "svchost.exe -k netsvcs -p"
    },
    "agent": {
      "id": "004",
      "name": "atlas",
      "ip": "172.168.0.105"
    },
    "rule": {
      "id": 60642,
      "level": 3,
      "description": "Software protection service scheduled successfully."
    }
  },
  {
    "TimeCreated": "2026-07-14T10:54:18.962Z",
    "EventID": 7045,
    "Source": "Service Control Manager",
    "Computer": "WS-PC01",
    "EventData": {
      "ServiceName": "UpdateSvc",
      "ImagePath": "C:\\Windows\\Temp\\payload.exe",
      "SubjectUserName": "asmith"
    },
    "agent": {
      "id": "004",
      "name": "atlas",
      "ip": "172.168.0.105"
    },
    "rule": {
      "id": 7045,
      "level": 7,
      "description": "New service installed from a temporary path."
    }
  },
  {
    "TimeCreated": "2026-07-05T10:54:51.991Z",
    "EventID": 4672,
    "Source": "Microsoft-Windows-Security-Auditing",
    "Computer": "WS-PC02",
    "EventData": {
      "SubjectUserName": "SYSTEM",
      "PrivilegeList": "SeBackupPrivilege"
    },
    "agent": {
      "id": "005",
      "name": "mercury",
      "ip": "172.168.0.106"
    },
    "rule": {
      "id": 4672,
      "level": 3,
      "description": "Special privileges assigned to new logon."
    }
  },
  {
    "TimeCreated": "2026-07-14T10:56:47.416Z",
    "EventID": 4625,
    "Source": "Microsoft-Windows-Security-Auditing",
    "Computer": "DC-01",
    "EventData": {
      "TargetUserName": "asmith",
      "TargetDomainName": "CORP",
      "IpAddress": "10.0.1.30",
      "LogonType": 3,
      "Status": "0xC000006D"
    },
    "agent": {
      "id": "004",
      "name": "atlas",
      "ip": "172.168.0.105"
    },
    "rule": {
      "id": 4625,
      "level": 6,
      "description": "Multiple failed logon attempts against hydro."
    }
  },
  {
    "TimeCreated": "2026-07-07T10:58:18.690Z",
    "EventID": 1,
    "Source": "Microsoft-Windows-Sysmon",
    "Computer": "DB-SVR01",
    "EventData": {
      "Image": "C:\\Windows\\System32\\svchost.exe",
      "CommandLine": "svchost.exe -k netsvcs -p"
    },
    "agent": {
      "id": "003",
      "name": "hydro",
      "ip": "172.168.0.104"
    },
    "rule": {
      "id": 1,
      "level": 2,
      "description": "Sysmon event."
    }
  },
  {
    "TimeCreated": "2026-07-15T10:59:15.869Z",
    "EventID": 5001,
    "Source": "Microsoft-Windows-Windows Defender/Operational",
    "Computer": "DB-SVR01",
    "EventData": {
      "SubjectUserName": "admin",
      "CommandLine": "Set-MpPreference -DisableRealtimeMonitoring $true"
    },
    "agent": {
      "id": "003",
      "name": "hydro",
      "ip": "172.168.0.104"
    },
    "rule": {
      "id": 5001,
      "level": 10,
      "description": "Windows Defender tamper attempt detected."
    }
  },
  {
    "TimeCreated": "2026-07-05T11:01:44.323Z",
    "EventID": 1003,
    "Source": "Microsoft-Windows-Sysmon",
    "Computer": "WS-PC04",
    "EventData": {
      "SubjectUserName": "rjones",
      "ObjectName": "\\REGISTRY\\MACHINE\\SAM"
    },
    "agent": {
      "id": "004",
      "name": "atlas",
      "ip": "172.168.0.105"
    },
    "rule": {
      "id": 1003,
      "level": 13,
      "description": "SAM hive access consistent with credential dumping."
    }
  },
  {
    "TimeCreated": "2026-07-10T11:01:45.388Z",
    "EventID": 4634,
    "Source": "Microsoft-Windows-Security-Auditing",
    "Computer": "WS-PC03",
    "EventData": {
      "TargetUserName": "jdoe",
      "LogonType": 3
    },
    "agent": {
      "id": "004",
      "name": "atlas",
      "ip": "172.168.0.105"
    },
    "rule": {
      "id": 4634,
      "level": 3,
      "description": "Logoff."
    }
  },
  {
    "TimeCreated": "2026-07-04T11:04:12.776Z",
    "EventID": 5001,
    "Source": "Microsoft-Windows-Windows Defender/Operational",
    "Computer": "WS-PC02",
    "EventData": {
      "SubjectUserName": "mchen",
      "CommandLine": "Set-MpPreference -DisableRealtimeMonitoring $true"
    },
    "agent": {
      "id": "005",
      "name": "mercury",
      "ip": "172.168.0.106"
    },
    "rule": {
      "id": 5001,
      "level": 10,
      "description": "Windows Defender tamper attempt detected."
    }
  },
  {
    "TimeCreated": "2026-07-10T11:05:12.087Z",
    "EventID": 4624,
    "Source": "Microsoft-Windows-Security-Auditing",
    "Computer": "DC-01",
    "EventData": {
      "TargetUserName": "svc_backup",
      "TargetDomainName": "CORP",
      "IpAddress": "198.51.100.77",
      "LogonType": 3
    },
    "agent": {
      "id": "004",
      "name": "atlas",
      "ip": "172.168.0.105"
    },
    "rule": {
      "id": 4624,
      "level": 3,
      "description": "Successful logon."
    }
  },
  {
    "TimeCreated": "2026-07-09T11:06:41.230Z",
    "EventID": 7040,
    "Source": "Service Control Manager",
    "Computer": "WEB-SVR01",
    "EventData": {
      "NewProcessName": "C:\\Windows\\System32\\psexesvc.exe",
      "CommandLine": "psexec \\\\SRV-APP01 cmd.exe",
      "SubjectUserName": "svc_backup"
    },
    "agent": {
      "id": "003",
      "name": "hydro",
      "ip": "172.168.0.104"
    },
    "rule": {
      "id": 7040,
      "level": 12,
      "description": "PsExec remote service execution detected."
    }
  },
  {
    "TimeCreated": "2026-07-16T11:08:38.785Z",
    "EventID": 4634,
    "Source": "Microsoft-Windows-Security-Auditing",
    "Computer": "DB-SVR01",
    "EventData": {
      "TargetUserName": "svc_deploy",
      "LogonType": 10
    },
    "agent": {
      "id": "003",
      "name": "hydro",
      "ip": "172.168.0.104"
    },
    "rule": {
      "id": 4634,
      "level": 3,
      "description": "Logoff."
    }
  },
  {
    "TimeCreated": "2026-07-19T11:09:09.684Z",
    "EventID": 61020,
    "Source": "Microsoft-Windows-DotNETRuntime",
    "Computer": "WS-PC04",
    "EventData": {
      "SubjectUserName": "SYSTEM",
      "Image": "C:\\Windows\\System32\\svchost.exe",
      "CommandLine": "svchost.exe -k netsvcs -p"
    },
    "agent": {
      "id": "005",
      "name": "mercury",
      "ip": "172.168.0.106"
    },
    "rule": {
      "id": 61020,
      "level": 5,
      "description": ".NET Runtime - CLR 2.0 does not support profilers written for CLR 1.x."
    }
  },
  {
    "TimeCreated": "2026-07-12T11:11:38.137Z",
    "EventID": 7045,
    "Source": "Service Control Manager",
    "Computer": "WS-PC01",
    "EventData": {
      "ServiceName": "UpdateSvc",
      "ImagePath": "C:\\Windows\\Temp\\payload.exe",
      "SubjectUserName": "helpdesk"
    },
    "agent": {
      "id": "005",
      "name": "mercury",
      "ip": "172.168.0.106"
    },
    "rule": {
      "id": 7045,
      "level": 7,
      "description": "New service installed from a temporary path."
    }
  },
  {
    "TimeCreated": "2026-07-05T11:12:05.484Z",
    "EventID": 4663,
    "Source": "Microsoft-Windows-Security-Auditing",
    "Computer": "FILE-SVR01",
    "EventData": {
      "SubjectUserName": "helpdesk",
      "ObjectName": "D:\\Shared\\doc_0302.txt"
    },
    "agent": {
      "id": "004",
      "name": "atlas",
      "ip": "172.168.0.105"
    },
    "rule": {
      "id": 4663,
      "level": 2,
      "description": "An object was accessed."
    }
  },
  {
    "TimeCreated": "2026-07-03T11:14:06.591Z",
    "EventID": 61020,
    "Source": "Microsoft-Windows-DotNETRuntime",
    "Computer": "WS-PC04",
    "EventData": {
      "SubjectUserName": "SYSTEM",
      "Image": "C:\\Windows\\System32\\svchost.exe",
      "CommandLine": "svchost.exe -k netsvcs -p"
    },
    "agent": {
      "id": "003",
      "name": "hydro",
      "ip": "172.168.0.104"
    },
    "rule": {
      "id": 61020,
      "level": 5,
      "description": ".NET Runtime - CLR 2.0 does not support profilers written for CLR 1.x."
    }
  },
  {
    "TimeCreated": "2026-07-10T11:15:32.183Z",
    "EventID": 4688,
    "Source": "Microsoft-Windows-Security-Auditing",
    "Computer": "DB-SVR01",
    "EventData": {
      "NewProcessName": "C:\\Windows\\explorer.exe",
      "CommandLine": "C:\\Windows\\explorer.exe",
      "SubjectUserName": "svc_deploy"
    },
    "agent": {
      "id": "004",
      "name": "atlas",
      "ip": "172.168.0.105"
    },
    "rule": {
      "id": 4688,
      "level": 1,
      "description": "Process created."
    }
  },
  {
    "TimeCreated": "2026-07-07T11:16:35.045Z",
    "EventID": 4698,
    "Source": "Microsoft-Windows-TaskScheduler/Operational",
    "Computer": "WEB-SVR01",
    "EventData": {
      "TaskName": "\\Updater",
      "SubjectUserName": "svc_backup"
    },
    "agent": {
      "id": "004",
      "name": "atlas",
      "ip": "172.168.0.105"
    },
    "rule": {
      "id": 4698,
      "level": 7,
      "description": "Scheduled task created for persistence."
    }
  },
  {
    "TimeCreated": "2026-07-07T11:18:58.881Z",
    "EventID": 4624,
    "Source": "Microsoft-Windows-Security-Auditing",
    "Computer": "WS-PC03",
    "EventData": {
      "TargetUserName": "rjones",
      "TargetDomainName": "CORP",
      "IpAddress": "10.0.1.20",
      "LogonType": 10
    },
    "agent": {
      "id": "005",
      "name": "mercury",
      "ip": "172.168.0.106"
    },
    "rule": {
      "id": 4624,
      "level": 3,
      "description": "Successful logon."
    }
  },
  {
    "TimeCreated": "2026-07-06T11:19:03.498Z",
    "EventID": 60642,
    "Source": "Microsoft-Windows-Security-SPP",
    "Computer": "FILE-SVR01",
    "EventData": {
      "SubjectUserName": "SYSTEM",
      "Image": "C:\\Windows\\System32\\svchost.exe",
      "CommandLine": "svchost.exe -k netsvcs -p"
    },
    "agent": {
      "id": "003",
      "name": "hydro",
      "ip": "172.168.0.104"
    },
    "rule": {
      "id": 60642,
      "level": 3,
      "description": "Software protection service scheduled successfully."
    }
  },
  {
    "TimeCreated": "2026-07-14T11:21:31.952Z",
    "EventID": 7040,
    "Source": "Service Control Manager",
    "Computer": "FILE-SVR01",
    "EventData": {
      "NewProcessName": "C:\\Windows\\System32\\psexesvc.exe",
      "CommandLine": "psexec \\\\SRV-APP01 cmd.exe",
      "SubjectUserName": "jdoe"
    },
    "agent": {
      "id": "004",
      "name": "atlas",
      "ip": "172.168.0.105"
    },
    "rule": {
      "id": 7040,
      "level": 12,
      "description": "PsExec remote service execution detected."
    }
  },
  {
    "TimeCreated": "2026-07-15T11:22:25.580Z",
    "EventID": 4672,
    "Source": "Microsoft-Windows-Security-Auditing",
    "Computer": "WS-PC02",
    "EventData": {
      "SubjectUserName": "SYSTEM",
      "PrivilegeList": "SeBackupPrivilege"
    },
    "agent": {
      "id": "004",
      "name": "atlas",
      "ip": "172.168.0.105"
    },
    "rule": {
      "id": 4672,
      "level": 3,
      "description": "Special privileges assigned to new logon."
    }
  },
  {
    "TimeCreated": "2026-07-19T11:24:00.405Z",
    "EventID": 7045,
    "Source": "Service Control Manager",
    "Computer": "WEB-SVR01",
    "EventData": {
      "ServiceName": "UpdateSvc",
      "ImagePath": "C:\\Windows\\Temp\\payload.exe",
      "SubjectUserName": "svc_deploy"
    },
    "agent": {
      "id": "004",
      "name": "atlas",
      "ip": "172.168.0.105"
    },
    "rule": {
      "id": 7045,
      "level": 7,
      "description": "New service installed from a temporary path."
    }
  },
  {
    "TimeCreated": "2026-07-11T11:25:52.278Z",
    "EventID": 4634,
    "Source": "Microsoft-Windows-Security-Auditing",
    "Computer": "FILE-SVR01",
    "EventData": {
      "TargetUserName": "helpdesk",
      "LogonType": 3
    },
    "agent": {
      "id": "003",
      "name": "hydro",
      "ip": "172.168.0.104"
    },
    "rule": {
      "id": 4634,
      "level": 3,
      "description": "Logoff."
    }
  },
  {
    "TimeCreated": "2026-07-17T11:26:28.859Z",
    "EventID": 60642,
    "Source": "Microsoft-Windows-Security-SPP",
    "Computer": "WS-PC02",
    "EventData": {
      "SubjectUserName": "SYSTEM",
      "Image": "C:\\Windows\\System32\\svchost.exe",
      "CommandLine": "svchost.exe -k netsvcs -p"
    },
    "agent": {
      "id": "005",
      "name": "mercury",
      "ip": "172.168.0.106"
    },
    "rule": {
      "id": 60642,
      "level": 3,
      "description": "Software protection service scheduled successfully."
    }
  },
  {
    "TimeCreated": "2026-07-19T11:28:57.313Z",
    "EventID": 4769,
    "Source": "Microsoft-Windows-Security-Auditing",
    "Computer": "DC-01",
    "EventData": {
      "TargetUserName": "asmith",
      "IpAddress": "203.0.113.50",
      "TicketEncryptionType": "0x17"
    },
    "agent": {
      "id": "004",
      "name": "atlas",
      "ip": "172.168.0.105"
    },
    "rule": {
      "id": 4769,
      "level": 8,
      "description": "Multiple Kerberos TGS requests using RC4 encryption."
    }
  },
  {
    "TimeCreated": "2026-07-09T11:29:18.977Z",
    "EventID": 4688,
    "Source": "Microsoft-Windows-Security-Auditing",
    "Computer": "DC-01",
    "EventData": {
      "NewProcessName": "C:\\Program Files\\Google\\Chrome\\Application\\chrome.exe",
      "CommandLine": "C:\\Program Files\\Google\\Chrome\\Application\\chrome.exe",
      "SubjectUserName": "jdoe"
    },
    "agent": {
      "id": "003",
      "name": "hydro",
      "ip": "172.168.0.104"
    },
    "rule": {
      "id": 4688,
      "level": 1,
      "description": "Process created."
    }
  },
  {
    "TimeCreated": "2026-07-02T11:31:25.766Z",
    "EventID": 7040,
    "Source": "Service Control Manager",
    "Computer": "FILE-SVR01",
    "EventData": {
      "NewProcessName": "C:\\Windows\\System32\\psexesvc.exe",
      "CommandLine": "psexec \\\\SRV-APP01 cmd.exe",
      "SubjectUserName": "rjones"
    },
    "agent": {
      "id": "004",
      "name": "atlas",
      "ip": "172.168.0.105"
    },
    "rule": {
      "id": 7040,
      "level": 12,
      "description": "PsExec remote service execution detected."
    }
  },
  {
    "TimeCreated": "2026-07-05T11:32:45.675Z",
    "EventID": 4672,
    "Source": "Microsoft-Windows-Security-Auditing",
    "Computer": "DC-01",
    "EventData": {
      "SubjectUserName": "SYSTEM",
      "PrivilegeList": "SeBackupPrivilege"
    },
    "agent": {
      "id": "005",
      "name": "mercury",
      "ip": "172.168.0.106"
    },
    "rule": {
      "id": 4672,
      "level": 3,
      "description": "Special privileges assigned to new logon."
    }
  },
  {
    "TimeCreated": "2026-07-19T11:33:54.220Z",
    "EventID": 60642,
    "Source": "Microsoft-Windows-Security-SPP",
    "Computer": "WS-PC01",
    "EventData": {
      "SubjectUserName": "SYSTEM",
      "Image": "C:\\Windows\\System32\\svchost.exe",
      "CommandLine": "svchost.exe -k netsvcs -p"
    },
    "agent": {
      "id": "004",
      "name": "atlas",
      "ip": "172.168.0.105"
    },
    "rule": {
      "id": 60642,
      "level": 3,
      "description": "Software protection service scheduled successfully."
    }
  },
  {
    "TimeCreated": "2026-07-14T11:36:12.374Z",
    "EventID": 4624,
    "Source": "Microsoft-Windows-Security-Auditing",
    "Computer": "WEB-SVR01",
    "EventData": {
      "TargetUserName": "rjones",
      "TargetDomainName": "CORP",
      "IpAddress": "10.0.1.30",
      "LogonType": 3
    },
    "agent": {
      "id": "003",
      "name": "hydro",
      "ip": "172.168.0.104"
    },
    "rule": {
      "id": 4624,
      "level": 3,
      "description": "Successful logon."
    }
  },
  {
    "TimeCreated": "2026-07-03T11:36:22.673Z",
    "EventID": 4698,
    "Source": "Microsoft-Windows-TaskScheduler/Operational",
    "Computer": "DB-SVR01",
    "EventData": {
      "TaskName": "\\Updater",
      "SubjectUserName": "asmith"
    },
    "agent": {
      "id": "004",
      "name": "atlas",
      "ip": "172.168.0.105"
    },
    "rule": {
      "id": 4698,
      "level": 7,
      "description": "Scheduled task created for persistence."
    }
  },
  {
    "TimeCreated": "2026-07-12T11:38:51.127Z",
    "EventID": 4769,
    "Source": "Microsoft-Windows-Security-Auditing",
    "Computer": "DB-SVR01",
    "EventData": {
      "TargetUserName": "svc_backup",
      "IpAddress": "10.0.1.50",
      "TicketEncryptionType": "0x17"
    },
    "agent": {
      "id": "005",
      "name": "mercury",
      "ip": "172.168.0.106"
    },
    "rule": {
      "id": 4769,
      "level": 8,
      "description": "Multiple Kerberos TGS requests using RC4 encryption."
    }
  },
  {
    "TimeCreated": "2026-07-10T11:39:39.073Z",
    "EventID": 4672,
    "Source": "Microsoft-Windows-Security-Auditing",
    "Computer": "WS-PC01",
    "EventData": {
      "SubjectUserName": "SYSTEM",
      "PrivilegeList": "SeBackupPrivilege"
    },
    "agent": {
      "id": "004",
      "name": "atlas",
      "ip": "172.168.0.105"
    },
    "rule": {
      "id": 4672,
      "level": 3,
      "description": "Special privileges assigned to new logon."
    }
  },
  {
    "TimeCreated": "2026-07-11T11:41:19.581Z",
    "EventID": 60642,
    "Source": "Microsoft-Windows-Security-SPP",
    "Computer": "DC-01",
    "EventData": {
      "SubjectUserName": "SYSTEM",
      "Image": "C:\\Windows\\System32\\svchost.exe",
      "CommandLine": "svchost.exe -k netsvcs -p"
    },
    "agent": {
      "id": "004",
      "name": "atlas",
      "ip": "172.168.0.105"
    },
    "rule": {
      "id": 60642,
      "level": 3,
      "description": "Software protection service scheduled successfully."
    }
  },
  {
    "TimeCreated": "2026-07-10T11:43:05.771Z",
    "EventID": 5156,
    "Source": "Microsoft-Windows-Security-Auditing",
    "Computer": "DB-SVR01",
    "EventData": {
      "Application": "\\device\\harddiskvolume2\\inetpub\\wwwroot\\app.exe",
      "Direction": "Inbound",
      "SourceAddress": "10.0.1.40",
      "DestPort": "443"
    },
    "agent": {
      "id": "004",
      "name": "atlas",
      "ip": "172.168.0.105"
    },
    "rule": {
      "id": 5156,
      "level": 2,
      "description": "Windows Filtering Platform permitted a connection."
    }
  },
  {
    "TimeCreated": "2026-07-02T11:43:48.034Z",
    "EventID": 4625,
    "Source": "Microsoft-Windows-Security-Auditing",
    "Computer": "DC-01",
    "EventData": {
      "TargetUserName": "jdoe",
      "TargetDomainName": "CORP",
      "IpAddress": "198.51.100.77",
      "LogonType": 3,
      "Status": "0xC000006D"
    },
    "agent": {
      "id": "004",
      "name": "atlas",
      "ip": "172.168.0.105"
    },
    "rule": {
      "id": 4625,
      "level": 6,
      "description": "Multiple failed logon attempts against hydro."
    }
  },
  {
    "TimeCreated": "2026-07-14T11:46:16.488Z",
    "EventID": 4625,
    "Source": "Microsoft-Windows-Security-Auditing",
    "Computer": "DC-01",
    "EventData": {
      "TargetUserName": "helpdesk",
      "TargetDomainName": "CORP",
      "IpAddress": "203.0.113.50",
      "LogonType": 3,
      "Status": "0xC000006D"
    },
    "agent": {
      "id": "005",
      "name": "mercury",
      "ip": "172.168.0.106"
    },
    "rule": {
      "id": 4625,
      "level": 6,
      "description": "Multiple failed logon attempts against hydro."
    }
  },
  {
    "TimeCreated": "2026-07-01T11:46:32.470Z",
    "EventID": 4624,
    "Source": "Microsoft-Windows-Security-Auditing",
    "Computer": "DB-SVR01",
    "EventData": {
      "TargetUserName": "helpdesk",
      "TargetDomainName": "CORP",
      "IpAddress": "10.0.1.40",
      "LogonType": 10
    },
    "agent": {
      "id": "005",
      "name": "mercury",
      "ip": "172.168.0.106"
    },
    "rule": {
      "id": 4624,
      "level": 3,
      "description": "Successful logon."
    }
  },
  {
    "TimeCreated": "2026-07-08T11:48:44.941Z",
    "EventID": 7040,
    "Source": "Service Control Manager",
    "Computer": "FILE-SVR01",
    "EventData": {
      "NewProcessName": "C:\\Windows\\System32\\psexesvc.exe",
      "CommandLine": "psexec \\\\SRV-APP01 cmd.exe",
      "SubjectUserName": "svc_deploy"
    },
    "agent": {
      "id": "003",
      "name": "hydro",
      "ip": "172.168.0.104"
    },
    "rule": {
      "id": 7040,
      "level": 12,
      "description": "PsExec remote service execution detected."
    }
  },
  {
    "TimeCreated": "2026-07-04T11:49:59.168Z",
    "EventID": 4688,
    "Source": "Microsoft-Windows-Security-Auditing",
    "Computer": "WEB-SVR01",
    "EventData": {
      "NewProcessName": "C:\\Windows\\explorer.exe",
      "CommandLine": "C:\\Windows\\explorer.exe",
      "SubjectUserName": "jdoe"
    },
    "agent": {
      "id": "003",
      "name": "hydro",
      "ip": "172.168.0.104"
    },
    "rule": {
      "id": 4688,
      "level": 1,
      "description": "Process created."
    }
  },
  {
    "TimeCreated": "2026-07-06T11:51:13.395Z",
    "EventID": 4104,
    "Source": "Microsoft-Windows-PowerShell/Operational",
    "Computer": "DC-01",
    "EventData": {
      "Image": "C:\\Windows\\System32\\WindowsPowerShell\\v1.0\\powershell.exe",
      "CommandLine": "powershell.exe -enc SQBFAFgAIAAoAE4AZQB3AC0ATwBiAGoAZQBjAHQA",
      "SubjectUserName": "asmith"
    },
    "agent": {
      "id": "004",
      "name": "atlas",
      "ip": "172.168.0.105"
    },
    "rule": {
      "id": 4104,
      "level": 12,
      "description": "Suspicious PowerShell encoded command detected."
    }
  },
  {
    "TimeCreated": "2026-07-18T11:53:25.867Z",
    "EventID": 4688,
    "Source": "Microsoft-Windows-Security-Auditing",
    "Computer": "FILE-SVR01",
    "EventData": {
      "NewProcessName": "C:\\Windows\\System32\\notepad.exe",
      "CommandLine": "C:\\Windows\\System32\\notepad.exe",
      "SubjectUserName": "rjones"
    },
    "agent": {
      "id": "005",
      "name": "mercury",
      "ip": "172.168.0.106"
    },
    "rule": {
      "id": 4688,
      "level": 1,
      "description": "Process created."
    }
  },
  {
    "TimeCreated": "2026-07-07T11:53:41.849Z",
    "EventID": 1003,
    "Source": "Microsoft-Windows-Sysmon",
    "Computer": "WS-PC03",
    "EventData": {
      "SubjectUserName": "rjones",
      "ObjectName": "\\REGISTRY\\MACHINE\\SAM"
    },
    "agent": {
      "id": "004",
      "name": "atlas",
      "ip": "172.168.0.105"
    },
    "rule": {
      "id": 1003,
      "level": 13,
      "description": "SAM hive access consistent with credential dumping."
    }
  },
  {
    "TimeCreated": "2026-07-18T11:56:10.302Z",
    "EventID": 4769,
    "Source": "Microsoft-Windows-Security-Auditing",
    "Computer": "FILE-SVR01",
    "EventData": {
      "TargetUserName": "helpdesk",
      "IpAddress": "198.51.100.77",
      "TicketEncryptionType": "0x17"
    },
    "agent": {
      "id": "005",
      "name": "mercury",
      "ip": "172.168.0.106"
    },
    "rule": {
      "id": 4769,
      "level": 8,
      "description": "Multiple Kerberos TGS requests using RC4 encryption."
    }
  },
  {
    "TimeCreated": "2026-07-05T11:56:52.565Z",
    "EventID": 4624,
    "Source": "Microsoft-Windows-Security-Auditing",
    "Computer": "WS-PC03",
    "EventData": {
      "TargetUserName": "mchen",
      "TargetDomainName": "CORP",
      "IpAddress": "203.0.113.50",
      "LogonType": 3
    },
    "agent": {
      "id": "005",
      "name": "mercury",
      "ip": "172.168.0.106"
    },
    "rule": {
      "id": 4624,
      "level": 3,
      "description": "Successful logon."
    }
  },
  {
    "TimeCreated": "2026-07-12T11:58:38.756Z",
    "EventID": 4698,
    "Source": "Microsoft-Windows-TaskScheduler/Operational",
    "Computer": "WS-PC01",
    "EventData": {
      "TaskName": "\\Updater",
      "SubjectUserName": "asmith"
    },
    "agent": {
      "id": "004",
      "name": "atlas",
      "ip": "172.168.0.105"
    },
    "rule": {
      "id": 4698,
      "level": 7,
      "description": "Scheduled task created for persistence."
    }
  },
  {
    "TimeCreated": "2026-07-16T12:00:19.264Z",
    "EventID": 1,
    "Source": "Microsoft-Windows-Sysmon",
    "Computer": "WS-PC01",
    "EventData": {
      "Image": "C:\\Windows\\System32\\svchost.exe",
      "CommandLine": "svchost.exe -k netsvcs -p"
    },
    "agent": {
      "id": "005",
      "name": "mercury",
      "ip": "172.168.0.106"
    },
    "rule": {
      "id": 1,
      "level": 2,
      "description": "Sysmon event."
    }
  },
  {
    "TimeCreated": "2026-07-07T12:01:07.210Z",
    "EventID": 4698,
    "Source": "Microsoft-Windows-TaskScheduler/Operational",
    "Computer": "WEB-SVR01",
    "EventData": {
      "TaskName": "\\Updater",
      "SubjectUserName": "svc_backup"
    },
    "agent": {
      "id": "003",
      "name": "hydro",
      "ip": "172.168.0.104"
    },
    "rule": {
      "id": 4698,
      "level": 7,
      "description": "Scheduled task created for persistence."
    }
  },
  {
    "TimeCreated": "2026-07-14T12:03:35.663Z",
    "EventID": 7045,
    "Source": "Service Control Manager",
    "Computer": "WS-PC03",
    "EventData": {
      "ServiceName": "UpdateSvc",
      "ImagePath": "C:\\Windows\\Temp\\payload.exe",
      "SubjectUserName": "svc_backup"
    },
    "agent": {
      "id": "005",
      "name": "mercury",
      "ip": "172.168.0.106"
    },
    "rule": {
      "id": 7045,
      "level": 7,
      "description": "New service installed from a temporary path."
    }
  },
  {
    "TimeCreated": "2026-07-03T12:03:45.963Z",
    "EventID": 4634,
    "Source": "Microsoft-Windows-Security-Auditing",
    "Computer": "WS-PC03",
    "EventData": {
      "TargetUserName": "svc_deploy",
      "LogonType": 3
    },
    "agent": {
      "id": "005",
      "name": "mercury",
      "ip": "172.168.0.106"
    },
    "rule": {
      "id": 4634,
      "level": 3,
      "description": "Logoff."
    }
  },
  {
    "TimeCreated": "2026-07-18T12:06:04.117Z",
    "EventID": 1003,
    "Source": "Microsoft-Windows-Sysmon",
    "Computer": "DB-SVR01",
    "EventData": {
      "SubjectUserName": "jdoe",
      "ObjectName": "\\REGISTRY\\MACHINE\\SAM"
    },
    "agent": {
      "id": "004",
      "name": "atlas",
      "ip": "172.168.0.105"
    },
    "rule": {
      "id": 1003,
      "level": 13,
      "description": "SAM hive access consistent with credential dumping."
    }
  },
  {
    "TimeCreated": "2026-07-10T12:07:12.661Z",
    "EventID": 5156,
    "Source": "Microsoft-Windows-Security-Auditing",
    "Computer": "WS-PC02",
    "EventData": {
      "Application": "\\device\\harddiskvolume2\\inetpub\\wwwroot\\app.exe",
      "Direction": "Inbound",
      "SourceAddress": "10.0.1.30",
      "DestPort": "443"
    },
    "agent": {
      "id": "003",
      "name": "hydro",
      "ip": "172.168.0.104"
    },
    "rule": {
      "id": 5156,
      "level": 2,
      "description": "Windows Filtering Platform permitted a connection."
    }
  },
  {
    "TimeCreated": "2026-07-14T12:08:32.570Z",
    "EventID": 4698,
    "Source": "Microsoft-Windows-TaskScheduler/Operational",
    "Computer": "WS-PC02",
    "EventData": {
      "TaskName": "\\Updater",
      "SubjectUserName": "rjones"
    },
    "agent": {
      "id": "004",
      "name": "atlas",
      "ip": "172.168.0.105"
    },
    "rule": {
      "id": 4698,
      "level": 7,
      "description": "Scheduled task created for persistence."
    }
  },
  {
    "TimeCreated": "2026-07-17T12:10:39.360Z",
    "EventID": 4634,
    "Source": "Microsoft-Windows-Security-Auditing",
    "Computer": "WS-PC02",
    "EventData": {
      "TargetUserName": "rjones",
      "LogonType": 2
    },
    "agent": {
      "id": "003",
      "name": "hydro",
      "ip": "172.168.0.104"
    },
    "rule": {
      "id": 4634,
      "level": 3,
      "description": "Logoff."
    }
  },
  {
    "TimeCreated": "2026-07-01T12:11:01.024Z",
    "EventID": 4104,
    "Source": "Microsoft-Windows-PowerShell/Operational",
    "Computer": "WS-PC03",
    "EventData": {
      "Image": "C:\\Windows\\System32\\WindowsPowerShell\\v1.0\\powershell.exe",
      "CommandLine": "powershell.exe -enc SQBFAFgAIAAoAE4AZQB3AC0ATwBiAGoAZQBjAHQA",
      "SubjectUserName": "svc_deploy"
    },
    "agent": {
      "id": "003",
      "name": "hydro",
      "ip": "172.168.0.104"
    },
    "rule": {
      "id": 4104,
      "level": 12,
      "description": "Suspicious PowerShell encoded command detected."
    }
  },
  {
    "TimeCreated": "2026-07-13T12:13:29.478Z",
    "EventID": 4698,
    "Source": "Microsoft-Windows-TaskScheduler/Operational",
    "Computer": "DC-01",
    "EventData": {
      "TaskName": "\\Updater",
      "SubjectUserName": "rjones"
    },
    "agent": {
      "id": "005",
      "name": "mercury",
      "ip": "172.168.0.106"
    },
    "rule": {
      "id": 4698,
      "level": 7,
      "description": "Scheduled task created for persistence."
    }
  },
  {
    "TimeCreated": "2026-07-09T12:14:06.058Z",
    "EventID": 4634,
    "Source": "Microsoft-Windows-Security-Auditing",
    "Computer": "WS-PC04",
    "EventData": {
      "TargetUserName": "helpdesk",
      "LogonType": 10
    },
    "agent": {
      "id": "004",
      "name": "atlas",
      "ip": "172.168.0.105"
    },
    "rule": {
      "id": 4634,
      "level": 3,
      "description": "Logoff."
    }
  },
  {
    "TimeCreated": "2026-07-16T12:15:57.931Z",
    "EventID": 7040,
    "Source": "Service Control Manager",
    "Computer": "WEB-SVR01",
    "EventData": {
      "NewProcessName": "C:\\Windows\\System32\\psexesvc.exe",
      "CommandLine": "psexec \\\\SRV-APP01 cmd.exe",
      "SubjectUserName": "helpdesk"
    },
    "agent": {
      "id": "005",
      "name": "mercury",
      "ip": "172.168.0.106"
    },
    "rule": {
      "id": 7040,
      "level": 12,
      "description": "PsExec remote service execution detected."
    }
  },
  {
    "TimeCreated": "2026-07-16T12:17:32.757Z",
    "EventID": 1,
    "Source": "Microsoft-Windows-Sysmon",
    "Computer": "WS-PC03",
    "EventData": {
      "Image": "C:\\Windows\\System32\\svchost.exe",
      "CommandLine": "svchost.exe -k netsvcs -p"
    },
    "agent": {
      "id": "003",
      "name": "hydro",
      "ip": "172.168.0.104"
    },
    "rule": {
      "id": 1,
      "level": 2,
      "description": "Sysmon event."
    }
  },
  {
    "TimeCreated": "2026-07-12T12:18:26.385Z",
    "EventID": 5001,
    "Source": "Microsoft-Windows-Windows Defender/Operational",
    "Computer": "WS-PC02",
    "EventData": {
      "SubjectUserName": "mchen",
      "CommandLine": "Set-MpPreference -DisableRealtimeMonitoring $true"
    },
    "agent": {
      "id": "003",
      "name": "hydro",
      "ip": "172.168.0.104"
    },
    "rule": {
      "id": 5001,
      "level": 10,
      "description": "Windows Defender tamper attempt detected."
    }
  },
  {
    "TimeCreated": "2026-07-03T12:20:54.838Z",
    "EventID": 7045,
    "Source": "Service Control Manager",
    "Computer": "WS-PC03",
    "EventData": {
      "ServiceName": "UpdateSvc",
      "ImagePath": "C:\\Windows\\Temp\\payload.exe",
      "SubjectUserName": "helpdesk"
    },
    "agent": {
      "id": "004",
      "name": "atlas",
      "ip": "172.168.0.105"
    },
    "rule": {
      "id": 7045,
      "level": 7,
      "description": "New service installed from a temporary path."
    }
  },
  {
    "TimeCreated": "2026-07-14T12:20:59.455Z",
    "EventID": 4624,
    "Source": "Microsoft-Windows-Security-Auditing",
    "Computer": "WS-PC03",
    "EventData": {
      "TargetUserName": "asmith",
      "TargetDomainName": "CORP",
      "IpAddress": "10.0.1.10",
      "LogonType": 2
    },
    "agent": {
      "id": "005",
      "name": "mercury",
      "ip": "172.168.0.106"
    },
    "rule": {
      "id": 4624,
      "level": 3,
      "description": "Successful logon."
    }
  },
  {
    "TimeCreated": "2026-07-03T12:23:23.292Z",
    "EventID": 4769,
    "Source": "Microsoft-Windows-Security-Auditing",
    "Computer": "DB-SVR01",
    "EventData": {
      "TargetUserName": "jdoe",
      "IpAddress": "10.0.1.40",
      "TicketEncryptionType": "0x17"
    },
    "agent": {
      "id": "003",
      "name": "hydro",
      "ip": "172.168.0.104"
    },
    "rule": {
      "id": 4769,
      "level": 8,
      "description": "Multiple Kerberos TGS requests using RC4 encryption."
    }
  },
  {
    "TimeCreated": "2026-07-04T12:24:26.154Z",
    "EventID": 5156,
    "Source": "Microsoft-Windows-Security-Auditing",
    "Computer": "WS-PC03",
    "EventData": {
      "Application": "\\device\\harddiskvolume2\\inetpub\\wwwroot\\app.exe",
      "Direction": "Inbound",
      "SourceAddress": "10.0.1.50",
      "DestPort": "443"
    },
    "agent": {
      "id": "003",
      "name": "hydro",
      "ip": "172.168.0.104"
    },
    "rule": {
      "id": 5156,
      "level": 2,
      "description": "Windows Filtering Platform permitted a connection."
    }
  },
